"calorimetro_energia_interna"
"Time Step" "calorimetro_energia_interna etc.."
("Time Step" "calorimetro_energia_interna" "flow-time")
10 704.8500148335129 0.0015
20 704.8501902009871 0.003
30 704.8504946503958 0.0045
40 704.8509430751707 0.005999999999999999
50 704.8519082141763 0.007499999999999999
60 704.8535495044812 0.008999999999999999
70 704.8568872315799 0.0105
80 704.8629662636069 0.012
90 704.8732143021459 0.0135
100 704.8885458577016 0.015
110 704.9092743343845 0.0165
120 704.9386489621206 0.018
130 704.9831448121546 0.0195
140 705.0462581664152 0.021
150 705.1316046409466 0.0225
160 705.2428476019016 0.024
170 705.3892863052887 0.02549999999999999
180 705.624971348468 0.027
190 706.0025563892845 0.0285
200 706.5493032823275 0.03
210 707.2752200098626 0.03149999999999999
220 708.1696439171468 0.03299999999999999
230 709.2116142854339 0.0345
240 710.3788768463978 0.036
250 711.6516127615986 0.0375
260 713.0130349996379 0.03899999999999999
270 714.4471506300526 0.04049999999999999
280 715.9440104219539 0.042
290 717.517376985795 0.0435
300 719.2061877541718 0.045
310 721.1598731500605 0.0465
320 724.1349933660121 0.048
330 731.8275156196299 0.0495
340 756.4674009162053 0.051
350 815.5961831840107 0.0525
360 936.1529362880311 0.054
370 1142.948647334629 0.05549999999999999
380 1441.276736022801 0.057
390 1807.745265450866 0.0585
400 2202.320149480071 0.06
410 2589.574502505641 0.0615
420 2950.586211530631 0.063
430 3280.681938463743 0.0645
440 3582.418573644905 0.066
450 3860.78674915518 0.0675
460 4121.097877753204 0.06899999999999999
470 4367.963465312676 0.07049999999999999
480 4605.22796544096 0.07199999999999999
490 4836.319184857501 0.0735
500 5064.718101333791 0.075
510 5295.089686831319 0.0765
520 5534.872336704186 0.078
530 5798.276839322609 0.0795
540 6115.53153632188 0.081
550 6533.201153960872 0.08249999999999999
560 7070.754659989018 0.08399999999999999
570 7680.047161913955 0.08549999999999999
580 8289.150615360064 0.08699999999999999
590 8854.631728545754 0.0885
600 9365.496545134531 0.09
610 9829.246005221277 0.0915
620 10257.8860680046 0.093
630 10670.28519948361 0.0945
640 11115.57467636545 0.096
650 11734.15656461653 0.0975
660 12664.28659058392 0.09899999999999999
670 13661.99403423019 0.1005
680 14519.9348939936 0.102
690 15227.20088309018 0.1035
700 15807.33259849055 0.105
710 16287.10406136487 0.1065
720 16691.17852368695 0.108
730 17039.93909627371 0.1095
740 17350.51457345757 0.111
750 17637.93948288362 0.1125
760 17914.45232828489 0.114
770 18186.73178886313 0.1155
780 18457.50994604071 0.117
790 18722.42809199454 0.1185
800 18976.16479990728 0.12
810 19215.89999215213 0.1215
820 19441.38623318913 0.123
830 19653.98550105333 0.1245
840 19856.15025279485 0.126
850 20050.99221525776 0.1275
860 20242.08114462961 0.129
870 20435.16092073461 0.1305
880 20640.47873813732 0.132
890 20873.34053094524 0.1335
900 21146.5382106996 0.135
910 21458.38446804315 0.1365
920 21791.94596264126 0.138
930 22126.55345691616 0.1395
940 22447.57007057548 0.141
950 22748.16156110626 0.1425
960 23027.08951271685 0.144
970 23286.20749701196 0.1455
980 23529.43489074538 0.147
990 23763.0807904268 0.1485
1000 23997.34864017014 0.15
1010 24248.31802896522 0.1515
1020 24535.51938420571 0.153
1030 24871.89249289604 0.1545
1040 25256.26348583357 0.156
1050 25677.68353094987 0.1575
1060 26122.11122807561 0.159
1070 26574.14049063107 0.1605
1080 27017.6518596814 0.162
1090 27438.9060057688 0.1635
1100 27830.09165008792 0.165
