"current_in-rfile"
"Time Step" "flow-time etc.."
("Time Step" "flow-time" "current_in_a" "current_in_b" "current_in_c")
10 0.0015 29623155.07535413 1469202.837942798 -31092357.91329692
20 0.003 14938420.96293008 20023424.55873702 -34961845.5216671
30 0.0045 -4397303.111540983 32343470.20030627 -27946167.08876529
40 0.005999999999999999 -22363952.59087199 34593565.63678466 -12229613.04591269
50 0.007499999999999999 -33367716.28261175 26073156.8193421 7294559.463269634
60 0.008999999999999999 -33982636.74440279 9435023.180343015 24547613.56405977
70 0.0105 -24017262.08836857 -10140649.72149722 34157911.80986578
80 0.012 -6574253.406218073 -26559090.66553168 33133344.07174975
90 0.0135 12915610.60797523 -34708514.12819938 21792903.52022414
100 0.015 28384274.82866519 -32051644.79670825 3667369.968043054
110 0.0165 35015661.15795665 -19415683.39206489 -15599977.76589172
120 0.018 30745126.26249287 -734762.5645438891 -30010363.69794894
130 0.0195 16902276.19505961 18174922.28834907 -35077198.48340869
140 0.021 -2202998.670419337 31425951.42830817 -29222952.75788882
150 0.0225 -20622382.7896173 34892694.46443196 -14270311.67481468
160 0.024 -32621108.68891275 27495801.23635078 5125307.452561933
170 0.02549999999999999 -34463443.26415362 11538251.17137568 22925192.0927779
180 0.027 -25575786.42484571 -8011665.885453169 33587452.31029885
190 0.0285 -8725258.126191521 -25067197.64513556 33792455.77132707
200 0.03 10841828.23853194 -34318204.08627943 23476375.8477475
210 0.03149999999999999 27033374.81676916 -32884438.48111063 5851063.664341502
220 0.03299999999999999 34808238.31819035 -21212295.36183011 -13595942.95636019
230 0.0345 31745760.48238564 -2935828.194869437 -28809932.28751617
240 0.036 18799425.86496268 16254691.90302124 -35054117.7679839
250 0.0375 8.165826091963146e-08 30384408.78317408 -30384408.78317413
260 0.03899999999999999 -18799425.86496249 35054117.76798391 -16254691.90302144
270 0.04049999999999999 -31745760.48238555 28809932.2875163 2935828.194869212
280 0.042 -34808238.31819037 13595942.9563604 21212295.36182993
290 0.0435 -27033374.81676934 -5851063.664341218 32884438.48111055
300 0.045 -10841828.23853216 -23476375.84774733 34318204.08627946
310 0.0465 8725258.126191303 -33792455.77132701 25067197.64513567
320 0.048 25575786.42484564 -33587452.3102989 8011665.885453206
330 0.0495 34463443.26415358 -22925192.09277812 -11538251.17137553
340 0.051 32621108.68891281 -5125307.452562156 -27495801.23635072
350 0.0525 20622382.78961743 14270311.67481448 -34892694.46443194
360 0.054 2202998.670419469 29222952.75788873 -31425951.42830821
370 0.05549999999999999 -16902276.19505939 35077198.48340869 -18174922.28834927
380 0.057 -30745126.26249276 30010363.69794909 734762.5645437258
390 0.0585 -35015661.15795667 15599977.76589198 19415683.39206475
400 0.06 -28384274.8286653 -3667369.968042829 32051644.79670819
410 0.0615 -12915610.60797541 -21792903.52022396 34708514.1281994
420 0.063 6574253.406217914 -33133344.07174968 26559090.66553175
430 0.0645 24017262.08836846 -34157911.80986582 10140649.72149731
440 0.066 33982636.74440276 -24547613.56405989 -9435023.180342931
450 0.0675 33367716.28261179 -7294559.463269794 -26073156.81934206
460 0.06899999999999999 22363952.59087216 12229613.04591242 -34593565.63678463
470 0.07049999999999999 4397303.111541191 27946167.08876514 -32343470.20030634
480 0.07199999999999999 -14938420.96292991 34961845.52166709 -20023424.55873715
490 0.0735 -29623155.07535404 31092357.91329702 -1469202.837942929
500 0.075 -35084893.1802664 17542446.59013338 17542446.59013309
510 0.0765 -29623155.07535421 -1469202.837942603 31092357.91329687
520 0.078 -14938420.9629302 -20023424.55873688 34961845.52166712
530 0.0795 4397303.111540867 -32343470.20030621 27946167.08876541
540 0.081 22363952.59087192 -34593565.63678468 12229613.04591284
550 0.08249999999999999 33367716.28261168 -26073156.81934227 -7294559.463269475
560 0.08399999999999999 33982636.74440284 -9435023.180343248 -24547613.56405966
570 0.08549999999999999 24017262.08836879 10140649.72149688 -34157911.80986569
580 0.08699999999999999 6574253.406218357 26559090.66553146 -33133344.07174987
590 0.0885 -12915610.60797499 34708514.12819933 -21792903.52022441
600 0.09 -28384274.82866504 32051644.79670837 -3667369.968043402
610 0.0915 -35015661.15795664 19415683.39206503 15599977.76589146
620 0.093 -30745126.26249297 734762.5645440524 30010363.69794879
630 0.0945 -16902276.19505956 -18174922.2883492 35077198.48340869
640 0.096 2202998.670419392 -31425951.42830823 29222952.75788885
650 0.0975 20622382.78961737 -34892694.46443194 14270311.67481466
660 0.09899999999999999 32621108.68891269 -27495801.23635084 -5125307.452561709
670 0.1005 34463443.26415364 -11538251.17137572 -22925192.09277778
680 0.102 25575786.42484578 8011665.885453132 -33587452.3102988
690 0.1035 8725258.12619162 25067197.64513553 -33792455.77132712
700 0.105 -10841828.23853184 34318204.08627942 -23476375.84774762
710 0.1065 -27033374.81676913 32884438.48111062 -5851063.664341602
720 0.108 -34808238.31819034 21212295.36183009 13595942.9563601
730 0.1095 -31745760.48238566 2935828.194869414 28809932.28751611
740 0.111 -18799425.86496292 -16254691.90302104 35054117.76798388
750 0.1125 -3.696213626796812e-07 -30384408.78317397 30384408.78317434
760 0.114 18799425.8649623 -35054117.76798391 16254691.90302169
770 0.1155 31745760.48238545 -28809932.28751639 -2935828.194868925
780 0.117 34808238.3181904 -13595942.95636055 -21212295.3618297
790 0.1185 27033374.81676945 5851063.664341118 -32884438.48111045
800 0.12 10841828.23853231 23476375.84774726 -34318204.08627953
810 0.1215 -8725258.126191145 33792455.77132698 -25067197.64513587
820 0.123 -25575786.42484544 33587452.31029894 -8011665.885453609
830 0.1245 -34463443.26415355 22925192.09277815 11538251.17137526
840 0.126 -32621108.68891287 5125307.452562193 27495801.23635054
850 0.1275 -20622382.78961756 -14270311.67481444 34892694.46443191
860 0.129 -2202998.670419632 -29222952.75788871 31425951.42830834
870 0.1305 16902276.19505935 -35077198.48340869 18174922.28834941
880 0.132 30745126.26249274 -30010363.69794904 -734762.5645435626
890 0.1335 35015661.15795667 -15599977.7658919 -19415683.39206462
900 0.135 28384274.82866533 3667369.968042915 -32051644.79670813
910 0.1365 12915610.60797568 21792903.52022383 -34708514.12819946
920 0.138 -6574253.406217631 33133344.07174963 -26559090.66553203
930 0.1395 -24017262.08836826 34157911.80986586 -10140649.72149771
940 0.141 -33982636.74440268 24547613.56406001 9435023.180342535
950 0.1425 -33367716.28261188 7294559.463269954 26073156.81934178
960 0.144 -22363952.5908723 -12229613.04591238 34593565.63678458
970 0.1455 -4397303.111541353 -27946167.08876511 32343470.20030645
980 0.147 14938420.96292976 -34961845.52166708 20023424.55873739
990 0.1485 29623155.07535395 -31092357.91329704 1469202.837943217
1000 0.15 35084893.1802664 -17542446.59013341 -17542446.59013284
1010 0.1515 29623155.0753543 1469202.837942565 -31092357.91329674
1020 0.153 14938420.96293035 20023424.55873685 -34961845.52166714
1030 0.1545 -4397303.111540704 32343470.2003062 -27946167.08876551
1040 0.156 -22363952.59087179 34593565.63678469 -12229613.045913
1050 0.1575 -33367716.28261167 26073156.81934221 7294559.463269315
1060 0.159 -33982636.74440285 9435023.180343164 24547613.56405954
1070 0.1605 -24017262.08836873 -10140649.72149708 34157911.80986571
1080 0.162 -6574253.406218273 -26559090.6655316 33133344.07174984
1090 0.1635 12915610.60797507 -34708514.12819936 21792903.52022434
1100 0.165 28384274.82866509 -32051644.79670829 3667369.968043317
