"eletrodos_corrente"
"Time Step" "eletrodo_a_corrente etc.."
("Time Step" "eletrodo_a_corrente" "eletrodo_b_corrente" "eletrodo_c_corrente" "flow-time")
10 24579075.34727776 2474150.361679235 25032815.06408247 0.0015
20 9838753.961019251 17029544.1539823 25645983.4631975 0.003
30 2470016.708111698 25725288.34928385 21397039.93932395 0.0045
40 13905339.88457796 26325822.14637735 10041772.22529504 0.005999999999999999
50 26696906.81358489 20814987.55673606 4068699.107906037 0.007499999999999999
60 27267712.13361166 8563896.733564265 15934185.71352574 0.008999999999999999
70 19403575.48942062 8779283.914879208 27341997.30224007 0.0105
80 4224628.621598725 23091601.16728409 27972382.70913709 0.012
90 6876410.230638503 28081691.39276835 18536959.88019758 0.0135
100 18802354.35416127 24579417.79433092 3079342.134727664 0.015
110 27678275.01474245 15835936.56146395 8720138.974883005 0.0165
120 24548133.06426748 3151621.459759697 19415647.91186253 0.018
130 11422323.53802123 13376428.09432053 24817877.75881281 0.0195
140 1131705.600676641 24008630.15599211 22374923.45516988 0.021
150 11027911.97580031 24968182.69579543 12581707.61599004 0.0225
160 21268738.70323679 17210125.83135938 3623087.030246676 0.024
170 24612824.12017832 9168808.698721392 14257320.62252052 0.02549999999999999
180 17221685.09909924 7022457.341442513 22458082.48812899 0.027
190 5226783.538634562 21572856.47003583 26189522.0004622 0.0285
200 6145797.112946444 26638807.72482127 18962451.28869853 0.03
210 15722021.20539936 22261161.72022993 5530150.746601991 0.03149999999999999
220 25519936.85082529 16058139.14257848 9575081.542082312 0.03299999999999999
230 24659145.11901395 4734959.635859298 18708846.74482069 0.0345
240 14113297.09497638 14098638.36566701 27870049.03582129 0.036
250 59895.13562198431 25595128.398395 24295536.83801807 0.0375
260 10287383.31863283 26367247.37546895 12852952.21052914 0.03899999999999999
270 20720359.58352003 19690180.98332946 1611473.097517987 0.04049999999999999
280 26992912.70918905 11710492.68211866 13317185.35948761 0.042
290 20498361.12033644 5581926.646138664 24035258.5598057 0.0435
300 7147084.109121384 20365496.66758751 27262828.06124131 0.045
310 4737799.918599799 27464170.69757462 20128052.65918947 0.0465
320 15460043.5143736 25457907.13214159 6711931.178567956 0.048
330 28134442.72926914 20198088.80476503 6820299.368818688 0.0495
340 25879352.30004841 5929865.845846811 18435335.74903665 0.051
350 15642017.456352 12371625.51473542 27107233.12136133 0.0525
360 1155508.059079498 24929362.27070672 25168251.97743475 0.054
370 9385169.008348394 27949336.68748374 14835378.5215334 0.05549999999999999
380 22128301.02027366 23259625.34714589 307576.6785944873 0.057
390 27506752.35445334 13209193.60008194 10216691.14904509 0.0585
400 21520651.88069209 1460076.71096973 19480655.66682713 0.06
410 8283575.598893283 17335425.68119167 25776527.61687547 0.0615
420 3485030.583004664 26951374.83897395 22013527.03022978 0.063
430 12549345.92390854 25273364.90520444 9663081.990080036 0.0645
440 21982224.37975508 15830394.17618195 7008952.12488471 0.066
450 24752235.52332412 7193984.941026388 18442530.44463588 0.0675
460 15895603.40414209 11137553.42071851 26779896.41791017 0.06899999999999999
470 2690044.684072062 24304916.31355588 27242324.11631564 0.07049999999999999
480 9073265.950828625 28028769.17018125 17381859.93026602 0.07199999999999999
490 21699728.07993556 24289842.95810346 1692827.973124364 0.0735
500 28698151.80795822 16777717.54529885 11849212.19561453 0.075
510 23552588.84216224 1603234.904094684 23909862.56945691 0.0765
520 10712501.27658921 18073475.84911799 29237065.83305116 0.078
530 2432466.493524566 27047764.54319328 23355414.59181976 0.0795
540 12311265.10432748 26610311.59570197 10902295.60220665 0.081
550 22853376.35158291 18202063.87161912 4005070.213796695 0.08249999999999999
560 25745173.88531621 8643843.040380023 13567783.29137276 0.08399999999999999
570 17733341.88436325 7629805.280066733 24260895.58186108 0.08549999999999999
580 4023094.768109879 22164938.69841093 26786509.02910208 0.08699999999999999
590 6805738.477780862 25862553.33208904 16862244.52949147 0.0885
600 15449602.9328495 21390566.29494044 3849733.809553231 0.09
610 22262396.69086691 10153088.39681131 10740585.43328661 0.0915
620 18275265.7569717 364260.1422492915 18570278.70798594 0.093
630 10165882.47378206 16361163.81642734 27303188.07333003 0.0945
640 1078566.84515495 24113899.24742204 24315302.98705982 0.096
650 11257901.09018758 25782043.97100561 13166311.05829637 0.0975
660 17881738.37940021 15944455.42232022 3232108.629749124 0.09899999999999999
670 24174184.25200054 8807207.22811217 14408783.11949378 0.1005
680 18064345.57902118 7592103.756554842 23788033.80483321 0.102
690 5743674.745004939 21477336.89795604 26945849.52154296 0.1035
700 5912221.94643367 26923980.38994644 19182822.6364713 0.105
710 16691883.9457393 23576306.86643011 6073863.043617184 0.1065
720 27585433.98538569 18948922.00555797 9532159.349570116 0.108
730 24723429.52718024 5119127.648801502 18769530.30464302 0.1095
740 13959281.53834059 14672350.88088828 29036987.47074496 0.111
750 30843.07541587481 26045318.09165715 25848929.43424507 0.1125
760 10311220.18026795 26860090.4739763 14086898.56500849 0.114
770 21480962.09964272 20132381.49343294 1711184.138237576 0.1155
780 26959527.9047253 11761759.60570301 12451455.58367253 0.117
790 19864341.40117971 5405091.905201946 23309606.70412484 0.1185
800 7256165.183053774 20324322.07640903 27145699.04627924 0.12
810 4848047.305391457 26883482.82358714 20307076.82617474 0.1215
820 15970443.85728704 24613373.41129965 7487851.114877307 0.123
830 28187905.25171769 20129298.88354996 8230736.667015482 0.1245
840 25768914.25580055 7046042.980176007 18144601.16046519 0.126
850 15436154.22658769 12627367.47490119 28087960.46108282 0.1275
860 1217136.129965453 25128484.28011528 26531544.40683451 0.129
870 9154794.788232705 27550204.95730741 15837160.90084821 0.1305
880 17598730.63028342 20512673.53446965 335975.6482322564 0.132
890 25789886.32384325 12241399.19745674 11523663.34016317 0.1335
900 20719777.56338578 3141727.837743767 22571944.07170341 0.135
910 8983784.82518797 18975727.47130897 28531792.63718664 0.1365
920 3480679.607467477 26370811.63425341 22515599.8450711 0.138
930 13605960.56848034 24564178.0690962 8904725.597595155 0.1395
940 24940577.55226936 17399278.74780907 5850684.980366961 0.141
950 25676609.32312811 6813257.573705178 17226230.63637771 0.1425
960 17378612.47888063 10813473.77475171 27110085.05360533 0.144
970 2619289.65168678 23860997.62545071 25376348.71539403 0.1455
980 8487823.232693482 28190186.65549922 16451083.47163697 0.147
990 21822171.89102586 25507168.18694231 1210216.9891024 0.1485
1000 26933905.21937796 15976130.30027229 9937862.116444966 0.15
1010 20978939.28478076 1265474.550323962 20322398.50817674 0.1515
1020 10034377.70079728 17568717.80566681 28302463.61393427 0.153
1030 2465116.950679435 26653868.82896149 22563223.40965619 0.1545
1040 13152046.62031253 26670353.80002093 9974944.901927948 0.156
1050 23114230.59736607 19485150.57036011 3933887.600221859 0.1575
1060 24371901.72884867 8172251.273673385 14021133.27312588 0.159
1070 15642017.78585774 5358846.390541704 21672943.21543984 0.1605
1080 3873987.081972352 21847949.90779207 27179191.1824804 0.162
1090 6656771.775697452 25888870.1269768 18669099.45703949 0.1635
1100 15519850.11089067 21704593.40879982 4157300.321628332 0.165
