"fluido-temperatura"
"Time Step" "fluido-temperatura etc.."
("Time Step" "fluido-temperatura" "flow-time")
10 42938.87055427304 0.0015
20 22169.96751497557 0.003
30 11592.98796558571 0.0045
40 75221.58306180395 0.005999999999999999
50 26255.54346602634 0.007499999999999999
60 44958.79677707806 0.008999999999999999
70 28548.52278620048 0.0105
80 32505.94136148139 0.012
90 30904.11159921295 0.0135
100 53164.62021802407 0.015
110 18289.72068548101 0.0165
120 55563.42326737429 0.018
130 49799.43625983514 0.0195
140 28755.74097141593 0.021
150 58660.95419280144 0.0225
160 57455.41502577212 0.024
170 46942.64815272766 0.02549999999999999
180 49564.8898676939 0.027
190 26497.98355812819 0.0285
200 12325.8611180135 0.03
210 42235.62339351588 0.03149999999999999
220 43990.38392586182 0.03299999999999999
230 100000 0.0345
240 26378.78462628949 0.036
250 11876.87040811721 0.0375
260 63326.84550856154 0.03899999999999999
270 49098.92588122622 0.04049999999999999
280 44768.96767619538 0.042
290 31264.5988298931 0.0435
300 15580.1534641054 0.045
310 13798.80205732591 0.0465
320 49006.27981566884 0.048
330 33075.77648538366 0.0495
340 34787.24363645989 0.051
350 37582.08749626993 0.0525
360 12281.71832947556 0.054
370 48175.65189214033 0.05549999999999999
380 39904.13272401479 0.057
390 29925.11358862621 0.0585
400 51851.57792160996 0.06
410 33861.15347625878 0.0615
420 32126.36442228494 0.063
430 65492.47410802863 0.0645
440 57562.40433599716 0.066
450 38385.9780390371 0.0675
460 33086.13964677463 0.06899999999999999
470 28983.60530222999 0.07049999999999999
480 50067.17152499863 0.07199999999999999
490 36643.53109395218 0.0735
500 40813.36291881742 0.075
510 35159.58543025451 0.0765
520 34411.73772896473 0.078
530 23820.63255045476 0.0795
540 55917.53116399302 0.081
550 49116.88179812346 0.08249999999999999
560 57497.09756209636 0.08399999999999999
570 40480.66561072482 0.08549999999999999
580 17468.5172344624 0.08699999999999999
590 49749.10343808134 0.0885
600 75797.47380570199 0.09
610 70090.12063098574 0.0915
620 63215.18258042639 0.093
630 44274.30372576697 0.0945
640 46276.53737631849 0.096
650 30215.08285572256 0.0975
660 53882.17316770572 0.09899999999999999
670 35149.5160859816 0.1005
680 38769.71871348767 0.102
690 13260.69288507012 0.1035
700 13370.40372658728 0.105
710 17637.23776915955 0.1065
720 15358.09969703172 0.108
730 66336.72371045739 0.1095
740 37063.62769204275 0.111
750 38518.67755358461 0.1125
760 34142.3804187299 0.114
770 54543.3561433849 0.1155
780 58286.99881116561 0.117
790 39212.60574038398 0.1185
800 13322.21880262635 0.12
810 11953.82301113363 0.1215
820 26270.15820959777 0.123
830 31153.4579751402 0.1245
840 62073.98228306461 0.126
850 20941.56318498362 0.1275
860 30414.9257683801 0.129
870 44778.58239398094 0.1305
880 66656.50237085427 0.132
890 75609.0666418169 0.1335
900 38152.224508087 0.135
910 26174.31374372868 0.1365
920 34488.56598360581 0.138
930 56285.13808047244 0.1395
940 36891.41664907666 0.141
950 47392.58042067423 0.1425
960 22747.47128128437 0.144
970 16179.69383434965 0.1455
980 41502.74265053473 0.147
990 45147.56752663133 0.1485
1000 46165.10048653054 0.15
1010 40534.48769024517 0.1515
1020 13002.05848122706 0.153
1030 13910.28683823689 0.1545
1040 28681.77813771798 0.156
1050 52174.85443406762 0.1575
1060 93838.014349488 0.159
1070 45742.46050078007 0.1605
1080 16792.36019758396 0.162
1090 45910.46271087436 0.1635
1100 52646.61589592414 0.165
