"termopar-temperatura"
"Time Step" "termopar-temperatura etc.."
("Time Step" "termopar-temperatura" "calorimetro-temperatura-vol-med" "flow-time")
10 300.0000000169468 300.0000001014021 0.0015
20 300.0000000499853 300.0000004992302 0.003
30 300.0000002697971 300.0000012983022 0.0045
40 300.0000010531415 300.0000024752674 0.005999999999999999
50 300.000003110489 300.0000050084402 0.007499999999999999
60 300.0000069198381 300.0000093162917 0.008999999999999999
70 300.0000153523369 300.0000180767318 0.0105
80 300.0000326865387 300.0000340321939 0.012
90 300.0000646268683 300.0000609299311 0.0135
100 300.0001163497546 300.0001011702333 0.015
110 300.0001892696055 300.0001555756841 0.0165
120 300.0002869791974 300.000232674445 0.018
130 300.0004307220848 300.0003494614524 0.0195
140 300.0006419104482 300.0005151133 0.021
150 300.0009345484285 300.0007391197958 0.0225
160 300.0013222131083 300.00103109607 0.024
170 300.0018169325467 300.0014154496227 0.02549999999999999
180 300.0025343118975 300.0020340455368 0.027
190 300.0037257712253 300.0030250823892 0.0285
200 300.0055662083194 300.0044601136055 0.03
210 300.0081257849768 300.0063654068526 0.03149999999999999
220 300.0113667880047 300.0087129761636 0.03299999999999999
230 300.0151736218775 300.0114478065287 0.0345
240 300.0194108542992 300.0145114877906 0.036
250 300.0239608948963 300.0178520020034 0.0375
260 300.0287373792741 300.021425288717 0.03899999999999999
270 300.0336760121782 300.0251893717359 0.04049999999999999
280 300.0387290236087 300.0291181375925 0.042
290 300.0439093010223 300.0332477086259 0.0435
300 300.0493008614321 300.0376802828221 0.045
310 300.0549986004328 300.0428080660137 0.0465
320 300.0612564951256 300.0506167804912 0.048
330 300.0693591492644 300.070807127613 0.0495
340 300.0853895587605 300.1354787425657 0.051
350 300.1280809679723 300.2906723968109 0.0525
360 300.231673655288 300.6070943209693 0.054
370 300.4490063904275 301.1498652161048 0.05549999999999999
380 300.839797976574 301.9328785722428 0.057
390 301.4444436449335 302.8947382295328 0.0585
400 302.2589086139612 303.9303678464104 0.06
410 303.2318805825318 304.946783471145 0.0615
420 304.2880368600007 305.8943207651759 0.063
430 305.3577067811543 306.7607137492524 0.0645
440 306.3934365980906 307.5526734216427 0.066
450 307.3713659503803 308.2832985542163 0.0675
460 308.2851203194066 308.9665298628719 0.06899999999999999
470 309.138554608253 309.6144710375685 0.07049999999999999
480 309.940101543524 310.2372125077225 0.07199999999999999
490 310.6996471453855 310.8437511413613 0.0735
500 311.4272936846132 311.443223363084 0.075
510 312.1333734028776 312.0478731937859 0.0765
520 312.8298554264276 312.6772239808541 0.078
530 313.5333302012332 313.368574381428 0.0795
540 314.272311804103 314.2012638748641 0.081
550 315.1023770126923 315.2975095904524 0.08249999999999999
560 316.1107968522862 316.7084111810768 0.08399999999999999
570 317.3691665430536 318.3076040995152 0.08549999999999999
580 318.8646804018535 319.9063008277213 0.08699999999999999
590 320.5026977407782 321.3905032245324 0.0885
600 322.1690378748387 322.7313557615113 0.09
610 323.7795367312438 323.9485459454645 0.0915
620 325.2930791399734 325.0735854803308 0.093
630 326.7031155308308 326.1559978989101 0.0945
640 328.0342700345299 327.3247366833759 0.096
650 329.374478909526 328.9483111932215 0.0975
660 330.9459157263252 331.3895973506166 0.09899999999999999
670 332.9885720968709 334.0082520583503 0.1005
680 335.4088529421214 336.2600653385669 0.102
690 337.9098408736941 338.1164065173002 0.1035
700 340.2682224499047 339.6390619382994 0.105
710 342.406991394261 340.898304623008 0.1065
720 344.389884790806 341.9588675162424 0.108
730 346.1322193891287 342.8742495965215 0.1095
740 347.5838980325369 343.6894083292874 0.111
750 348.7997509505181 344.4438044170225 0.1125
760 349.8530596757793 345.169559916762 0.114
770 350.8075227830465 345.8842041702479 0.1155
780 351.7082231127893 346.5949079948607 0.117
790 352.5819845225259 347.2902312125872 0.1185
800 353.4364767557662 347.9562068239061 0.12
810 354.2670342398676 348.5854330502714 0.1215
820 355.065779382581 349.1772604545676 0.123
830 355.8273350918902 349.7352637822953 0.1245
840 356.5502951815907 350.2658799285985 0.126
850 357.2369802773382 350.7772761555358 0.1275
860 357.892764816157 351.2788219019176 0.129
870 358.525353155867 351.7855929678106 0.1305
880 359.1463101456269 352.3244848770046 0.132
890 359.7750805846957 352.935670684899 0.1335
900 360.4425307390301 353.6527249624705 0.135
910 361.1822812119109 354.4712190762328 0.1365
920 362.0120914078157 355.346708563367 0.138
930 362.9220997650872 356.2249434564756 0.1395
940 363.8805955363917 357.0675067469219 0.141
950 364.8494721434058 357.8564607903087 0.1425
960 365.7969324244598 358.5885551514922 0.144
970 366.7026989217234 359.268654847804 0.1455
980 367.5577672134393 359.90704695734 0.147
990 368.3624495498534 360.520290788525 0.1485
1000 369.1254297064154 361.1351670345699 0.15
1010 369.8656039859194 361.7938793411193 0.1515
1020 370.6134826058048 362.5476886724595 0.153
1030 371.4100741811848 363.4305577241402 0.1545
1040 372.2943483135544 364.4394054746315 0.156
1050 373.2879542126535 365.5454948318916 0.1575
1060 374.3905743765613 366.7119717272353 0.159
1070 375.5854553124186 367.8984002378791 0.1605
1080 376.8443532849857 369.0624720726569 0.162
1090 378.1305808302874 370.1681259993952 0.1635
1100 379.4053762213677 371.1948599739878 0.165
