"calorimetro_energia_interna"
"Time Step" "calorimetro_energia_interna etc.."
("Time Step" "calorimetro_energia_interna" "flow-time")
10 704.8500009159017 0.0008500000000000001
20 704.8500750154907 0.00183
30 704.8512349543209 0.00268
40 704.8545642539533 0.00353
50 704.8603026542186 0.00438
60 704.8684384772697 0.00523
70 704.8788631213837 0.00608
80 704.8914639242258 0.00693
90 704.9079787611773 0.00778
100 704.9356509943982 0.008630000000000001
110 704.9811433571338 0.009480000000000001
120 705.0466609924997 0.01033
130 705.1316540772345 0.01118
140 705.2344603190755 0.01203
150 705.3530494105577 0.01288
160 705.4853477243847 0.01373
170 705.6293922914438 0.01458
180 705.7833780135081 0.01543
190 705.9456888036073 0.01628
200 706.11493423435 0.01713
210 706.2899541877297 0.01798
220 706.470075737543 0.01883
230 706.6553472043977 0.01968
240 706.8459288866328 0.02053
250 707.04171879732 0.02138
260 707.2423333931825 0.02223
270 707.4472626754708 0.02308
280 707.6565624837158 0.02393
290 707.8760372213442 0.02478
300 708.1161022746185 0.02563
310 708.3836581458141 0.02648
320 708.6805212185903 0.02733
330 709.0057170150823 0.02818
340 709.3570833402765 0.02903
350 709.7318178672815 0.02988
360 710.1269152344241 0.03073
370 710.539438962302 0.03158
380 710.9667172119873 0.03243
390 711.4070892548974 0.03328
400 711.860999324032 0.03413000000000001
410 712.3298791511993 0.03498
420 712.8143803887378 0.03583
430 713.3150680015607 0.03668
440 713.8318510639422 0.03753000000000001
450 714.3644914779903 0.03838
460 714.9125530356017 0.03923
470 715.4749010331743 0.04008
480 716.0509294382033 0.04093000000000001
490 716.6464571637242 0.04178
500 717.271489574119 0.04263
510 717.9323508294299 0.04348
520 718.6348948046672 0.04433000000000001
530 719.3884091996093 0.04518
540 720.2052229844481 0.04603
550 721.1108478142978 0.04688000000000001
560 722.1762539335448 0.04773000000000001
570 723.6059349558802 0.04858000000000001
580 725.9499653724026 0.04943000000000001
590 730.4835012922726 0.05028000000000001
600 739.1257220530498 0.05113
610 753.2601670434178 0.05198000000000001
620 773.0605433218924 0.05283000000000001
630 797.6558800173448 0.05368000000000001
640 826.104914588395 0.05453
650 859.141117461822 0.05538000000000001
660 901.8869381359294 0.05623000000000001
670 970.4057458024552 0.05708000000000001
680 1093.531209357761 0.05793
690 1290.519523285967 0.05878000000000001
700 1550.37073844026 0.05963000000000001
710 1849.247202430146 0.06048000000000001
720 2164.439984637935 0.06133
730 2479.587868766727 0.06218000000000001
740 2785.553868779579 0.06303
750 3078.533506250928 0.06388000000000001
760 3357.839025262703 0.06473000000000001
770 3624.508702217054 0.06558
780 3880.559519968503 0.06643000000000002
