"current_in-rfile"
"Time Step" "flow-time etc.."
("Time Step" "flow-time" "current_in_a" "current_in_b" "current_in_c")
10 0.0008500000000000001 33298936.86478712 -7078789.257997463 -26220147.60678964
20 0.00183 27061456.83634422 5807587.499302119 -32869044.33564633
30 0.00268 18650286.77940913 16410773.13540439 -35061059.91481351
40 0.00353 8340373.734257106 25343215.53894306 -33683589.27320017
50 0.00438 -2818653.661485679 31695523.2039336 -28876869.54244792
60 0.00523 -13690720.38261478 34820982.23366456 -21130261.85104978
70 0.00608 -23168966.2130738 34401396.80155953 -11232430.58848573
80 0.00693 -30288432.64986267 30479483.93961865 -191051.289755994
90 0.00778 -34324303.11849187 23454524.61521179 10869778.50328006
100 0.008630000000000001 -34865694.88861529 14041713.85013631 20823981.03847895
110 0.009480000000000001 -31857490.10389331 3199348.353230608 28658141.75066269
120 0.01033 -25605947.20472791 -7968735.473071878 33574682.67779978
130 0.01118 -16747521.45777125 -18325540.58911046 35073062.04688169
140 0.01203 -6184068.902697915 -26816664.38290396 33000733.28560187
150 0.01288 5008969.54596131 -32577644.98551489 27568675.43955359
160 0.01373 15692056.27558928 -35021970.15432522 19329913.87873594
170 0.01458 24777570.69030375 -33900788.74135555 9123218.051051795
180 0.01543 31340537.37319434 -29328245.65877663 -2012291.714417681
190 0.01628 34712795.71534225 -21769861.04679094 -12942934.66855132
200 0.01713 34551023.81733955 -11995136.73419071 -22555887.0831488
210 0.01798 30871691.30566737 -999215.0193127441 -29872476.28635458
220 0.01883 24049382.59773905 10098434.48849839 -34147817.08623742
230 0.01968 14778661.32015424 20167985.50625447 -34946646.82640871
240 0.02053 4003358.376412102 28184280.10391412 -32187638.48032622
250 0.02138 -7179517.316019604 33331197.68564865 -26151680.36962906
260 0.02223 -17631462.79146262 35084742.35880298 -17453279.56734039
270 0.02308 -26288389.41581438 33266389.75578657 -6978000.339972218
280 0.02393 -32268955.31364357 28061262.19112035 4207693.122523187
290 0.02478 -34964292.76627202 19999281.78252184 14965010.98375014
300 0.02563 -34099995.63991805 9901220.293611912 24198775.3463061
310 0.02648 -29764056.04579214 -1204861.759788365 30968917.80558047
320 0.02733 -22397906.06475474 -12188279.59653463 34586185.66128934
330 0.02818 -12751476.55803473 -21930836.59848145 34682313.15651616
340 0.02903 -1806848.42357506 -29440665.34752693 31247513.77110199
350 0.02988 9321730.811240969 -33953207.37609289 24631476.56485192
360 0.03073 19501285.97874718 -35009051.11388466 15507765.13513751
370 0.03158 27695459.87832349 -32500703.52781934 4805243.649495886
380 0.03243 33070022.42975323 -26683533.74156696 -6386488.688186227
390 0.03328 35077801.72731925 -18149774.48985992 -16928027.23745929
400 0.03413000000000001 33514390.35851193 -7768228.259971502 -25746162.09854039
410 0.03498 28538955.65460793 3404183.499972568 -31943139.15458047
420 0.03583 20658035.22916277 14230023.13329863 -34888058.36246138
430 0.03668 10673967.54353619 23607136.69790037 -34281104.24143655
440 0.03753000000000001 -396792.3345193405 30580861.73517365 -30184069.40065428
450 0.03838 -11427155.69364408 34441219.26876863 -23014063.57512451
460 0.03923 -21294146.49956372 34795195.13833391 -13501048.63877022
470 0.04008 -28993229.01354495 31606751.87118685 -2613522.857641933
480 0.04093000000000001 -33740577.27558882 25200497.57488251 8540079.700706264
490 0.04178 -35052874.63047198 16228638.32912975 18824236.30134219
500 0.04263 -32796519.08962932 5604578.578355016 27191940.5112743
510 0.04348 -27201225.04366358 -5590070.483105947 32791295.52676951
520 0.04433000000000001 -18836636.56627977 -16215607.26983479 35052243.83611454
530 0.04518 -8554333.255615227 -25190270.21384754 33744603.46946274
540 0.04603 2598867.13454638 -31600369.43261833 29001502.29807192
550 0.04688000000000001 13487482.81309523 -34793307.40368693 21305824.59059166
560 0.04773000000000001 23002968.75251668 -34444018.42398471 11441049.67146799
570 0.04858000000000001 30176575.11959627 -30588062.80467027 411487.6850739477
580 0.04943000000000001 34277973.47752109 -23618006.55728238 -10659966.92023878
590 0.05028000000000001 34889609.85159337 -14243455.14707412 -20646154.70451932
600 0.05113 31949214.94320427 -3418810.18557816 -28530404.75762617
610 0.05198000000000001 25756143.62452956 7753896.011902662 -33510039.63643227
620 0.05283000000000001 16940898.30451042 18137195.81268303 -35078094.11719348
630 0.05368000000000001 6400938.92243747 26673989.24160039 -33074928.16403787
640 0.05453 -4790685.393302946 32495164.90874805 -27704479.51544509
650 0.05538000000000001 -15494580.99972787 35008082.24983301 -19513501.25010511
660 0.05623000000000001 -24621008.79686021 33956906.90489125 -9335898.108030999
670 0.05708000000000001 -31240828.07001636 29448656.62862024 1792171.441396183
680 0.05793 -34680090.17825408 21942306.0578414 12737784.12041275
690 0.05878000000000001 -34588651.72217707 12202059.55476866 22386592.16740847
700 0.05963000000000001 -30975821.84160622 1219549.310904445 29756272.53070183
710 0.06048000000000001 -24209414.47337226 -9887120.455558587 34096534.92893089
720 0.06133 -14978302.05669352 -19987205.12975514 34965507.18644869
730 0.06218000000000001 -4222283.007643682 -28052438.2200032 32274721.22764689
740 0.06303 6963597.005468113 -33261716.81461168 26298119.80914355
750 0.06388000000000001 17440529.15395529 -35084696.18901045 17644167.03505512
760 0.06473000000000001 26141880.9677515 -33335782.98767929 7193902.019927746
770 0.06558 32181787.74462083 -28193030.05866851 -3988757.685952373
780 0.06643000000000002 34945340.40687963 -20180009.30087611 -14765331.10600359
