"eletrodos_corrente"
"Time Step" "eletrodos-corrente etc.."
("Time Step" "eletrodos-corrente(corte-eletrodo-a)" "eletrodos-corrente(corte-eletrodo-b)" "eletrodos-corrente(corte-eletrodo-c)" "flow-time")
10 30505218.03299353 6508173.02716086 23998105.78145406 0.0008500000000000001
20 22053957.68914834 5720307.36915908 27449062.62792922 0.00183
30 14187958.42692517 15000144.45660206 29279565.0374305 0.00268
40 6006713.844621626 22393342.80551247 28186637.3884634 0.00353
50 1966699.283943542 27200046.55111039 24613825.12540059 0.00438
60 9368277.221056044 29147011.72991388 18471759.43678457 0.00523
70 15542605.67575432 27512096.97412184 9892291.758398309 0.00608
80 23988824.07590074 24633850.1596261 363258.2036263846 0.00693
90 29530760.83043366 20585796.32734483 8379406.176256529 0.00778
100 29707145.36013063 13006834.50657902 15886506.30067038 0.008630000000000001
110 27009139.78363616 2834957.806740067 23286918.11854262 0.009480000000000001
120 21425777.74150937 7482666.256788698 28391856.84418014 0.01033
130 13886436.25697403 16467533.35292917 30037007.50356139 0.01118
140 4760435.682097876 23986644.3975344 28433748.07061595 0.01203
150 3840420.620453786 28670208.45322154 24020364.58018297 0.01288
160 12986483.47302209 30399788.34531401 16786668.66148536 0.01373
170 20388734.70463543 28868077.82310679 7683090.689905692 0.01458
180 27032269.02057721 26120327.38154652 1324282.578307828 0.01543
190 29496723.73035781 20325435.7415017 8580550.898333814 0.01628
200 28980157.2027302 12383141.45737908 16122693.02855718 0.01713
210 25350180.15126958 2647122.48249025 22930177.63552004 0.01798
220 19151533.49342493 8307994.115774662 28120811.67506167 0.01883
230 11063619.74149216 17879604.44953744 29691552.43887022 0.01968
240 2843653.822240557 24336039.20541104 27499136.4002887 0.02053
250 4747639.583581634 27878711.18909285 22607082.78274017 0.02138
260 11818307.93521147 28523895.10561166 15813899.29668337 0.02223
270 18667760.48379148 26189539.17242306 6830507.668165665 0.02308
280 25036491.34082913 20713938.08856656 3483849.063320529 0.02393
290 29014594.3942789 16898178.75799815 11886074.2929904 0.02478
300 28451057.00316817 9706305.446415434 17944846.89470597 0.02563
310 23290134.75151902 935048.7642155964 24865867.88493459 0.02648
320 17362894.96863348 11382801.88711402 29373673.45733213 0.02733
330 9402447.189088857 20025647.36577756 29595748.74719938 0.02818
340 1226023.57777096 26160444.75560344 26969877.7472783 0.02903
350 6339160.762018498 29116466.49416693 21399055.22317037 0.02988
360 13716814.17077433 29022795.62665245 13490134.98025657 0.03073
370 20405752.52925588 26127811.27045321 4133898.62649806 0.03158
380 26463817.52154319 22958246.32754994 4266659.639286866 0.03243
390 29690098.2511123 17437956.39439446 11214025.12044787 0.03328
400 27596819.98586012 8757303.460349768 18269722.87815581 0.03413000000000001
410 22628196.89925306 1333754.952410883 24493453.98572717 0.03498
420 15453123.06517589 11008751.56909603 27402961.1583135 0.03583
430 7759480.997887777 19831958.90859364 28227839.1818402 0.03668
440 179432.4482476696 26204228.47054219 26492826.66721192 0.03753000000000001
450 7565438.02821882 28385500.51952093 20659159.01304725 0.03838
460 14164654.41713158 27518776.66344042 12547008.99405223 0.03923
470 20316266.32700334 23638958.51408242 3044273.170752944 0.04008
480 24436419.75774949 17966279.91632121 6655024.035973274 0.04093000000000001
490 28694998.09754274 14477699.41371127 13662212.41204187 0.04178
500 26060696.77666632 6071687.643074539 19344670.0251338 0.04263
510 20605153.94996461 4635936.122814391 25619417.37622345 0.04348
520 14650459.36946172 14991763.26381437 29406974.2013575 0.04433000000000001
530 6373845.267132872 22744814.44968869 29040825.42427081 0.04518
540 1786150.98729877 27492664.84459763 25300429.04046876 0.04603
550 9183923.174008613 29203643.39093165 18758268.26886509 0.04688000000000001
560 16536724.13272106 28083778.72015663 10305246.84797202 0.04773000000000001
570 21299594.55435037 23837702.67597067 719952.3485576099 0.04858000000000001
580 29530626.10383192 21593314.64695922 7184926.523139507 0.04943000000000001
590 29767285.46188213 14287925.86336355 14328560.63451352 0.05028000000000001
600 26504472.07727743 4630416.847188597 22151756.17983175 0.05113
610 20594573.53951946 6595150.568527465 27970471.22372627 0.05198000000000001
620 13000618.16087871 16614557.31915106 29985372.21014348 0.05283000000000001
630 4545561.674286075 24101018.02293288 28382625.93203226 0.05368000000000001
640 3258139.895072037 28340079.28205357 24022162.49957054 0.05453
650 10766690.56372035 29460035.48175011 17080281.23112845 0.05538000000000001
660 17257006.52315958 27483502.03322397 8216547.165106255 0.05623000000000001
670 22335207.30190985 22614246.42474529 1045071.912677189 0.05708000000000001
680 29258239.13025633 19434153.36188846 8578253.024145501 0.05793
690 28952715.10680746 11714520.10379533 16088580.98754626 0.05878000000000001
700 24935033.14961989 2993819.948070883 22077703.6276347 0.05963000000000001
710 19378380.58907928 8879804.48942529 28626209.86732953 0.06048000000000001
720 11423017.66422838 18182893.63881205 29984058.72450577 0.06133
730 2976699.756488712 25018168.12981728 27712581.70682069 0.06218000000000001
740 4775353.818748504 28884848.39955752 23055847.29075795 0.06303
750 12282545.52673086 29382567.56208755 15578208.69250388 0.06388000000000001
760 18950286.50759697 26759682.497037 6299244.848470514 0.06473000000000001
770 25270241.63760114 22140674.6762154 2665164.137049538 0.06558
780 28752933.59958858 17280038.83229101 9771479.203541214 0.06643000000000002
