"fluido-temperatura"
"Time Step" "fluido-temperatura etc.."
("Time Step" "fluido-temperatura" "flow-time")
10 84728.85642514852 0.0008500000000000001
20 42119.53190905903 0.00183
30 17398.13807504986 0.00268
40 24108.18252796126 0.00353
50 14999.82777765811 0.00438
60 46030.263687737 0.00523
70 64969.62221495384 0.00608
80 49467.57078386493 0.00693
90 14936.2215350743 0.00778
100 12469.40915466275 0.008630000000000001
110 29490.83609116756 0.009480000000000001
120 24756.18902353279 0.01033
130 23995.17325802812 0.01118
140 18148.77422487171 0.01203
150 16627.14846391979 0.01288
160 13255.18299291107 0.01373
170 22532.86687058538 0.01458
180 13332.54060575806 0.01543
190 13630.31213917517 0.01628
200 63325.03556428256 0.01713
210 40437.07935030814 0.01798
220 19600.28333772816 0.01883
230 29778.92073096671 0.01968
240 16971.6554209005 0.02053
250 16221.05742934677 0.02138
260 32635.29192638185 0.02223
270 52348.77943066227 0.02308
280 53431.80516941013 0.02393
290 29152.18534629735 0.02478
300 25341.76730943067 0.02563
310 50456.05542708109 0.02648
320 15478.89549712885 0.02733
330 25456.4877662978 0.02818
340 14606.53933832738 0.02903
350 13577.00282234667 0.02988
360 42262.03072576927 0.03073
370 15612.99802967429 0.03158
380 33923.68388434022 0.03243
390 56686.97598465672 0.03328
400 55417.67385249825 0.03413000000000001
410 45586.73150206736 0.03498
420 51197.14214309182 0.03583
430 44031.30565831134 0.03668
440 14189.06101279403 0.03753000000000001
450 26434.35861469169 0.03838
460 27784.4323890577 0.03923
470 49652.97017303482 0.04008
480 53248.53135318573 0.04093000000000001
490 35274.48920206201 0.04178
500 58921.01747409869 0.04263
510 47113.25243098093 0.04348
520 38798.4483490595 0.04433000000000001
530 12431.77389133803 0.04518
540 13391.05846784002 0.04603
550 26655.36214319546 0.04688000000000001
560 29248.37113623465 0.04773000000000001
570 58188.86352661342 0.04858000000000001
580 14713.66158204383 0.04943000000000001
590 60232.68436979895 0.05028000000000001
600 53995.5226712043 0.05113
610 27219.88600467689 0.05198000000000001
620 24515.80787221613 0.05283000000000001
630 22594.187550402 0.05368000000000001
640 13734.1904223499 0.05453
650 16847.37719345991 0.05538000000000001
660 44402.62807951286 0.05623000000000001
670 50478.52064042616 0.05708000000000001
680 12921.74229441924 0.05793
690 41125.67956246498 0.05878000000000001
700 61378.9475244123 0.05963000000000001
710 29824.78423035437 0.06048000000000001
720 23794.47628869345 0.06133
730 21724.12629216276 0.06218000000000001
740 24154.73115400612 0.06303
750 43092.85281273106 0.06388000000000001
760 58343.91067349142 0.06473000000000001
770 51783.28375164571 0.06558
780 34836.92409837484 0.06643000000000002
