"termopar-temperatura"
"Time Step" "termopar-temperatura etc.."
("Time Step" "termopar-temperatura" "calorimetro-temperatura-vol-med" "flow-time")
10 300.0000000000389 300.0000000023925 0.0008500000000000001
20 300.0000000199637 300.000000196886 0.00183
30 300.0000015852336 300.0000032413517 0.00268
40 300.0000100361592 300.000011979674 0.00353
50 300.0000287127126 300.0000270410971 0.00438
60 300.0000583882724 300.0000483949544 0.00523
70 300.0000984726317 300.0000757562286 0.00608
80 300.0001476508576 300.0001088292002 0.00693
90 300.0002063929027 300.0001521752307 0.00778
100 300.0002924999902 300.0002248057605 0.008630000000000001
110 300.000439316091 300.0003442082904 0.009480000000000001
120 300.0006686396241 300.0005161705888 0.01033
130 300.0009843451502 300.0007392495493 0.01118
140 300.0013788710691 300.0010090822051 0.01203
150 300.0018395159672 300.0013203396631 0.01288
160 300.0023524679271 300.0016675793322 0.01373
170 300.0029049568796 300.0020456490618 0.01458
180 300.0034861287608 300.0024498110619 0.01543
190 300.0040872123509 300.0028758236363 0.01628
200 300.0047014228415 300.0033200373629 0.01713
210 300.0053236709668 300.00377940732 0.01798
220 300.0059507939482 300.0042521672931 0.01883
230 300.006583052008 300.0047384441091 0.01968
240 300.0072231541167 300.0052386585002 0.02053
250 300.0078734906617 300.0057525427773 0.02138
260 300.0085348335897 300.0062790902745 0.02223
270 300.0092064421144 300.0068169624054 0.02308
280 300.0098870141422 300.0073663057334 0.02393
290 300.0105857304833 300.0079423549145 0.02478
300 300.0113403543981 300.008572446917 0.02563
310 300.0121934504289 300.009274693299 0.02648
320 300.0131672751351 300.0100538614699 0.02733
330 300.014262929293 300.0109073937447 0.02818
340 300.0154693018564 300.0118296150696 0.02903
350 300.0167693546045 300.0128131702595 0.02988
360 300.01814421599 300.0138501712221 0.03073
370 300.0195759110377 300.0149329106648 0.03158
380 300.0210487927902 300.0160543758865 0.03243
390 300.0225512237194 300.0172102080201 0.03328
400 300.0240798779376 300.0184015730326 0.03413000000000001
410 300.0256407669803 300.0196322287467 0.03498
420 300.0272410506794 300.0209038855373 0.03583
430 300.028886145362 300.0222180262541 0.03668
440 300.0305794902298 300.0235744122447 0.03753000000000001
450 300.0323213996419 300.0249724185792 0.03838
460 300.0341110010604 300.0264109003586 0.03923
470 300.0359447910757 300.0278868793559 0.04008
480 300.0378169319515 300.029398764934 0.04093000000000001
490 300.0397342324679 300.0309618298295 0.04178
500 300.0417332165166 300.0326023348445 0.04263
510 300.0438530558937 300.0343368788197 0.04348
520 300.0461175323624 300.0361808262605 0.04433000000000001
530 300.0485509492031 300.0381585543318 0.04518
540 300.0511721983486 300.0403024225336 0.04603
550 300.0539855956414 300.042679390593 0.04688000000000001
560 300.0569900275217 300.0454757321112 0.04773000000000001
570 300.0602041290886 300.0492281757396 0.04858000000000001
580 300.0637199205577 300.0553804865448 0.04943000000000001
590 300.0678302632631 300.0672795309536 0.05028000000000001
600 300.073328237557 300.0899625250756 0.05113
610 300.0820190478206 300.1270608058907 0.05198000000000001
620 300.0968614323085 300.1790302974363 0.05283000000000001
630 300.121064377178 300.2435849869253 0.05368000000000001
640 300.1568492425509 300.3182543690024 0.05453
650 300.2050694733297 300.4049635628962 0.05538000000000001
660 300.2662437489536 300.5171573179447 0.05623000000000001
670 300.3434482235623 300.6969967081471 0.05708000000000001
680 300.4482130205383 301.0201606544873 0.05793
690 300.6067125530993 301.5371903498348 0.05878000000000001
700 300.8552087407369 302.2192145365919 0.05963000000000001
710 301.2228301098715 303.0036671979825 0.06048000000000001
720 301.7189810463569 303.8309448415733 0.06133
730 302.3330673775019 304.6581046424358 0.06218000000000001
740 303.0413844870142 305.4611650099216 0.06303
750 303.8153965223652 306.230140436358 0.06388000000000001
760 304.6280686311705 306.9632257880949 0.06473000000000001
770 305.4572608364889 307.6631462000475 0.06558
780 306.2867558923392 308.3351955904733 0.06643000000000002
