"calorimetro_energia_interna"
"Time Step" "calorimetro_energia_interna etc.."
("Time Step" "calorimetro_energia_interna" "flow-time")
10 704.8500000019731 5e-05
20 704.8500000168203 0.0001
30 704.8500002002306 0.00015
40 704.8500012341063 0.0002
50 704.8500048130726 0.00025
60 704.8500146122097 0.0003
70 704.8500361533339 0.00035
80 704.8500737350391 0.0004
90 704.850129889901 0.00045
100 704.8502058761704 0.0005
110 704.850302194599 0.00055
120 704.850419020807 0.0006000000000000001
130 704.8505698917302 0.00065
140 704.8507478085044 0.0007000000000000001
150 704.8509538306962 0.00075
160 704.8511898448794 0.0008
170 704.8514560723723 0.0008500000000000001
180 704.8517519344969 0.0009000000000000001
190 704.8520761459802 0.0009500000000000001
200 704.852426981216 0.001
210 704.8528023454188 0.00105
220 704.853200163021 0.0011
230 704.8536186998411 0.00115
240 704.8540566796438 0.0012
250 704.8545133089152 0.00125
260 704.8549880718228 0.0013
270 704.8554807083253 0.00135
280 704.8559911456617 0.0014
290 704.856519342692 0.00145
300 704.8570651632302 0.0015
310 704.8576283984893 0.00155
320 704.8582087953451 0.0016
330 704.8588060793775 0.00165
340 704.8594199956091 0.0017
350 704.8600503129027 0.00175
360 704.8606968325995 0.0018
370 704.8613593864208 0.00185
380 704.8620378278008 0.0019
390 704.8627319784039 0.00195
400 704.8634416176986 0.002
410 704.8641665345781 0.00205
420 704.8649065621306 0.0021
430 704.8656615837637 0.00215
440 704.8664315251976 0.0022
450 704.8672163389243 0.00225
460 704.8680159888841 0.0023
470 704.8688304353738 0.002350000000000001
480 704.8696596234555 0.0024
490 704.8705034775496 0.00245
500 704.8713619037969 0.0025
510 704.8722347869542 0.00255
520 704.8731219924402 0.0026
530 704.8740233910853 0.00265
540 704.8749388837687 0.0027
550 704.8758684187079 0.00275
560 704.8768119966858 0.0028
570 704.8777696683218 0.00285
580 704.8787415231291 0.0029
590 704.8797276789716 0.00295
600 704.8807282686738 0.003
610 704.8817434245211 0.003050000000000001
620 704.8827732681594 0.0031
630 704.8838179081989 0.00315
640 704.8848774476226 0.003200000000000001
650 704.8859519938103 0.00325
660 704.8870416660977 0.0033
670 704.8881466010976 0.003350000000000001
680 704.88926695727 0.0034
690 704.8904029185661 0.00345
700 704.8915546913514 0.003500000000000001
710 704.8927225044671 0.00355
720 704.8939066258185 0.0036
730 704.8951073864567 0.00365
740 704.8963251789603 0.0037
750 704.897560427707 0.00375
760 704.898813552232 0.0038
770 704.9000848945129 0.00385
780 704.9013747194597 0.003900000000000001
790 704.9026832374267 0.00395
800 704.9040106211571 0.004
810 704.9053570477748 0.004050000000000001
820 704.9067226902015 0.0041
830 704.9081076627473 0.00415
840 704.9095120027577 0.004200000000000001
850 704.9109357035021 0.00425
860 704.9123787334906 0.004300000000000001
870 704.9138410389133 0.004350000000000001
880 704.9153225408244 0.0044
890 704.9168231528381 0.004450000000000001
900 704.9183428030495 0.004500000000000001
910 704.9198813164732 0.00455
920 704.9214385692587 0.004600000000000001
930 704.9230144290093 0.00465
940 704.9246087574197 0.0047
950 704.926221422067 0.004750000000000001
960 704.9278522929392 0.0048
970 704.9295012377106 0.004850000000000001
980 704.9311681214127 0.004900000000000001
990 704.9328528166778 0.00495
1000 704.9345552093541 0.005000000000000001
1010 704.9362751747788 0.005050000000000001
1020 704.938012598508 0.0051
1030 704.93976735923 0.005150000000000001
1040 704.9415393536517 0.005200000000000001
1050 704.9433285135414 0.00525
1060 704.9451347714109 0.005300000000000001
1070 704.9469580478344 0.005350000000000001
1080 704.9487982490351 0.0054
1090 704.9506552731697 0.005450000000000001
1100 704.9525289994079 0.005500000000000001
1110 704.9544192729589 0.00555
1120 704.9563259193641 0.005600000000000001
1130 704.9582494027434 0.005650000000000001
1140 704.9601917969488 0.005700000000000001
1150 704.9621589880963 0.005750000000000001
1160 704.9641538682137 0.0058
1170 704.9661764181668 0.005850000000000001
1180 704.9682252757866 0.005900000000000001
1190 704.9702987111896 0.00595
1200 704.9723950695161 0.006000000000000001
1210 704.974512901481 0.006050000000000001
1220 704.9766509689874 0.0061
1230 704.9788082454468 0.006150000000000001
1240 704.9809838615312 0.006200000000000001
1250 704.9831770964271 0.00625
1260 704.9853872832282 0.006300000000000001
1270 704.9876136721826 0.006350000000000001
1280 704.9898554134409 0.0064
1290 704.9921116456167 0.006450000000000001
1300 704.9943816119925 0.006500000000000001
1310 704.9966647330253 0.006550000000000001
1320 704.9989606167509 0.006600000000000001
1330 705.0012689205738 0.006650000000000001
1340 705.0035893154937 0.006700000000000001
1350 705.0059215142755 0.006750000000000001
1360 705.0082652695771 0.0068
1370 705.0106203627157 0.006850000000000001
1380 705.0129865936771 0.006900000000000001
1390 705.015363778003 0.00695
1400 705.0177517484523 0.007000000000000001
1410 705.0201503578922 0.007050000000000001
1420 705.0225594812061 0.0071
1430 705.0249790150887 0.007150000000000001
1440 705.0274088751934 0.007200000000000001
1450 705.0298489907282 0.00725
1460 705.0322992982065 0.007300000000000001
1470 705.0347597362287 0.007350000000000001
1480 705.0372302422754 0.007400000000000001
1490 705.0397107523728 0.007450000000000001
1500 705.0422012027808 0.007500000000000001
1510 705.0447015323164 0.007550000000000001
1520 705.0472110565598 0.007600000000000001
1530 705.0497260884235 0.007650000000000001
1540 705.0522460294737 0.007700000000000001
1550 705.0547708746024 0.007750000000000001
1560 705.0573006216566 0.007800000000000001
1570 705.0598352713556 0.007850000000000001
1580 705.0623748271985 0.007900000000000001
1590 705.0649192954846 0.00795
1600 705.0674686852485 0.008
1610 705.0700230085489 0.008050000000000002
1620 705.0725822804886 0.008100000000000001
1630 705.0751465194203 0.008150000000000001
1640 705.0777157473638 0.008200000000000001
1650 705.0802899901231 0.00825
1660 705.0828692777184 0.0083
1670 705.0854536446866 0.008350000000000002
1680 705.0880431291282 0.008400000000000001
1690 705.0906377723502 0.008450000000000001
1700 705.0932376172865 0.008500000000000001
1710 705.0958427069913 0.00855
1720 705.0984530831818 0.0086
1730 705.1010687863561 0.008650000000000001
1740 705.103689856002 0.008700000000000001
1750 705.1063163313381 0.008750000000000001
1760 705.1089482527851 0.008800000000000001
1770 705.1115856630838 0.00885
1780 705.1142286081904 0.008900000000000002
1790 705.1168771378464 0.008950000000000001
1800 705.1195313050707 0.009000000000000001
1810 705.1221911648715 0.009050000000000001
1820 705.1248567791359 0.0091
1830 705.127528224313 0.009150000000000002
1840 705.1302055936542 0.009200000000000002
1850 705.1328889984662 0.009250000000000001
1860 705.1355785698172 0.009300000000000001
1870 705.1382744564759 0.009350000000000001
1880 705.1409768260694 0.0094
1890 705.1436858628795 0.00945
1900 705.1464017637135 0.009500000000000001
1910 705.1491247443968 0.009550000000000001
1920 705.1518550214603 0.009600000000000001
1930 705.1545928169874 0.009650000000000001
1940 705.1573383415155 0.0097
1950 705.1600918085019 0.009750000000000002
1960 705.1628534193172 0.009800000000000001
1970 705.1656234198276 0.009850000000000001
1980 705.1684020120239 0.009900000000000001
1990 705.1711893225132 0.009950000000000001
2000 705.1739855245688 0.01
2010 705.1767907781788 0.01005
2020 705.1796052308277 0.0101
2030 705.1824290186307 0.01015
2040 705.185262266205 0.0102
2050 705.1881050891963 0.01025
2060 705.1909576032683 0.0103
2070 705.1938199348557 0.01035
2080 705.1966922259719 0.0104
2090 705.1995746353491 0.01045
2100 705.2024673344176 0.0105
2110 705.2053705025905 0.01055
2120 705.2082843240305 0.0106
2130 705.2112089842173 0.01065
2140 705.2141446643068 0.0107
2150 705.2170915366253 0.01075
2160 705.2200497612382 0.0108
2170 705.2230194748041 0.01085
2180 705.226000789015 0.0109
2190 705.2289937929454 0.01095
2200 705.231998555515 0.011
2210 705.2350151271003 0.01105
2220 705.238043543301 0.0111
2230 705.2410838273588 0.01115
2240 705.2441359928163 0.0112
2250 705.2472000466418 0.01125
2260 705.2502759906982 0.0113
2270 705.2533638234469 0.01135
2280 705.256463541381 0.0114
2290 705.2595751392849 0.01145
2300 705.2626986104739 0.0115
2310 705.2658339462852 0.01155
2320 705.2689811352532 0.0116
2330 705.2721401630836 0.01165
2340 705.2753110114297 0.0117
2350 705.2784936569715 0.01175
2360 705.2816880712222 0.0118
2370 705.2848942201589 0.01185
2380 705.2881120640267 0.0119
2390 705.2913415571027 0.01195
2400 705.2945826478428 0.012
2410 705.2978352789901 0.01205
2420 705.3010993879501 0.0121
2430 705.3043749071641 0.01215
2440 705.3076617644116 0.0122
2450 705.3109598821395 0.01225
2460 705.314269178298 0.0123
2470 705.3175895662713 0.01235
2480 705.3209209543742 0.0124
2490 705.3242632459009 0.01245
2500 705.3276163396192 0.0125
2510 705.33098013029 0.01255
2520 705.3343545089783 0.0126
2530 705.337739363458 0.01265
2540 705.3411345772258 0.0127
2550 705.3445400281014 0.01275
2560 705.3479555894443 0.0128
2570 705.3513811318137 0.01285
2580 705.3548165230889 0.0129
2590 705.3582616282638 0.01295
2600 705.3617163093244 0.013
2610 705.3651804267355 0.01305
2620 705.3686538396192 0.0131
2630 705.3721364067726 0.01315
2640 705.3756279904946 0.0132
2650 705.3791284465616 0.01325
2660 705.3826376328796 0.0133
2670 705.3861554075972 0.01335
2680 705.3896816313185 0.0134
2690 705.3932161693701 0.01345
2700 705.3967588910655 0.0135
2710 705.4003096698576 0.01355
2720 705.4038683841192 0.0136
2730 705.4074349059691 0.01365
2740 705.4110091162634 0.0137
2750 705.4145909001281 0.01375
2760 705.4181801413558 0.0138
2770 705.4217767319234 0.01385
2780 705.4253805679175 0.0139
2790 705.4289915484629 0.01395
2800 705.4326095755976 0.014
2810 705.4362345556825 0.01405
2820 705.4398664016635 0.0141
2830 705.4435050593279 0.01415
2840 705.4471504476986 0.0142
2850 705.4508025115415 0.01425
2860 705.4544612145677 0.0143
2870 705.4581265303491 0.01435
2880 705.4617984400833 0.0144
2890 705.4654769313898 0.01445
2900 705.4691619968449 0.0145
2910 705.472853633803 0.01455
2920 705.4765518427781 0.0146
2930 705.4802566285236 0.01465
2940 705.4839680004538 0.0147
2950 705.4876859748335 0.01475
2960 705.4914105782618 0.0148
2970 705.4951418500682 0.01485
2980 705.4988798413938 0.0149
2990 705.5026246134535 0.01495
3000 705.5063762387994 0.015
3010 705.5101348006539 0.01505
3020 705.513900391721 0.0151
3030 705.5176731120227 0.01515
3040 705.5214530664509 0.0152
3050 705.5252403621497 0.01525
3060 705.5290351064767 0.0153
3070 705.5328374054229 0.01535
3080 705.536647362448 0.0154
3090 705.5404650776534 0.01545
3100 705.5442906490133 0.0155
3110 705.5481241705598 0.01555
3120 705.5519657292066 0.0156
3130 705.5558154082674 0.01565
3140 705.5596732933415 0.0157
3150 705.5635394603754 0.01575
3160 705.5674139771248 0.0158
3170 705.57129691327 0.01585
3180 705.5751883357116 0.0159
3190 705.5790883085946 0.01595
3200 705.582996893476 0.016
3210 705.5869141495044 0.01605
3220 705.5908401330773 0.0161
3230 705.5947748979652 0.01615
3240 705.598718495398 0.0162
3250 705.6026709741199 0.01625
3260 705.6066323801664 0.0163
3270 705.610602756538 0.01635
3280 705.6145821429453 0.0164
3290 705.6185705756682 0.01645
3300 705.6225680876274 0.0165
3310 705.6265747084112 0.01655
3320 705.6305904650405 0.0166
3330 705.6346154644327 0.01665
