"current_in"
"Time Step" "current_in_a etc.."
("Time Step" "current_in_a" "current_in_b" "current_in_c" "flow-time")
46 34558658.56783914 -12036559.44378096 -22522099.12405816 0.00046
47 34535590.64613473 -11912234.55457761 -22623356.0915571 0.00047
48 34512031.89724253 -11787740.36615345 -22724291.53108906 0.00048
49 34487982.65598451 -11663078.64784646 -22824904.00813803 0.00049
50 34463443.26415361 -11538251.17137559 -22925192.09277799 0.0005
51 34438414.0705089 -11413259.7108156 -23025154.35969329 0.00051
52 34412895.43077066 -11288106.04257181 -23124789.38819883 0.00052
53 34386887.70761521 -11162791.94535487 -23224095.76226032 0.00053
54 34360391.27066988 -11037319.2001555 -23323072.07051437 0.00054
55 34333406.49650768 -10911689.59021912 -23421716.90628855 0.00055
56 34305933.768642 -10785904.90102058 -23520028.8676214 0.00056
57 34277973.47752109 -10659966.92023874 -23618006.55728234 0.00057
58 34249526.0205226 -10533877.43773107 -23715648.58279151 0.00058
59 34220591.80194785 -10407638.24550822 -23812953.55643962 0.00059
60 34191171.23301613 -10281251.13770854 -23909920.09530758 0.0006000000000000001
61 34161264.73185884 -10154717.91057258 -24006546.82128625 0.00061
62 34130872.72351358 -10028040.3624176 -24102832.36109597 0.00062
63 34099995.63991806 -9901220.293611942 -24198775.3463061 0.00063
64 34068633.91990396 -9774259.506549515 -24294374.41335444 0.0006399999999999999
65 34036788.00919077 -9647159.805624124 -24389628.20356663 0.00065
66 34004458.36037935 -9519922.997203846 -24484535.36317549 0.00066
67 33971645.43294559 -9392550.889605386 -24579094.54334019 0.00067
68 33938349.69323381 -9265045.293068318 -24673304.40016548 0.00068
69 33904571.61445016 -9137408.019729413 -24767163.59472074 0.0006900000000000001
70 33870311.67665593 -9009640.883596851 -24860670.79305907 0.0007
71 33835570.36676066 -8881745.700524444 -24953824.66623621 0.00071
72 33800348.17851527 -8753724.288185839 -25046623.89032942 0.0007199999999999999
73 33764645.612505 -8625578.466048686 -25139067.14645631 0.00073
74 33728463.17614237 -8497310.05534876 -25231153.12079359 0.00074
75 33691801.38365987 -8368920.879064112 -25322880.50459575 0.00075
76 33654660.75610273 -8240412.761889115 -25414247.9942136 0.00076
77 33617041.82132147 -8111787.530208583 -25505254.29111287 0.0007700000000000001
78 33578945.11396443 -7983047.012071762 -25595898.10189266 0.0007800000000000001
79 33540371.17547015 -7854193.037166381 -25686178.13830375 0.00079
80 33501320.55405968 -7725227.436792647 -25776093.11726702 0.0008
81 33461793.80472878 -7596152.043837203 -25865641.76089157 0.00081
82 33421791.48924007 -7466968.692747084 -25954822.79649296 0.00082
83 33381314.17611497 -7337679.219503677 -26043634.95661129 0.00083
84 33340362.44062572 -7208285.46159656 -26132076.97902915 0.00084
85 33298936.86478712 -7078789.257997463 -26220147.60678964 0.0008500000000000001
86 33257038.0373483 -6949192.449134072 -26307845.58821421 0.0008600000000000001
87 33214666.55378434 -6819496.876863907 -26395169.67692041 0.00087
88 33171823.0162878 -6689704.384448128 -26482118.63183967 0.00088
89 33128508.03376021 -6559816.816525349 -26568691.21723485 0.0008899999999999999
90 33084722.22180332 -6429836.019085412 -26654886.20271789 0.0009
91 33040466.20271046 -6299763.839443174 -26740702.36326728 0.00091
92 32995740.60545761 -6169602.12621221 -26826138.47924538 0.00092
93 32950546.0656945 -6039352.729278593 -26911193.33641589 0.0009300000000000001
94 32904883.2257356 -5909017.499774554 -26995865.72596103 0.0009400000000000001
95 32858752.73455093 -5778598.290052202 -27080154.44449871 0.00095
96 32812155.24775687 -5648096.953657189 -27164058.29409967 0.00096
97 32765091.42760687 -5517515.345302368 -27247576.08230448 0.0009700000000000001
98 32717561.94298197 -5386855.320841445 -27330706.62214052 0.00098
99 32669567.46938137 -5256118.73724258 -27413448.73213879 0.00099
100 32621108.68891278 -5125307.452562007 -27495801.23635075 0.001
101 32572186.29028271 -4994423.325917644 -27577762.96436505 0.00101
102 32522800.96878675 -4863468.217462638 -27659332.7513241 0.00102
103 32472953.42629964 -4732443.988358949 -27740509.43794067 0.00103
104 32422644.37126528 -4601352.500750887 -27821291.87051437 0.00104
105 32371874.51868671 -4470195.617738681 -27901678.90094801 0.00105
106 32320644.59011592 -4338975.203351944 -27981669.38676396 0.00106
107 32268955.31364358 -4207693.122523222 -28061262.19112035 0.00107
108 32216807.42388873 -4076351.241061472 -28140456.18282725 0.00108
109 32164201.66198832 -3944951.425625568 -28219250.23636274 0.00109
110 32111138.77558665 -3813495.543697736 -28297643.23188891 0.0011
111 32057619.51882482 -3681985.463557034 -28375634.05526777 0.00111
112 32003644.65232991 -3550423.054252802 -28453221.5980771 0.00112
113 31949214.94320425 -3418810.185578081 -28530404.75762615 0.00113
114 31894331.16501449 -3287148.728043076 -28607182.43697141 0.00114
115 31838994.09778062 -3155440.552848524 -28683553.54493208 0.00115
116 31783204.52796482 -3023687.531859125 -28759516.99610568 0.00116
117 31726963.2484604 -2891891.537576956 -28835071.71088343 0.00117
118 31670271.05858041 -2760054.443114822 -28910216.61546557 0.00118
119 31613128.76404637 -2628178.122169656 -28984950.6418767 0.00119
120 31555537.17697676 -2496264.44899588 -29059272.72798086 0.0012
121 31497497.11587552 -2364315.298378797 -29133181.8174967 0.00121
122 31439009.40562038 -2232332.5456079 -29206676.86001248 0.00122
123 31380074.87745119 -2100318.066450241 -29279756.81100093 0.00123
124 31320694.36895801 -1968273.737123802 -29352420.6318342 0.00124
125 31260868.72406934 -1836201.434270774 -29424667.28979855 0.00125
126 31200598.79304 -1704103.034930923 -29496495.75810906 0.00126
127 31139885.43243911 -1571980.416514904 -29567905.0159242 0.00127
128 31078729.50513794 -1439835.456777572 -29638894.04836034 0.00128
129 31017131.88029756 -1307670.033791323 -29709461.84650622 0.00129
130 30955093.43335657 -1175486.02591936 -29779607.40743721 0.0013
131 30892615.04601864 -1043285.311789025 -29849329.73422961 0.00131
132 30829697.60623994 -911069.7702650826 -29918627.83597484 0.00132
133 30766342.00821654 -778841.2804230554 -29987500.72779348 0.00133
134 30702549.15237176 -646601.7215224642 -30055947.43084928 0.00134
135 30638319.94534326 -514352.9729801536 -30123966.9723631 0.00135
136 30573655.29997027 -382096.9143435663 -30191558.38562668 0.00136
137 30508556.1352805 -249835.4252640603 -30258720.71001643 0.00137
138 30443023.37647721 -117570.3854701416 -30325452.99100705 0.00138
139 30377057.95492594 14696.32525918961 -30391754.28018511 0.00139
140 30310660.80814135 146962.8271212085 -30457623.63526255 0.0014
141 30243832.87977388 279227.2403161509 -30523060.12009002 0.00141
142 30176575.1195963 411487.6850739375 -30588062.80467022 0.00142
143 30108888.48349025 543742.2816808969 -30652630.76517114 0.00143
144 30040773.93343268 675989.1505064415 -30716763.08393911 0.00144
145 29972232.4374821 808226.4120298674 -30780458.84951196 0.00145
146 29903264.96976489 940452.1868669571 -30843717.15663184 0.00146
147 29833872.51046142 1072664.595796783 -30906537.10625819 0.00147
148 29764056.04579215 1204861.759788347 -30968917.80558048 0.00148
149 29693816.56800356 1337041.800027336 -31030858.36803089 0.00149
150 29623155.07535413 1469202.837942798 -31092357.91329692 0.0015
151 29552072.57210007 1601342.995233844 -31153415.5673339 0.00151
152 29480570.06848108 1733460.393896346 -31214030.46237742 0.00152
153 29408648.58070603 1865553.156249636 -31274201.73695565 0.00153
154 29336309.13093844 1997619.404963155 -31333928.53590159 0.00154
155 29263552.74728204 2129657.263083197 -31393210.01036522 0.00155
156 29190380.46376606 2261664.854059515 -31452045.31782556 0.00156
157 29116793.32033063 2393640.30177205 -31510433.62210267 0.00157
158 29042792.36281194 2525581.730557561 -31568374.09336949 0.00158
159 28968378.6429274 2657487.265236292 -31625865.90816369 0.00159
160 28893553.21826069 2789355.031138622 -31682908.2493993 0.0016
161 28818317.15224671 2921183.154131716 -31739500.30637842 0.00161
162 28742671.51415651 3052969.760646126 -31795641.27480263 0.00162
163 28666617.37908203 3184712.977702482 -31851330.35678449 0.00163
164 28590155.82792088 3316410.932938037 -31906566.76085891 0.00164
165 28513287.94736096 3448061.754633342 -31961349.70199429 0.00165
166 28436014.829865 3579663.571738812 -32015678.4016038 0.00166
167 28358337.57365503 3711214.513901321 -32069552.08755634 0.00167
168 28280257.28269681 3842712.711490796 -32122969.9941876 0.00168
169 28201775.0666841 3974156.295626784 -32175931.36231087 0.00169
170 28122892.04102292 4105543.398204987 -32228435.43922789 0.0017
171 28043609.32681567 4236872.151923866 -32280481.47873952 0.00171
172 27963928.0508452 4368140.690311121 -32332068.74115631 0.00172
173 27883849.34555883 4499347.147750264 -32383196.49330908 0.00173
174 27803374.34905221 4630489.659507108 -32433864.00855931 0.00174
175 27722504.20505318 4761566.361756277 -32484070.56680945 0.00175
176 27641240.06290548 4892575.391607695 -32533815.45451316 0.00176
177 27559583.07755245 5023514.887133063 -32583097.96468551 0.00177
178 27477534.40952061 5154382.987392301 -32631917.39691291 0.00178
179 27395095.22490315 5285177.832460041 -32680273.05736318 0.00179
180 27312266.69534335 5415897.563452004 -32728164.25879534 0.0018
181 27229049.99801796 5546540.322551475 -32775590.32056943 0.00181
182 27145446.31562046 5677104.253035665 -32822550.56865611 0.00182
183 27061456.83634422 5807587.499302119 -32869044.33564633 0.00183
184 26977082.75386566 5937988.206895091 -32915070.96076073 0.00184
185 26892325.26732725 6068304.522531866 -32960629.7898591 0.00185
186 26807185.58132049 6198534.594129152 -33005720.17544963 0.00186
187 26721664.90586877 6328676.570829374 -33050341.47669813 0.00187
188 26635764.45641019 6458728.603026957 -33094493.05943714 0.00188
189 26549485.45378028 6588688.842394662 -33138174.29617493 0.00189
190 26462829.12419465 6718555.441909818 -33181384.56610446 0.0019
191 26375796.69923155 6848326.555880588 -33224123.25511213 0.00191
192 25935036.62216684 7495685.339815843 -33430721.96198267 0.00196
193 25485061.95008302 8140380.942441436 -33625442.89252444 0.00201
194 25026032.55683845 8782184.306479581 -33808216.86331803 0.00206
195 24558111.53339086 9420867.402251039 -33978978.93564188 0.00211
196 24081465.12985179 10056203.30869303 -34137668.43854482 0.00216
197 23596262.69641883 10687966.29398327 -34284228.99040209 0.00221
198 23102676.62320622 11315931.89574126 -34418608.51894746 0.00226
199 22600882.2789955 11939877.00077883 -34540759.27977432 0.00231
200 22091057.94892783 12559579.92437116 -34650637.87329898 0.00236
201 21573384.77116008 13174820.48902028 -34748205.26018035 0.00241
