"eletrodos_corrente"
"Time Step" "eletrodo_a_corrente etc.."
("Time Step" "eletrodo_a_corrente" "eletrodo_b_corrente" "eletrodo_c_corrente" "flow-time")
10 32204453.51373732 16762183.5565315 16551606.67866857 5e-05
20 32185586.74849793 16270931.30076889 17069533.36591578 0.0001
30 32155284.60142857 15774602.76979445 17581395.32332751 0.00015
40 32113557.84260481 15273384.86033076 18087010.68558094 0.0002
50 32060421.2619752 14767471.93632303 18586199.83479077 0.00025
60 28360540.27115012 16288968.40870968 11684864.84937838 0.0003
70 28420288.16712509 15916928.20737473 11988703.14313229 0.00035
80 28300036.69520565 15372446.40411725 12316069.52638972 0.0004
90 28096484.86788466 14795197.74407353 12652125.35089719 0.00045
100 27878990.01232525 14198969.55489018 12971094.62025531 0.0005
110 27651252.25471633 13587976.89810125 13260888.66919133 0.00055
120 27227447.21248437 12654443.12188164 13612464.41589792 0.0006000000000000001
130 27246442.65794037 12454361.73225411 13672604.79902865 0.00065
140 27062648.29583071 11871347.4122032 14154256.93680435 0.0007000000000000001
150 26881866.59143605 11286052.24657647 14610584.96328987 0.00075
160 26545510.54617337 10410566.06001808 15088013.9656615 0.0008
170 26494534.66662703 9863039.457048336 15658478.38135308 0.0008500000000000001
180 26445900.23618339 9020398.702925265 16524281.07250703 0.0009000000000000001
190 26545121.18211727 7738146.284942823 18137083.01993275 0.0009500000000000001
200 26638461.70122341 6582717.213866667 19735569.53314712 0.001
210 26579416.32102045 5736002.979483996 20727986.03398614 0.00105
220 26434325.18457439 5068090.611440269 21397117.19244657 0.0011
230 26195381.07928159 4478927.713575303 21889187.40532959 0.00115
240 25878631.72708092 3924154.754725181 22279312.47013893 0.0012
250 25494360.49050848 3413097.334430243 22542020.19509139 0.00125
260 25154202.08616685 2895546.554686817 22814499.41087516 0.0013
270 24817078.61369373 2371312.43149359 23063557.00341829 0.00135
280 24497950.61990782 1830436.516811057 23369016.0237748 0.0014
290 24153953.37024278 1786076.286870091 23649885.41804747 0.00145
300 23822161.30237557 2252515.294025671 23954297.31987563 0.0015
310 23490625.28895668 2773143.757574529 24265042.38927113 0.00155
320 23168565.63727988 3297854.894611591 24604068.05558546 0.0016
330 22840680.07981559 3852286.594268879 24958574.53589721 0.00165
340 22504942.02549279 4405030.692901653 25298871.81434157 0.0017
350 22158554.34842696 4940960.469665702 25611141.82470247 0.00175
360 21825992.78304756 5488680.20350619 25932550.84754567 0.0018
370 21480385.46115974 6017205.241345925 26220222.51705745 0.00185
380 21130101.16219338 6563608.739941978 26524647.16028626 0.0019
390 20773970.42774839 7131874.041762357 26861931.97684928 0.00195
400 20402982.51734399 7679430.897361013 27135813.50495195 0.002
410 20006064.73729675 8230849.115183652 27362892.73514724 0.00205
420 19589147.98683261 8777989.728935597 27557217.60070691 0.0021
430 19149203.52366284 9321756.998399694 27720516.13382678 0.00215
440 18686846.69041558 9865454.151436208 27872844.42604586 0.0022
450 18221628.65982315 10406137.2758005 28017452.43668125 0.00225
460 17745680.86567667 10952562.64923747 28163949.17824764 0.0023
470 17265421.00562572 11509788.62731028 28322867.10045268 0.002350000000000001
480 16789738.28920675 12081253.3337488 28487810.01686137 0.0024
490 16304767.46723552 12666386.52078877 28662275.88883954 0.00245
500 15828544.26854655 13255849.32811028 28829237.98894336 0.0025
510 15345644.7368319 13867535.27732012 29005385.04474428 0.00255
520 14860039.43837878 14484307.88962547 29181881.77265078 0.0026
530 14372752.38481346 15097718.7026408 29330972.06871714 0.00265
540 13878365.56143315 15688848.18356601 29428273.43660264 0.0027
550 13380398.46862653 16266340.74308144 29501546.61742335 0.00275
560 12878488.46159119 16809576.74043662 29556802.93546578 0.0028
570 12370901.39204862 17328720.85157507 29573453.35092017 0.00285
580 11856333.28296674 17813434.66379301 29542053.64949133 0.0029
590 11340120.74186491 18277917.2533408 29500384.00926291 0.00295
600 10806196.89271139 18726495.74446293 29438825.05673526 0.003
610 10287449.77353413 19154095.51009077 29360010.63155279 0.003050000000000001
620 9776853.502900211 19562386.2961134 29263066.64471734 0.0031
630 9277013.193025878 19952139.42159928 29156643.44706983 0.00315
640 8792445.211539702 20321995.26739981 29043702.79516659 0.003200000000000001
650 8316064.363855387 20678633.13397581 28921788.13053652 0.00325
660 7839551.814417506 21025025.61902539 28791160.4413291 0.0033
670 7367958.235214607 21359532.31200534 28647813.30102897 0.003350000000000001
680 6898621.822981671 21686920.81685981 28499040.63317723 0.0034
690 6434384.671441405 22003975.67117196 28338327.66893218 0.00345
700 5966303.971206643 22319712.33936316 28177228.42003846 0.003500000000000001
710 5501599.61039834 22630894.31530501 28004319.87075676 0.00355
720 5040797.893001804 22942562.45435803 27838522.87627716 0.0036
730 4584160.003715162 23252281.52351774 27670773.74849027 0.00365
740 4129314.723425422 23556771.17516471 27501172.0393797 0.0037
750 3676429.509566127 23850207.00275948 27322411.64678452 0.00375
760 3228779.10409073 24145740.0234252 27167907.77553663 0.0038
770 2783596.437398389 24419795.83144432 26994691.89863636 0.00385
780 2343023.752933273 24674361.18883813 26798680.94306789 0.003900000000000001
790 1906031.533585095 24872466.79073071 26493835.67086884 0.00395
800 1474313.795913419 25127026.56321566 26357587.60801135 0.004
810 1045912.783772829 25270117.39002424 25956304.65473714 0.004050000000000001
820 627018.2529652878 25534853.27371998 25927197.59880144 0.0041
830 210441.9798051117 25619562.84112191 25410326.45916054 0.00415
840 197026.4056034198 25869212.81219336 25380566.49794953 0.004200000000000001
850 600933.2930086377 26058398.36728137 25197095.48013597 0.00425
860 1004903.471154405 26152035.54850731 24772706.05376649 0.004300000000000001
870 1406907.063822459 26341314.44488341 24625303.66542082 0.004350000000000001
880 1812078.825334941 26372969.80649053 24046466.13395263 0.0044
890 2211888.698110777 26549985.65607563 23894395.03025471 0.004450000000000001
900 2609938.93953998 26693842.80903868 23668620.03476492 0.004500000000000001
910 3007011.321283303 26810341.68527098 23378202.75192406 0.00455
920 3402209.00929631 26927935.81154735 23101802.60177275 0.004600000000000001
930 3798855.113526163 27022440.91831005 22770609.93503489 0.00465
940 4196862.749189558 27105161.16877445 22428522.12410228 0.0047
950 4596776.253078699 27187455.23202491 22099798.03982067 0.004750000000000001
960 4998881.052207829 27258724.31056533 21744201.12032259 0.0048
970 5402070.933045392 27322488.21191566 21372742.74314981 0.004850000000000001
980 5806806.954440201 27384577.96306084 21008974.3789209 0.004900000000000001
990 6209980.854765493 27393012.07925609 20607188.2398916 0.00495
1000 6619234.835566478 27462520.71546409 20217010.10039091 0.005000000000000001
1010 7031125.509291743 27422176.65695154 19812139.23952919 0.005050000000000001
1020 7453759.959296354 27540952.63607865 19454952.39956926 0.0051
1030 7870036.866856731 27546095.89613966 19060407.89948666 0.005150000000000001
1040 8288413.729155252 27553365.7058877 18650278.14665827 0.005200000000000001
1050 8657975.828688134 27527214.75926418 18241210.9258791 0.00525
1060 9001988.70992098 27506123.90387774 17810802.66272372 0.005300000000000001
1070 9321127.263943056 27519889.50205075 17399322.02793121 0.005350000000000001
1080 9625951.961217813 27457952.20151895 16960188.61786353 0.0054
1090 9948501.361331658 27408387.16006457 16517356.29484084 0.005450000000000001
1100 10273942.38478719 27306950.85647871 16053046.06231774 0.005500000000000001
1110 10622391.86277053 27243087.90306525 15594527.6369635 0.00555
1120 10951940.81044341 27150080.93598023 15112710.48439374 0.005600000000000001
1130 11155720.62220543 27006670.20087839 14645618.10096355 0.005650000000000001
1140 11405806.32595772 26867948.37672032 14154520.34799358 0.005700000000000001
1150 11711869.129456 26692240.24129817 13647082.62068352 0.005750000000000001
1160 12064357.88470384 26654349.42455057 13181784.17885216 0.0058
1170 12401028.8541517 26499038.56639836 12670258.17861628 0.005850000000000001
1180 12735187.7588881 26246492.36863571 12130236.92139511 0.005900000000000001
1190 13079233.07138554 26225015.22504239 11662541.13054892 0.00595
1200 13406221.24759437 25989525.31466002 11123362.19755989 0.006000000000000001
1210 13762462.05115646 25892676.49696916 10626940.43726569 0.006050000000000001
1220 14121392.35914356 25730311.77008853 10094670.68590104 0.0061
1230 14520306.04918596 25617694.82779617 9564484.205812445 0.006150000000000001
1240 15002873.11040611 25542217.14745523 9010555.318711994 0.006200000000000001
1250 15777423.78798726 25717142.73494754 8393022.365740573 0.00625
1260 17727306.29139794 26758394.47408556 7524031.721027849 0.006300000000000001
1270 19654426.89664945 27411178.04544305 6695280.110932116 0.006350000000000001
1280 20812050.78408615 27782164.87873594 5990769.225954408 0.0064
1290 21691510.02380871 27950320.2459824 5338966.110049966 0.006450000000000001
1300 22339269.57951596 27931288.84812781 4707040.495071596 0.006500000000000001
1310 22884397.48501011 27829474.85406302 4089958.015670714 0.006550000000000001
1320 23469463.84142248 27715842.40705847 3485401.98732966 0.006600000000000001
1330 23966677.89980347 27547759.11738801 2893120.688554145 0.006650000000000001
1340 24380673.63538563 27313922.53742595 2321882.705457553 0.006700000000000001
1350 24743402.20304704 27043758.90354406 1786680.556602855 0.006750000000000001
1360 25079484.28425636 26763629.5134297 1292344.394382604 0.0068
1370 25376970.24629552 26500779.2731746 842884.332422809 0.006850000000000001
1380 25659290.93537945 26258101.04424829 428109.4367534736 0.006900000000000001
1390 25921967.85864348 26057811.71137321 52742.80599509904 0.00695
1400 26160100.61165006 25856284.62632083 360519.6536512905 0.007000000000000001
1410 26386976.62282017 25648276.20051774 749333.4367707724 0.007050000000000001
1420 26607384.95718975 25428427.17141661 1140765.876000498 0.0071
1430 26816503.79080077 25193470.25048154 1533037.467013938 0.007150000000000001
1440 27017137.43764405 24941436.44425292 1934394.840652313 0.007200000000000001
1450 27214959.8352737 24673466.56494133 2346211.745167247 0.00725
1460 27407073.17332038 24393476.54568456 2773103.581271339 0.007300000000000001
1470 27598079.72431624 24098687.77693135 3230307.23414095 0.007350000000000001
1480 27787262.22133241 23789095.57303439 3725485.138792783 0.007400000000000001
1490 27973176.18478715 23463289.59021614 4258953.890501576 0.007450000000000001
1500 28155059.34816529 23123107.55694319 4815272.833026161 0.007500000000000001
1510 28324361.71517246 22769938.07937794 5380881.98388821 0.007550000000000001
1520 28484627.32635107 22407911.38967618 5932926.065166898 0.007600000000000001
1530 28632418.52473742 22039528.78182129 6463501.32919179 0.007650000000000001
1540 28769240.82431544 21664048.44472434 6972439.161472781 0.007700000000000001
1550 28892498.7188771 21282844.56895722 7465455.190037398 0.007750000000000001
1560 29004629.89648328 20893519.93551835 7959679.768542003 0.007800000000000001
1570 29104190.9160117 20496467.33926171 8458163.541894428 0.007850000000000001
1580 29190142.39001132 20093995.06708002 8952137.678999042 0.007900000000000001
1590 29260788.46249104 19688614.30588299 9437764.540473515 0.00795
1600 29317002.16944713 19279117.28153236 9913444.711437866 0.008
1610 29360517.86448272 18863888.69815933 10382813.70750426 0.008050000000000002
1620 29392610.70527046 18441176.61736119 10845332.49287903 0.008100000000000001
1630 29411005.19867014 18009881.35495367 11302345.63796689 0.008150000000000001
1640 29414078.2627685 17567720.04008756 11757230.8843032 0.008200000000000001
1650 29403959.19554017 17109097.23666072 12208408.1412994 0.00825
1660 29378020.6020726 16630846.99078758 12648359.30084643 0.0083
1670 29336801.41196502 16133669.65184674 13080732.5212256 0.008350000000000002
1680 29284596.01459116 15620231.85690181 13506455.99067016 0.008400000000000001
1690 29226626.0492157 15099133.50083261 13928336.24799099 0.008450000000000001
1700 29163232.05957446 14581863.43054591 14347006.29426429 0.008500000000000001
1710 29097914.528905 14072519.91698617 14763282.36573559 0.00855
1720 29025824.9241079 13564352.14029878 15183638.30294915 0.0086
1730 28956017.31571629 13058831.08193158 15612540.21430854 0.008650000000000001
1740 28872922.45087678 12554501.70633455 16037650.83919992 0.008700000000000001
1750 28783188.3896899 12067312.81958351 16402011.00956613 0.008750000000000001
1760 28686396.25551492 11573032.285768 16781039.36734918 0.008800000000000001
1770 28575280.76995048 11070009.46990805 17159600.09737485 0.00885
1780 28464372.71092042 10548025.47653705 17560965.19545984 0.008900000000000002
1790 28350582.79546853 9983905.634541405 18009861.28920276 0.008950000000000001
1800 28273122.54627254 9352730.166946601 18587384.57179725 0.009000000000000001
1810 28203340.30491879 8742649.385199938 19185858.75639093 0.009050000000000001
1820 28102678.65291521 8167842.364294544 19729543.87266102 0.0091
1830 27975195.60129277 7599498.036330253 20216591.71776038 0.009150000000000002
1840 27810400.77847277 7018362.045626891 20674971.75966471 0.009200000000000002
1850 27632126.26365655 6433787.877018167 21106914.51782648 0.009250000000000001
1860 27409573.52929682 5854881.060212914 21462490.86335491 0.009300000000000001
1870 27177249.47970387 5260063.189582638 21868736.28566401 0.009350000000000001
1880 26935513.91013815 4678933.573188513 22243318.3789115 0.0094
1890 26677370.40108738 4090972.193438073 22652472.32846282 0.00945
1900 26418573.33251277 3521387.885940234 23021481.19829337 0.009500000000000001
1910 26140277.91948894 3016534.09013504 23159306.67390057 0.009550000000000001
1920 25873739.40282232 2462224.806640188 23536695.64140835 0.009600000000000001
1930 25594742.82781779 1918722.16423 23895534.82161893 0.009650000000000001
1940 25312841.90046646 1378866.010622235 24335113.46044848 0.0097
1950 25012885.44633603 1510632.274222584 24626758.33406981 0.009750000000000002
1960 24709002.44062342 2050401.114268124 24956356.59621909 0.009800000000000001
1970 24371878.78223725 2537427.042896559 25055374.63961472 0.009850000000000001
1980 24057465.99353049 3095124.248050335 25375246.37065371 0.009900000000000001
1990 23719143.54684591 3679938.838291049 25727837.31991382 0.009950000000000001
2000 23368652.12072939 4238146.621094144 25996186.17469138 0.01
2010 23012313.90604901 4792700.954428139 26249981.7600554 0.01005
2020 22634817.08304228 5358669.697547277 26511881.26324718 0.0101
2030 22253144.21151172 5926261.320456211 26763426.96442263 0.01015
2040 21865016.03539331 6509616.899984457 27035084.4681061 0.0102
2050 21462951.69605175 7086780.569627783 27271297.92673019 0.01025
2060 21048468.76098184 7658246.370794676 27476664.46598778 0.0103
2070 20621969.52419214 8217231.774677823 27639550.93271597 0.01035
2080 20189228.97054458 8766131.914825909 27787679.9017637 0.0104
2090 19736896.65899314 9308478.721287301 27918978.53282988 0.01045
2100 19292391.75891496 9846420.015744742 28060605.33885235 0.0105
2110 18822945.95423631 10381571.23871332 28169466.15896192 0.01055
2120 18351238.84968037 10914619.95190245 28267301.79371845 0.0106
2130 17880659.51036636 11450809.55749216 28374142.83148814 0.01065
2140 17391209.60540228 11985367.29427874 28469857.46490437 0.0107
2150 16907419.81445827 12509963.9776335 28553147.37906094 0.01075
2160 16407079.19270036 13025865.38171191 28611818.29051121 0.0108
2170 15920225.93423874 13540071.02469241 28695537.32154924 0.01085
2180 15433853.3839094 14038371.21049135 28755875.0053387 0.0109
2190 14952389.51039555 14525790.29132544 28807970.96602086 0.01095
2200 14481783.75606995 15000715.59531941 28859546.15270527 0.011
2210 14012752.91152268 15463544.49111249 28890389.88591547 0.01105
2220 13559148.50054738 15918273.06763996 28921285.83226018 0.0111
2230 13094952.02275237 16373168.99135872 28941234.86813442 0.01115
2240 12634774.39928192 16825226.42324142 28955217.27935809 0.0112
2250 12165755.81005797 17272318.02499775 28945630.8985793 0.01125
2260 11687106.22288947 17726502.66605811 28938538.63711869 0.0113
2270 11191676.67555141 18180904.83758484 28908642.81128561 0.01135
2280 10691108.68226221 18636854.72026049 28872774.62558983 0.0114
2290 10176670.45366966 19091008.77905321 28821149.82150432 0.01145
2300 9649374.70180933 19542106.82481674 28754852.13371846 0.0115
2310 9117507.183804369 19988501.00384858 28679028.86138267 0.01155
2320 8576042.918336255 20429700.67316027 28590852.53772383 0.0116
2330 8028878.41002694 20864970.25471815 28490460.6724617 0.01165
2340 7481562.204624744 21290493.18913147 28376461.46597235 0.0117
2350 6932172.567736671 21710654.52688146 28258247.62999727 0.01175
2360 6385642.659964628 22118143.49651567 28122790.04085861 0.0118
2370 5846354.62128844 22516023.66014966 27982076.09208169 0.01185
2380 5313030.624316102 22901056.66075837 27826870.88452524 0.0119
2390 4781663.835589874 23278176.29336048 27665302.49723604 0.01195
2400 4252790.650390089 23644116.66379025 27491309.73169386 0.012
2410 3717724.830742154 24002817.25471044 27308546.03057582 0.01205
2420 3182202.847710724 24351724.03734755 27113080.45458995 0.0121
2430 2699888.563503002 24676945.99764534 26914190.26072891 0.01215
2440 2252182.312463426 24982369.96412898 26706697.24566975 0.0122
2450 1825077.725884501 25274188.27808788 26493884.18160626 0.01225
2460 1418236.388199917 25550931.83373191 26273024.4207009 0.0123
2470 1027842.768789259 25814333.21729978 26045464.28748188 0.01235
2480 646894.587046294 26066555.20838285 25811432.01654886 0.0124
2490 272223.466301027 26307472.1727513 25567207.37472002 0.01245
2500 102778.083538172 26535042.85780182 25306398.82979132 0.0125
2510 472321.8572970108 26755703.24620201 25044309.56742791 0.01255
2520 840348.6302940866 26965054.50400684 24769626.99268686 0.0126
2530 1207207.504933686 27166972.33600025 24491127.38769108 0.01265
2540 1573605.917104865 27358298.44453699 24200572.02493247 0.0127
2550 1938929.217231568 27538368.83580089 23896562.90567374 0.01275
2560 2303393.389121719 27708670.37271312 23582945.14560228 0.0128
2570 2667739.393649933 27870365.4097371 23264190.91480058 0.01285
2580 3030539.245716597 28021953.81627523 22936778.13289023 0.0129
2590 3392267.764939348 28164792.10569586 22601899.79822784 0.01295
2600 3752963.159412113 28295939.62179438 22255787.05187918 0.013
2610 4111691.309242183 28416293.75480146 21900145.7338343 0.01305
2620 4468465.758451876 28529398.02418852 21541149.59485869 0.0131
2630 4822319.760768324 28631496.92348823 21173806.22854925 0.01315
2640 5176598.546542043 28720389.50794936 20789309.72479666 0.0132
2650 5534879.400109703 28802601.73345232 20402452.90309303 0.01325
2660 5903452.472205007 28879639.49242073 20010984.54658391 0.0133
2670 6282162.173376544 28949219.68068789 19610490.55321446 0.01335
2680 6696920.964933947 29018321.98803656 19196327.65497072 0.0134
2690 7157173.849361536 29087415.12892732 18765437.04709264 0.01345
2700 7739907.43826277 29179731.90203748 18320394.67373157 0.0135
2710 8774386.866343033 29381006.22254808 17831459.05143643 0.01355
2720 10193466.5377151 29681907.81529158 17295716.7649073 0.0136
2730 11463010.33992528 29935461.29068266 16759618.62845528 0.01365
2740 12372112.44130904 30084542.46474335 16245047.02339681 0.0137
2750 13011030.69985153 30156016.16155648 15745692.4181527 0.01375
2760 13434795.53694887 30173171.04013624 15255776.23311059 0.0138
2770 13675568.02569861 30141398.34532711 14772510.62972721 0.01385
2780 14147472.56436439 30134968.10291959 14276477.67073363 0.0139
2790 14777499.68996431 30154363.81784735 13763064.954205 0.01395
2800 15325475.0741688 30150856.55672312 13246605.14625121 0.014
2810 15875694.31281786 30136684.97809546 12723039.01360477 0.01405
2820 16348728.71100508 30092323.05534822 12198691.11147406 0.0141
2830 16778116.47516331 30032051.3800912 11671966.54467926 0.01415
2840 17272359.54967076 29983118.45823344 11136160.16375129 0.0142
2850 17735041.94219963 29909165.61975092 10593441.94455361 0.01425
2860 18207152.00405471 29823802.03221542 10037144.74706043 0.0143
2870 18698075.67466324 29728974.28611949 9465747.86496328 0.01435
2880 19230690.18291142 29670064.02727167 8873890.286079533 0.0144
2890 19727537.25424609 29619070.64167598 8279571.014781925 0.01445
2900 20194822.02937992 29516550.44004803 7683745.954333746 0.0145
2910 20634943.00021376 29368822.69080336 7082475.457320942 0.01455
2920 21060061.19424237 29203437.39680235 6482699.243011467 0.0146
2930 21473071.6753911 29037034.90758529 5888791.593433571 0.01465
2940 21884635.1157423 28868860.31257484 5302620.252527394 0.0147
2950 22259453.26906617 28688282.28192742 4731524.482409223 0.01475
2960 22631428.6080415 28510079.31872417 4177577.119608976 0.0148
2970 22983564.31706422 28328641.11959105 3651960.984973229 0.01485
2980 23332488.83316451 28149373.01609386 3147431.095585652 0.0149
2990 23655708.94283281 27961071.62419346 2653945.095712416 0.01495
3000 23968467.15102204 27772961.81721727 2193438.119836614 0.015
3010 24265967.07463165 27580906.3476466 1765330.831629402 0.01505
3020 24553158.67100668 27385744.79625711 1360314.266851031 0.0151
3030 24829638.65593102 27186764.89455646 973746.9271831415 0.01515
3040 25093021.080945 26981841.63708981 602136.5845625184 0.0152
3050 25351664.62982614 26771643.38750817 237901.6770285498 0.01525
3060 25594421.04516137 26550071.64042605 122959.3301000851 0.0153
3070 25827202.45252278 26319855.58483103 479461.0473776062 0.01535
3080 26053999.32989375 26082680.32060203 834776.7897660865 0.0154
3090 26266922.24322939 25834829.77281385 1188689.220991405 0.01545
3100 26470164.08344826 25578075.42439107 1541437.117631336 0.0155
3110 26661989.35811365 25312234.65991377 1893217.717454778 0.01555
3120 26843932.02958899 25037966.20331693 2243672.930988043 0.0156
3130 27028202.5950074 24759734.6002354 2593247.486311927 0.01565
3140 27190261.3724959 24468005.38790578 2941603.920723509 0.0157
3150 27341081.91725984 24167511.75029133 3288584.709958338 0.01575
3160 27481815.57935067 23857890.60593523 3634316.97168802 0.0158
3170 27611703.72582259 23539986.20389363 3978628.21939023 0.01585
3180 27732096.28600696 23213475.27092432 4321597.918860607 0.0159
3190 27841431.67304014 22878349.36469945 4663069.448470771 0.01595
3200 27955706.11809354 22540849.25798673 5002994.9269047 0.016
3210 28038281.71248551 22187548.17956366 5340835.709264426 0.01605
3220 28124977.69176864 21831049.98888518 5677266.475010328 0.0161
3230 28191513.66470399 21462922.73631664 6011434.065127429 0.01615
3240 28248095.02140366 21086399.02154129 6342546.312444303 0.0162
3250 28292958.0670086 20700284.97418138 6676739.113018136 0.01625
3260 28328956.94305263 20312728.18259999 6999919.630248722 0.0163
3270 28354258.20372365 19920023.24177352 7322377.871528148 0.01635
3280 28370695.61142779 19527728.22170231 7617574.571698651 0.0164
3290 28371301.55037555 19122755.02507186 7918241.640947013 0.01645
3300 28362269.80838271 18709591.53069238 8221704.76489515 0.0165
3310 28349212.69216976 18285856.76931518 8544507.160522524 0.01655
3320 28312362.87222145 17842988.63541473 8886254.530639591 0.0166
3330 28283038.78664807 17410783.92235846 9232508.492454272 0.01665
