"fluido-temperatura"
"Time Step" "fluido-temperatura etc.."
("Time Step" "fluido-temperatura" "flow-time")
10 26230.15622261886 5e-05
20 41662.09358855736 0.0001
30 45316.24976010305 0.00015
40 56385.82549370045 0.0002
50 50881.63901867904 0.00025
60 20602.89009016377 0.0003
70 19260.60760253616 0.00035
80 17350.42879581242 0.0004
90 17599.93446546535 0.00045
100 22890.12921541193 0.0005
110 28834.84807091654 0.00055
120 25157.39643506334 0.0006000000000000001
130 59760.185485222 0.00065
140 32046.77834720411 0.0007000000000000001
150 39955.70334979219 0.00075
160 40809.19456793223 0.0008
170 44093.28778160454 0.0008500000000000001
180 38075.28278449621 0.0009000000000000001
190 18612.35593385989 0.0009500000000000001
200 18100.14986149241 0.001
210 19008.74624309187 0.00105
220 17851.73359443665 0.0011
230 25198.73194008555 0.00115
240 29032.44700249179 0.0012
250 26498.39055091038 0.00125
260 31040.15827636298 0.0013
270 29372.38603344061 0.00135
280 27954.61485041719 0.0014
290 28906.29980829896 0.00145
300 27503.01653055178 0.0015
310 27826.87938144605 0.00155
320 27215.26010421526 0.0016
330 26914.48729526716 0.00165
340 26508.98091026849 0.0017
350 25088.21217634952 0.00175
360 25045.98104164888 0.0018
370 24391.72939973343 0.00185
380 23679.00713238326 0.0019
390 23630.02766617627 0.00195
400 23628.07759429944 0.002
410 24085.76835094581 0.00205
420 24280.75176328463 0.0021
430 24526.52975412787 0.00215
440 24497.9228204711 0.0022
450 24366.72926512815 0.00225
460 24527.86392368753 0.0023
470 24250.15365963615 0.002350000000000001
480 23962.81348038237 0.0024
490 23190.040477068 0.00245
500 18941.88260599766 0.0025
510 17200.54196948585 0.00255
520 16893.60362120825 0.0026
530 16831.06833728023 0.00265
540 16692.69764576824 0.0027
550 16319.69154980698 0.00275
560 15837.18174564216 0.0028
570 15479.44492129822 0.00285
580 15156.75271798609 0.0029
590 14994.90735993396 0.00295
600 14881.83561377354 0.003
610 15285.13435659211 0.003050000000000001
620 15723.76998713078 0.0031
630 16558.58398790361 0.00315
640 19199.5862069646 0.003200000000000001
650 21307.16504207562 0.00325
660 22682.32393060671 0.0033
670 23850.67646488563 0.003350000000000001
680 24502.2132441974 0.0034
690 24941.36423998019 0.00345
700 27065.54582009256 0.003500000000000001
710 27838.50039493636 0.00355
720 28740.49616282352 0.0036
730 29162.85931585693 0.00365
740 29847.23545399605 0.0037
750 28996.47524764735 0.00375
760 29221.18015781236 0.0038
770 28531.01166583299 0.00385
780 28533.83156622283 0.003900000000000001
790 28169.2961319754 0.00395
800 29219.21306351226 0.004
810 28764.58126653825 0.004050000000000001
820 28100.68486089818 0.0041
830 24003.57045233471 0.00415
840 27135.75526358107 0.004200000000000001
850 28187.8905054282 0.00425
860 26593.51254878479 0.004300000000000001
870 27159.27660027589 0.004350000000000001
880 23106.61263804252 0.0044
890 25434.16220713035 0.004450000000000001
900 26486.87837519673 0.004500000000000001
910 26871.25678685238 0.00455
920 26555.85003950763 0.004600000000000001
930 26608.33519624072 0.00465
940 26069.93267585965 0.0047
950 25841.30832286638 0.004750000000000001
960 25533.37152083695 0.0048
970 24625.46652648009 0.004850000000000001
980 24614.92299003938 0.004900000000000001
990 23392.16325929247 0.00495
1000 24865.43519818964 0.005000000000000001
1010 23759.35894647446 0.005050000000000001
1020 25390.8071611695 0.0051
1030 25273.9636954209 0.005150000000000001
1040 25157.09109084593 0.005200000000000001
1050 24552.23576770821 0.00525
1060 24416.36031306775 0.005300000000000001
1070 24873.95454605399 0.005350000000000001
1080 25505.36597674356 0.0054
1090 25832.64543515255 0.005450000000000001
1100 25984.1741244232 0.005500000000000001
1110 27332.61877067134 0.00555
1120 28245.85788123888 0.005600000000000001
1130 49397.02685381677 0.005650000000000001
1140 27460.2714170823 0.005700000000000001
1150 33208.18776737126 0.005750000000000001
1160 28233.60780974398 0.0058
1170 28378.94390335279 0.005850000000000001
1180 29498.22644029455 0.005900000000000001
1190 28668.65040364862 0.00595
1200 27689.51995571379 0.006000000000000001
1210 28205.6919676662 0.006050000000000001
1220 28011.70365509607 0.0061
1230 28298.78608158046 0.006150000000000001
1240 27922.28034268516 0.006200000000000001
1250 27693.08575516603 0.00625
1260 24149.54052614483 0.006300000000000001
1270 23797.071626934 0.006350000000000001
1280 25149.29412598312 0.0064
1290 16825.0687980799 0.006450000000000001
1300 28129.35692040703 0.006500000000000001
1310 15208.59887795718 0.006550000000000001
1320 14674.42900079022 0.006600000000000001
1330 14442.95397239321 0.006650000000000001
1340 14255.33753895635 0.006700000000000001
1350 14206.2291627218 0.006750000000000001
1360 14238.95678595951 0.0068
1370 14280.99340921803 0.006850000000000001
1380 14325.97019063498 0.006900000000000001
1390 14359.18012216135 0.00695
1400 14367.66716662049 0.007000000000000001
1410 14341.05055187412 0.007050000000000001
1420 14284.90618955539 0.0071
1430 14204.03597713256 0.007150000000000001
1440 14120.78082891762 0.007200000000000001
1450 14081.23735123467 0.00725
1460 14027.79907708543 0.007300000000000001
1470 13970.43587118391 0.007350000000000001
1480 13915.06783410837 0.007400000000000001
1490 13862.52025018502 0.007450000000000001
1500 13813.2172987007 0.007500000000000001
1510 13770.49144260866 0.007550000000000001
1520 13729.45313783573 0.007600000000000001
1530 13688.66379670435 0.007650000000000001
1540 13646.67845118847 0.007700000000000001
1550 13606.81618394483 0.007750000000000001
1560 13572.57250091869 0.007800000000000001
1570 13538.92671628949 0.007850000000000001
1580 13508.25235038984 0.007900000000000001
1590 13474.29392225696 0.00795
1600 13433.71639604714 0.008
1610 13387.10344268098 0.008050000000000002
1620 13348.80833876841 0.008100000000000001
1630 13338.55818668272 0.008150000000000001
1640 13620.82952022615 0.008200000000000001
1650 14125.47021818882 0.00825
1660 14543.63737919705 0.0083
1670 14970.05946494648 0.008350000000000002
1680 15280.1634111835 0.008400000000000001
1690 15569.69372382853 0.008450000000000001
1700 15760.30672550746 0.008500000000000001
1710 15857.75140938054 0.00855
1720 16237.52544748606 0.0086
1730 16622.74379147491 0.008650000000000001
1740 17018.00642446165 0.008700000000000001
1750 17411.34005187815 0.008750000000000001
1760 17823.26084706412 0.008800000000000001
1770 18303.35774018868 0.00885
1780 18867.37350017651 0.008900000000000002
1790 19643.96683309357 0.008950000000000001
1800 20444.49912777834 0.009000000000000001
1810 19442.92318533639 0.009050000000000001
1820 21204.52658361446 0.0091
1830 21531.20240305656 0.009150000000000002
1840 21529.16346895382 0.009200000000000002
1850 21683.70852630299 0.009250000000000001
1860 23089.37882860297 0.009300000000000001
1870 23758.81021270413 0.009350000000000001
1880 24026.72507078043 0.0094
1890 24298.66437664011 0.00945
1900 24466.28612977448 0.009500000000000001
1910 24121.29810475624 0.009550000000000001
1920 24349.24569790954 0.009600000000000001
1930 22541.13390013717 0.009650000000000001
1940 25734.91751008776 0.0097
1950 25807.04464699424 0.009750000000000002
1960 25979.98130048082 0.009800000000000001
1970 21692.80795273184 0.009850000000000001
1980 21691.86161319008 0.009900000000000001
1990 21916.10389090502 0.009950000000000001
2000 22039.47117653946 0.01
2010 21942.40697700691 0.01005
2020 22389.39409298111 0.0101
2030 22657.35926424575 0.01015
2040 23230.92078632456 0.0102
2050 24862.07685674799 0.01025
2060 25772.65559177 0.0103
2070 26912.6781668948 0.01035
2080 27606.18399948189 0.0104
2090 28130.65145347128 0.01045
2100 28634.70496449972 0.0105
2110 29180.66674046021 0.01055
2120 29134.98870173419 0.0106
2130 28833.78122472702 0.01065
2140 28739.45233756433 0.0107
2150 28512.82747892492 0.01075
2160 28419.64260712511 0.0108
2170 28512.87197926802 0.01085
2180 28698.7347387174 0.0109
2190 28747.14624087796 0.01095
2200 28713.84177684582 0.011
2210 28748.20203252659 0.01105
2220 28749.32985225683 0.0111
2230 28762.31454725275 0.01115
2240 28842.60073830035 0.0112
2250 28905.06518198183 0.01125
2260 28926.85691143412 0.0113
2270 28957.6167072875 0.01135
2280 28966.95526222093 0.0114
2290 28948.86780769432 0.01145
2300 28933.85178750422 0.0115
2310 28898.50055682281 0.01155
2320 28815.47560058092 0.0116
2330 28746.46707841922 0.01165
2340 28680.70871012995 0.0117
2350 28599.18191241888 0.01175
2360 28512.94054227665 0.0118
2370 28397.49058153536 0.01185
2380 28289.45397803417 0.0119
2390 28209.19010640173 0.01195
2400 28115.24337365767 0.012
2410 28025.92054124751 0.01205
2420 27878.37137669896 0.0121
2430 27729.01596365806 0.01215
2440 27628.48859880934 0.0122
2450 27457.74217737213 0.01225
2460 27236.38749508156 0.0123
2470 27051.0853852869 0.01235
2480 26882.59111740875 0.0124
2490 26758.71679214467 0.01245
2500 26617.16060301818 0.0125
2510 26445.66150467464 0.01255
2520 26384.20522055613 0.0126
2530 26144.67972150775 0.01265
2540 25947.35764068343 0.0127
2550 25686.30177331474 0.01275
2560 25365.80016039134 0.0128
2570 25043.70962533472 0.01285
2580 24674.50825392443 0.0129
2590 24284.8292148352 0.01295
2600 23884.14424131484 0.013
2610 23376.2372621834 0.01305
2620 22931.03654779978 0.0131
2630 22508.42427265897 0.01315
2640 21839.17363520727 0.0132
2650 22108.68117162496 0.01325
2660 22135.19835269563 0.0133
2670 22052.56945212784 0.01335
2680 21958.90856618138 0.0134
2690 21778.2952187282 0.01345
2700 21586.44595885294 0.0135
2710 21481.22447377502 0.01355
2720 21243.96783489528 0.0136
2730 20931.26117338669 0.01365
2740 20741.1526663548 0.0137
2750 20527.20551758457 0.01375
2760 20341.89931070004 0.0138
2770 20217.28030656403 0.01385
2780 20090.03592749998 0.0139
2790 20019.19929712955 0.01395
2800 21623.51337714469 0.014
2810 25580.82375394192 0.01405
2820 24867.92403350077 0.0141
2830 18880.64382626195 0.01415
2840 22218.784766203 0.0142
2850 22740.17918116977 0.01425
2860 22773.4860383837 0.0143
2870 23021.54899609872 0.01435
2880 22999.59497693455 0.0144
2890 22608.22047502075 0.01445
2900 23247.77951873918 0.0145
2910 23749.83904203104 0.01455
2920 24206.07804241921 0.0146
2930 25085.49860387285 0.01465
2940 26765.32270111022 0.0147
2950 27385.24850692745 0.01475
2960 27100.62821235953 0.0148
2970 26907.72542954938 0.01485
2980 26769.82929252899 0.0149
2990 26891.0203260368 0.01495
3000 27177.57376679138 0.015
3010 27348.87376628442 0.01505
3020 27554.84192531862 0.0151
3030 27743.40003472017 0.01515
3040 27857.28486676497 0.0152
3050 27956.48908138169 0.01525
3060 27963.88320349827 0.0153
3070 27975.2233353251 0.01535
3080 28004.52205311055 0.0154
3090 28005.48429439281 0.01545
3100 28056.3472747339 0.0155
3110 28081.51957897592 0.01555
3120 28060.56994937377 0.0156
3130 28040.37266703147 0.01565
3140 27960.4401506601 0.0157
3150 27924.00078460257 0.01575
3160 27907.06810258082 0.0158
3170 27901.63343854676 0.01585
3180 27904.16143315513 0.0159
3190 27925.2332105355 0.01595
3200 27932.56733453766 0.016
3210 27908.497184064 0.01605
3220 27913.026708621 0.0161
3230 27924.66180800455 0.01615
3240 27926.01819017887 0.0162
3250 27920.71123858507 0.01625
3260 27890.09324006894 0.0163
3270 27855.47776456025 0.01635
3280 27768.9526870462 0.0164
3290 27671.29789442361 0.01645
3300 27548.44949272458 0.0165
3310 27424.38496796804 0.01655
3320 28052.19724909804 0.0166
3330 41486.05641053276 0.01665
