"tensao-rfile"
"Time Step" "tensao etc.."
("Time Step" "tensao(plano-eletrodos-tensao-a)" "tensao(plano-eletrodos-tensao-b)" "tensao(plano-eletrodos-tensao-c)" "flow-time")
11 10703.59253825751 9149.559885965396 8206.489037571026 0.00011
12 10561.83300100103 9305.901349609499 8236.347592433778 0.00012
13 10459.77646102453 9414.126000846893 8251.685685295672 0.00013
14 10398.40042199389 9476.788619651006 8256.388227515081 0.00014
16 10336.82630219744 9540.850479818746 8256.032188325822 0.00016
17 10318.75076950047 9560.115150569813 8253.229503888284 0.00017
18 10302.1317571478 9578.876595550852 8250.478907207102 0.00018
19 10286.79297973445 9596.132530723598 8247.38791698772 0.00019
20 10273.49042246769 9611.185088959295 8243.871480580488 0.0002
21 10262.39677798949 9623.7238321473 8239.836930137059 0.00021
22 10253.74181557971 9633.750925187973 8235.484475363273 0.00022
23 10246.98393705857 9641.922421579859 8230.857600668878 0.00023
24 10241.81164751241 9648.272279135375 8226.111184747866 0.00024
25 10237.9226157261 9652.953068615292 8220.66501989328 0.00025
26 10235.36678973223 9656.476554642268 8215.340638411275 0.00026
27 10233.73225066032 9658.89655257328 8209.891172928104 0.00027
28 10233.10693549597 9660.55969915581 8204.575509384445 0.00028
29 10233.05313375284 9661.576240132617 8199.294565846485 0.00029
30 10233.43410381478 9662.270504903285 8193.784642563855 0.0003
31 10233.82100140918 9662.602339827336 8187.791925834571 0.00031
32 10234.41055122407 9662.828377620859 8182.279213818556 0.00032
33 10235.3967254922 9662.988930819454 8176.685313412864 0.00033
34 10236.60605656185 9662.936592241151 8171.3049871528 0.00034
35 10237.84956147781 9662.292677968973 8165.480513935713 0.00035
36 10239.62290866813 9661.504901458578 8160.016204949018 0.00036
37 10241.21602433126 9660.371111996839 8154.11665604831 0.00037
38 10243.02477323475 9659.06041265878 8148.172219567549 0.00038
39 10244.81728794423 9657.61472814019 8141.992798077567 0.00039
40 10246.72757624182 9656.168022041295 8136.540075380649 0.0004
41 10248.56817661771 9654.885622648675 8131.244224188627 0.00041
42 10250.53338370642 9653.513769163035 8126.351434437495 0.00042
43 10252.55903297176 9651.929411539402 8121.596939062109 0.00043
44 10254.54862254788 9650.224112587548 8117.095072858186 0.00044
45 10256.61378768284 9648.571211664928 8111.916118987287 0.00045
46 10258.61822290905 9646.989755848526 8108.690087789984 0.00046
47 10260.59560703392 9645.466891758701 8103.20281665836 0.00047
48 10262.64471588644 9644.098515589416 8097.435062217693 0.00048
49 10264.74866803349 9642.781494985085 8091.82814340886 0.00049
50 10266.56125087377 9641.474014061707 8087.431357032319 0.0005
51 10268.24732978136 9640.29557495042 8083.206935507192 0.00051
52 10269.80510586715 9639.280788026867 8079.950786756601 0.00052
53 10271.33578447511 9638.354994653568 8075.82652448589 0.00053
54 10272.59498172764 9637.210543931167 8071.782798974186 0.00054
55 10274.09877817967 9636.406737792344 8067.099815141564 0.00055
56 10275.44970573705 9635.398753410045 8063.64237963363 0.00056
57 10276.83586177257 9634.596856496757 8058.691809995261 0.00057
58 10278.28617433468 9633.829773062498 8055.049918338317 0.00058
59 10279.76917877722 9633.214085769325 8050.086125471814 0.00059
60 10281.30954058375 9632.483104383138 8045.925471538547 0.0006000000000000001
61 10282.80509259678 9631.973715781043 8040.684567306272 0.00061
62 10284.07161808517 9631.312339732523 8036.913458339456 0.00062
63 10285.52095519525 9630.872493731989 8031.74223515152 0.00063
64 10286.80943756261 9630.3932480763 8027.916412538384 0.0006399999999999999
65 10288.35364067863 9630.115618435389 8023.880428303886 0.00065
66 10290.22277569576 9630.159693587953 8020.481184337018 0.00066
67 10291.46388244174 9629.546772567075 8016.391982603011 0.00067
68 10292.70556411008 9629.05423185371 8012.339452931412 0.00068
69 10293.6278651421 9628.507316684119 8008.577625969422 0.0006900000000000001
70 10294.88764256204 9628.249934248179 8004.496457698721 0.0007
71 10295.80900906678 9627.830940771113 8001.844000099415 0.00071
72 10297.11505570821 9627.702261155746 7998.06322196966 0.0007199999999999999
73 10298.1796058013 9627.413345570643 7995.188757384463 0.00073
74 10299.16032342608 9627.303980716475 7991.8696985258 0.00074
75 10299.9488071891 9626.938838241409 7989.639450107087 0.00075
76 10300.9607470514 9626.732591836251 7986.399671649132 0.00076
77 10301.77132153887 9626.408661946991 7983.876748043835 0.0007700000000000001
78 10302.74207064854 9626.403131455676 7981.062615781683 0.0007800000000000001
79 10303.37779592711 9626.11074915409 7979.522869444812 0.00079
80 10304.11345305466 9625.967337986634 7976.396296210195 0.0008
81 10304.83616118942 9625.814261877087 7975.07847974625 0.00081
82 10305.84770962691 9625.764214669171 7972.970001179525 0.00082
83 10306.7481748682 9625.827881863332 7971.363356504477 0.00083
84 10307.66473808818 9625.817332369377 7970.276902280806 0.00084
85 10308.44932937705 9625.774277949486 7968.951150144988 0.0008500000000000001
86 10309.26714271096 9625.590723360165 7967.731961629426 0.0008600000000000001
87 10309.82788575192 9625.382077060543 7966.959603656824 0.00087
88 10310.3555490714 9624.928618351965 7966.368954123254 0.00088
89 10310.99494612207 9624.626460070864 7964.570748108814 0.0008899999999999999
90 10311.91610266221 9624.50633892887 7965.44164218911 0.0009
91 10312.66790370226 9624.130088863067 7965.053496724796 0.00091
92 10313.80623095924 9623.876169553632 7964.798246099632 0.00092
93 10314.77501441539 9623.506147237364 7964.577186177945 0.0009300000000000001
94 10315.94324712472 9623.099097719638 7963.618284755439 0.0009400000000000001
95 10317.24978749019 9622.529783576561 7962.603412317238 0.00095
96 10318.69362803894 9621.990131910299 7961.222208823268 0.00096
97 10320.52331783479 9621.474602098508 7959.410886644348 0.0009700000000000001
98 10322.53022636257 9620.734883339157 7957.554754562284 0.00098
99 10324.42884373447 9619.941866265282 7956.190671445897 0.00099
100 10326.59986032817 9619.066241542867 7954.816234377065 0.001
101 10329.29798217511 9618.640905693017 7954.247340998529 0.00101
102 10331.93762092698 9617.985824877391 7953.05523338973 0.00102
103 10334.52527144716 9617.101035050342 7951.812208329316 0.00103
104 10337.33265171541 9616.305203332216 7950.880236267596 0.00104
105 10340.03124915603 9615.344960168279 7949.893644622119 0.00105
106 10342.53286654869 9614.218430240446 7948.446890344689 0.00106
107 10345.43917396437 9613.415562177441 7947.783233421945 0.00107
108 10347.86235632779 9612.048653784561 7947.70199065165 0.00108
109 10350.61154237058 9610.957738445297 7945.692640798876 0.00109
110 10353.12337515893 9609.985728612812 7946.32631144068 0.0011
111 10355.90810426687 9609.148744803586 7944.901177722067 0.00111
112 10358.32411252401 9607.992554946952 7945.566613745515 0.00112
113 10360.9669942376 9607.383388846976 7944.305260594242 0.00113
114 10362.79389480239 9606.192425194629 7944.332811467252 0.00114
115 10364.88881429656 9605.739667607548 7943.707539426739 0.00115
116 10366.31548394426 9604.80291275407 7944.043310757076 0.00116
117 10367.84946200174 9604.388097897778 7943.790073759559 0.00117
118 10368.73141461792 9603.600743834486 7943.998765378667 0.00118
119 10369.56734862416 9602.972342558025 7943.769968637873 0.00119
120 10370.43690665708 9602.498548897625 7944.003510935714 0.0012
121 10371.21516299865 9602.069685064493 7944.367523639881 0.00121
122 10371.65841543281 9601.409921790284 7944.775783785237 0.00122
123 10372.29289340934 9601.178588694227 7945.574481800865 0.00123
124 10372.78001118877 9600.918366242637 7946.209828288753 0.00124
125 10373.07118546281 9600.413437161053 7947.599629081826 0.00125
126 10373.34663777999 9600.456100216699 7948.505103091531 0.00126
127 10373.00687555334 9600.010567003048 7950.386144476299 0.00127
128 10372.48888342979 9599.542636555199 7951.917654629488 0.00128
129 10372.12098012101 9599.051313251111 7954.097603090074 0.00129
130 10371.4763020403 9598.373612407406 7956.961929607527 0.0013
131 10370.57009879498 9597.288057102098 7959.991159445897 0.00131
132 10369.71256237321 9595.818673210577 7964.666441985449 0.00132
133 10368.55042500603 9594.279165422618 7970.133650049779 0.00133
134 10366.94686868882 9591.384328585367 7978.164632316397 0.00134
135 10364.48143822113 9586.797995235987 7989.523352663377 0.00135
136 10360.99238927593 9579.964924346508 8006.341848149575 0.00136
137 10356.54154970718 9569.419592621403 8032.858825050551 0.00137
138 10350.71625454954 9555.408341057233 8071.976429707908 0.00138
139 10340.2224420511 9533.002124255017 8126.567075303865 0.00139
140 10327.3510141127 9506.884798607529 8201.54968724814 0.0014
141 10310.51497478424 9484.309042922483 8272.16706759324 0.00141
142 10291.88872031485 9466.497382391333 8336.158672417519 0.00142
143 10273.43292069196 9452.16718120646 8396.659052627003 0.00143
144 10255.42286618687 9440.789337082451 8448.018000630473 0.00144
145 10238.51708058493 9431.596405792918 8491.2855142302 0.00145
146 10222.70864028494 9422.742489521519 8534.051737822483 0.00146
147 10208.11449590571 9416.342487918731 8564.291664568642 0.00147
148 10195.44454334232 9411.573225701619 8589.933118769857 0.00148
149 10184.1348939046 9407.243630124405 8615.029167404056 0.00149
150 10174.18190136309 9403.834801862655 8637.419138816045 0.0015
151 10165.3559435466 9400.99628427981 8656.123692211186 0.00151
152 10157.08048901749 9398.053573807183 8673.107387447333 0.00152
153 10149.75683386062 9395.167526805131 8689.657429946594 0.00153
154 10143.2133323757 9392.501385245068 8705.088140487507 0.00154
155 10137.45446515339 9390.690455026155 8716.850147092469 0.00155
156 10132.45836477296 9389.101797091031 8727.195152872482 0.00156
157 10127.98547348591 9387.557426066076 8736.735754835518 0.00157
158 10123.75649937126 9385.904989038529 8745.611472123492 0.00158
159 10120.04749270533 9384.452692010878 8753.649593071321 0.00159
160 10116.73880293224 9383.128561209014 8760.544591930322 0.0016
161 10113.93310402254 9381.999415932949 8766.571701138597 0.00161
162 10111.39344119515 9381.051699911253 8771.523779812291 0.00162
163 10109.31708142077 9380.327486478542 8775.379091622983 0.00163
164 10107.39422149034 9379.716500228118 8778.321235519061 0.00164
165 10105.85201634464 9379.321939702515 8780.372929798099 0.00165
166 10104.5836568421 9379.025488294348 8782.053492768282 0.00166
167 10103.47020032967 9378.854062181903 8783.297120521578 0.00167
168 10102.55567445032 9378.684004097457 8784.242349620732 0.00168
169 10101.82939166786 9378.492421269506 8785.183354851624 0.00169
170 10101.22935506651 9378.327682930074 8786.106755741243 0.0017
171 10100.63562849084 9378.114611357882 8787.142322047794 0.00171
172 10100.19687810408 9377.886972094571 8788.010683429848 0.00172
173 10099.82735841794 9377.720057500961 8788.648944429906 0.00173
174 10099.40534765205 9377.616550757974 8789.053512367911 0.00174
175 10099.03369962698 9377.602547599019 8789.30291905065 0.00175
176 10098.62388605379 9377.633399339033 8789.398185285336 0.00176
177 10098.2982848068 9377.666208034705 8789.41707870565 0.00177
178 10097.8393680062 9377.792303509328 8789.299161457393 0.00178
179 10097.58265461584 9377.962286692364 8789.048329281501 0.00179
180 10097.27721481032 9378.204998908153 8788.657355412241 0.0018
181 10097.0535056575 9378.526022694148 8788.010161290147 0.00181
182 10096.81086625067 9378.90665332485 8787.233708591233 0.00182
183 10096.66121907809 9379.399587793689 8786.317009143626 0.00183
184 10096.51101306889 9379.995548325738 8785.202914820502 0.00184
185 10096.43419262337 9380.648737076579 8783.861349060346 0.00185
186 10096.3158955441 9381.365589649267 8782.375181925827 0.00186
187 10096.28822343533 9382.178414324761 8780.660299688521 0.00187
188 10096.21334936458 9383.047693587165 8778.827637003191 0.00188
189 10096.1571644959 9384.016974172893 8776.959167747273 0.00189
190 10096.1555396463 9384.957008920361 8775.02811201196 0.0019
191 10096.09501128169 9385.888060778692 8773.204956918556 0.00191
192 10089.94663078429 9391.877293187077 8763.296403943636 0.00196
193 10089.44288922125 9396.102123499295 8756.259102688782 0.00201
194 10089.57289105326 9399.452937543976 8750.361284002469 0.00206
195 10088.26556208312 9400.711656524474 8748.514581616264 0.00211
196 10086.33621231462 9402.33919560468 8746.567784357094 0.00216
197 10082.26991987572 9400.642748405227 8750.193318171867 0.00221
198 10077.72282844599 9401.097822344029 8751.110250853777 0.00226
199 10068.54140070945 9397.546002583093 8758.457964441279 0.00231
200 10059.70870268089 9396.944336575616 8761.276520852747 0.00236
201 10045.82935146832 9394.008076358556 8769.081611407088 0.00241
