"calorimetro-temperatura-vol-med-rfile"
"Time Step" "calorimetro-temperatura-vol-med etc.."
("Time Step" "calorimetro-temperatura-vol-med" "flow-time")
1 300.0000000000001 0.0001
2 300.0000000377269 0.0002
3 300.0000001724988 0.0003
4 300.0000042971513 0.0004
5 300.0000082169835 0.0005
6 300.0000120596326 0.0006000000000000001
7 300.000017380872 0.0007
8 300.000023678141 0.0008
9 300.0000297587684 0.0009
10 300.0000356496137 0.001
11 300.0000412402302 0.0011
12 300.0000465741075 0.0012
13 300.000051649182 0.0013
14 300.0000565358607 0.0014
15 300.0000612625643 0.0015
16 300.0000661991674 0.0016
17 300.0000710474034 0.0017
18 300.000075873772 0.0018
19 300.0000810542131 0.0019
20 300.0000867824256 0.002
21 300.000093813287 0.0021
22 300.0001012239453 0.0022
23 300.0001087493322 0.0023
24 300.000115942635 0.0024
25 300.000122845503 0.0025
26 300.0001296028583 0.0026
27 300.0001361105606 0.0027
28 300.000142839852 0.0028
29 300.0001493349823 0.0029
30 300.0001558299954 0.003
31 300.0001621253806 0.0031
32 300.0001682501889 0.0032
33 300.0001742454019 0.0033
34 300.0001801588786 0.0034
35 300.0001861174986 0.0035
36 300.0001920139914 0.0036
37 300.0001977651712 0.0037
38 300.0002033943223 0.0038
39 300.0002090872131 0.0039
40 300.0002617089661 0.004
41 300.0003102390463 0.0041
42 300.0003571685752 0.004200000000000001
43 300.0004012517598 0.0043
44 300.0004429360604 0.0044
45 300.0004825357834 0.004500000000000001
46 300.0005206740403 0.0046
47 300.0005588777407 0.004700000000000001
48 300.0005954644564 0.0048
49 300.0006305967568 0.0049
50 300.0006643901795 0.005000000000000001
51 300.0006969744318 0.0051
52 300.0007284315175 0.0052
53 300.0007588332009 0.005300000000000001
54 300.0007985573012 0.0054
55 300.0008366212813 0.0055
56 300.0008732039504 0.005600000000000001
57 300.0009088359254 0.0057
58 300.0009433219453 0.0058
59 300.000976738911 0.005900000000000001
60 300.0010092098447 0.006
61 300.0010421655278 0.0061
62 300.0010744744448 0.006200000000000001
63 300.001105845032 0.0063
64 300.0011366770494 0.006399999999999999
65 300.0011681036618 0.006500000000000001
66 300.001198666691 0.0066
67 300.0012291502371 0.006700000000000001
68 300.0012590022599 0.0068
69 300.0012881337639 0.0069
70 300.0013165909669 0.007000000000000001
71 300.0013444042978 0.0071
72 300.001374703893 0.0072
73 300.001404942822 0.007300000000000001
74 300.0014343772801 0.0074
75 300.0015543807353 0.0075
76 300.0026996508214 0.007600000000000001
77 300.0036265049829 0.0077
78 300.0044075677086 0.0078
79 300.0050890013744 0.007900000000000001
80 300.0056989578828 0.008
81 300.0062609233452 0.0081
82 300.0067923684189 0.008200000000000001
83 300.0072883631062 0.0083
84 300.0077628439491 0.008400000000000001
85 300.0082126763085 0.008500000000000001
86 300.008641654792 0.0086
87 300.0090531796104 0.008700000000000001
88 300.0094491560782 0.008800000000000001
89 300.0098314996326 0.008900000000000002
90 300.0102014772744 0.009000000000000001
91 300.0105670639107 0.0091
92 300.010921551054 0.009200000000000002
93 300.0112658403401 0.009300000000000001
94 300.0116006913875 0.0094
95 300.0119267218315 0.009500000000000001
96 300.0122444607055 0.009600000000000001
97 300.0125543654186 0.0097
98 300.0128568227088 0.009800000000000001
99 300.0131521863551 0.009900000000000001
100 300.0134407838827 0.01
101 300.0137229518034 0.0101
102 300.0139989738419 0.0102
103 300.0142691026313 0.0103
104 300.014533638038 0.0104
105 300.0147927611223 0.0105
106 300.0150467016592 0.0106
107 300.0152956886933 0.0107
108 300.0155399331226 0.0108
109 300.0157815376752 0.0109
110 300.0160187212839 0.011
111 300.0162515381795 0.0111
112 300.0165160456652 0.0112
113 300.016771331287 0.0113
114 300.0170316530706 0.0114
115 300.0174797162494 0.0115
116 300.0178851260561 0.0116
117 300.0182627539255 0.0117
118 300.0186211877138 0.0118
119 300.0189657106475 0.0119
120 300.0192984150305 0.012
121 300.0196212152914 0.0121
122 300.0199363039253 0.0122
123 300.020243701528 0.0123
124 300.02054430128 0.0124
125 300.0208396717724 0.0125
126 300.0211290505577 0.0126
127 300.0214131317992 0.0127
128 300.0216924796926 0.0128
129 300.0219729078497 0.0129
130 300.0222480143379 0.013
131 300.0225185891346 0.0131
132 300.0227852641244 0.0132
133 300.0232044516296 0.0133
134 300.0235874281767 0.0134
135 300.0239495471084 0.0135
136 300.0242972194807 0.0136
137 300.0246337651785 0.0137
138 300.0249611373977 0.0138
139 300.0252816324448 0.0139
140 300.025605093873 0.014
141 300.025920402259 0.0141
142 300.0262282808381 0.0142
143 300.0265299100634 0.0143
144 300.0268256539716 0.0144
145 300.0271163860376 0.0145
146 300.0274031926644 0.0146
147 300.0276870260157 0.0147
148 300.027969591361 0.0148
149 300.0282550144614 0.0149
150 300.0285444393297 0.015
151 300.0288429547504 0.0151
152 300.0291577645272 0.0152
153 300.0294993397756 0.0153
154 300.0298827587431 0.0154
155 300.0303303143866 0.0155
156 300.030873547342 0.0156
157 300.0315604752716 0.0157
158 300.0324576079065 0.0158
159 300.0336604574496 0.0159
160 300.0353132006693 0.016
161 300.0376258759459 0.0161
162 300.0409003650021 0.0162
163 300.0455543247139 0.0163
164 300.0521271530638 0.0164
165 300.0612748226893 0.0165
166 300.0738511852665 0.0166
167 300.0912211244264 0.0167
168 300.120032789052 0.0168
169 300.1591151721884 0.0169
170 300.2144513003283 0.017
171 300.2912779621403 0.0171
172 300.3929295455661 0.0172
173 300.5200004028574 0.0173
174 300.6702797620543 0.0174
175 300.8394861166034 0.0175
176 301.022081362139 0.0176
177 301.2122328301469 0.0177
178 301.4047163321936 0.0178
179 301.5955352974001 0.0179
180 301.7823678621788 0.018
181 301.9644800123909 0.0181
182 302.1423102007253 0.0182
183 302.3170187947844 0.0183
184 302.4898763088452 0.0184
185 302.6617643032733 0.0185
186 302.8331103735076 0.0186
187 303.0039992769192 0.0187
188 303.1743251749953 0.0188
189 303.3439192945089 0.0189
190 303.5126475230487 0.019
191 303.6804495477673 0.0191
192 303.8473610907727 0.0192
193 304.0135164410123 0.0193
194 304.1791318963504 0.0194
195 304.344484019686 0.0195
196 304.5098765079533 0.0196
197 304.6756071287718 0.0197
198 304.8419435628577 0.0198
199 305.009102573759 0.0199
200 305.1772338623324 0.02
201 305.3464172218373 0.0201
202 305.5166607382645 0.0202
203 305.6879103067627 0.0203
204 305.8600644680619 0.0204
205 306.0329881433971 0.0205
206 306.2065288023942 0.0206
207 306.3805356282972 0.0207
208 306.5548661947072 0.0208
209 306.7294028845959 0.0209
210 306.9040518511568 0.021
211 307.0787612572944 0.0211
212 307.253501377316 0.0212
213 307.4282699149593 0.0213
214 307.6030849824356 0.0214
215 307.7779820060185 0.0215
216 308.0212737339369 0.0216
217 308.2063174269455 0.0217
218 308.3832636396003 0.0218
219 308.5583831007111 0.0219
220 308.7329121593973 0.022
221 308.9072943464206 0.0221
222 309.0818795480503 0.0222
223 309.2569760321102 0.0223
224 309.4328532594644 0.0224
225 309.6098248345911 0.0225
226 309.788241630898 0.0226
227 309.9684111439305 0.0227
228 310.1506227111031 0.0228
229 310.3351284996689 0.0229
230 310.5221417971202 0.023
231 310.7117938763279 0.0231
232 310.9041494712338 0.0232
233 311.0991902399154 0.0233
234 311.2968289413042 0.0234
235 311.4969192492179 0.0235
236 311.6992712165862 0.0236
237 311.9036724762569 0.0237
238 312.109890045807 0.0238
239 312.3176863626393 0.0239
240 312.526815777719 0.024
241 312.7370143908308 0.0241
242 312.9479753158976 0.0242
243 313.1593197240205 0.0243
244 313.3706098428612 0.0244
245 313.5814197886845 0.0245
246 313.79145204644 0.0246
247 314.0006585566135 0.0247
248 314.2093857273828 0.0248
249 314.4183866574192 0.0249
250 314.6286725611193 0.025
251 314.8413628065492 0.0251
252 315.0574756649598 0.0252
253 315.2777509924829 0.0253
254 315.5025932824024 0.0254
255 315.7320404485613 0.0255
256 315.9658353154305 0.0256
257 316.2035068972409 0.0257
258 316.444452318736 0.0258
259 316.6880089818976 0.0259
260 316.933513216028 0.026
261 317.1803467499175 0.0261
262 317.4279619744759 0.0262
263 317.6759081822964 0.0263
264 317.9238455612892 0.0264
265 318.1715406961226 0.0265
266 318.4188610709845 0.0266
267 318.6657686209825 0.0267
268 318.912328561492 0.0268
269 319.1587433825449 0.0269
270 319.4051706675405 0.027
271 319.6519361353306 0.0271
272 319.8994037582127 0.0272
273 320.1479707581124 0.0273
274 320.3980424190244 0.0274
275 320.6499960341383 0.0275
276 320.9041706391262 0.0276
277 321.1608330524863 0.0277
278 321.4201632617299 0.0278
279 321.6819365397131 0.0279
280 321.9461651563864 0.028
281 322.213035622685 0.0281
282 322.4824043592945 0.0282
283 322.7540529110019 0.0283
284 323.0277182515701 0.0284
285 323.3031078358414 0.0285
286 323.57993303081 0.0286
287 323.8579079156737 0.0287
288 324.1365324916973 0.0288
289 324.4159527781237 0.0289
290 324.695986164625 0.029
291 324.9766169199169 0.0291
292 325.2578603694038 0.0292
293 325.5397916351317 0.0293
294 325.8225092205076 0.0294
295 326.1061070697996 0.0295
296 326.3906303301901 0.0296
297 326.6763081062694 0.0297
298 326.9628208163282 0.0298
299 327.2501075151803 0.0299
300 327.5380829849851 0.03
301 327.8266261589866 0.0301
302 328.1156153636901 0.0302
303 328.4049615421009 0.0303
304 328.6945731842687 0.0304
305 328.9844362190033 0.0305
306 329.274606680479 0.0306
307 329.5651661747489 0.0307
308 329.8562864898059 0.0308
309 330.1481609910436 0.0309
310 330.4410406822136 0.031
311 330.7352001459329 0.0311
312 331.030915174654 0.0312
313 331.3284459709459 0.0313
314 331.627988800942 0.0314
315 331.929666765635 0.0315
316 332.2335141824119 0.0316
317 332.5394735226812 0.0317
318 332.8473898382595 0.0318
319 333.1570133606693 0.0319
320 333.4679716772389 0.032
321 333.7798583011237 0.0321
322 334.0921105461691 0.0322
323 334.4040574577835 0.0323
324 334.7149290584612 0.03240000000000001
325 335.0239102378177 0.0325
326 335.3303228986223 0.0326
327 335.6339899224536 0.0327
328 335.9356114164876 0.0328
329 336.2369802364966 0.0329
330 336.5407386163429 0.033
331 336.8496792510701 0.0331
332 337.1660098474251 0.0332
333 337.4908716716859 0.0333
334 337.824442361969 0.0334
335 338.1661631531984 0.0335
336 338.514995579104 0.0336
337 338.8696185833385 0.0337
338 339.2285721349144 0.0338
339 339.5903527689027 0.0339
340 339.9535114792351 0.034
341 340.3166980031419 0.03410000000000001
342 340.6808512490172 0.0342
343 341.0414083562781 0.0343
344 341.3985525427743 0.0344
345 341.7518217699842 0.0345
346 342.1007472980434 0.0346
347 342.4449887854939 0.0347
348 342.7843401150759 0.0348
349 343.1187185495143 0.0349
350 343.4481518494881 0.035
351 343.7727833481412 0.0351
352 344.0929608668731 0.0352
353 344.4087921855632 0.0353
354 344.7206905707345 0.0354
355 345.0290993052997 0.0355
356 345.3345120752319 0.0356
357 345.6374751936102 0.0357
358 345.9385643732098 0.03580000000000001
359 346.2383527294988 0.0359
360 346.5373537114359 0.036
361 346.8359903928693 0.0361
362 347.1345686886967 0.0362
363 347.4332597765111 0.0363
364 347.7320979953461 0.0364
365 348.030994579959 0.0365
366 348.3297656394994 0.0366
367 348.6281694413124 0.0367
368 348.9259436483019 0.0368
369 349.2229165826478 0.0369
370 349.5190020918429 0.03700000000000001
371 349.8142772258628 0.0371
372 350.1090142307998 0.0372
373 350.4036449082199 0.0373
374 350.6986923033184 0.0374
375 350.9946504582893 0.03750000000000001
376 351.2919398730326 0.0376
377 351.593617601238 0.0377
378 351.8950794613478 0.0378
379 352.1977234422512 0.0379
380 352.5015326081961 0.038
381 352.8062119316795 0.0381
382 353.1113259483273 0.0382
383 353.4164354953313 0.0383
384 353.7210765175553 0.0384
385 354.0248470344191 0.0385
386 354.3274039416448 0.0386
387 354.6284805880132 0.03870000000000001
388 354.9278953797085 0.0388
389 355.2255629083687 0.0389
390 355.5214996809514 0.039
391 355.8158188903392 0.0391
392 356.1087194219509 0.03920000000000001
393 356.4004831555858 0.0393
394 356.6914620882907 0.0394
395 356.9820480009713 0.0395
396 357.2726127788786 0.0396
397 357.5635662013901 0.0397
398 357.8552235743575 0.0398
399 358.1477976120143 0.0399
400 358.4413753336141 0.04
401 358.7359005303136 0.0401
402 359.0311757642699 0.0402
403 359.326858661424 0.0403
404 359.6224792260083 0.0404
405 359.9175072073274 0.0405
406 360.2114085317367 0.0406
407 360.5038125086585 0.0407
408 360.7947468550337 0.0408
409 361.0849497989884 0.0409
410 361.3760267100797 0.041
411 361.6702716525849 0.0411
412 361.9701956454952 0.0412
413 362.2779271528985 0.0413
414 362.5948100624504 0.0414
415 362.9213478247599 0.0415
416 363.2573281959488 0.0416
417 363.6019672649609 0.0417
418 363.9540674792022 0.0418
419 364.3121849222767 0.0419
420 364.6747519658568 0.042
421 365.0401610508312 0.0421
422 365.4068414580519 0.0422
423 365.7733353708261 0.0423
424 366.1383258737635 0.0424
425 366.5006764565532 0.0425
426 366.8594364413572 0.0426
427 367.2138406125216 0.0427
428 367.5633047257781 0.0428
429 367.9074125555486 0.0429
430 368.2459044554724 0.043
431 368.5786319903485 0.0431
432 368.9055712770224 0.0432
433 369.2268145396418 0.0433
434 369.542544296028 0.0434
435 369.8530419546779 0.0435
436 370.1586573899942 0.0436
437 370.4597890167562 0.0437
438 370.7568990161036 0.0438
439 371.0504863743021 0.0439
440 371.3410908315456 0.044
441 371.6292722275274 0.0441
442 371.9155781689073 0.0442
443 372.2005071472735 0.0443
444 372.4844775680075 0.0444
445 372.7678086841421 0.0445
446 373.0507168711284 0.0446
447 373.3331672442391 0.0447
448 373.6153829144749 0.0448
449 373.897363814528 0.0449
450 374.1791149893364 0.045
451 374.4607034390589 0.0451
452 374.7422877835894 0.0452
453 375.0241251895598 0.0453
454 375.3065591048903 0.0454
455 375.5899678225017 0.0455
456 375.8747217556087 0.0456
457 376.1611274311413 0.0457
458 376.4493801536729 0.0458
459 376.7395399134715 0.0459
460 377.0315146107063 0.046
461 377.3250776914054 0.0461
462 377.6198791164614 0.0462
463 377.9155013587835 0.0463
464 378.211487062435 0.0464
465 378.50737971474 0.0465
466 378.8027412837051 0.0466
467 379.0971957973525 0.0467
468 379.3904234108784 0.0468
469 379.6821940758626 0.0469
470 379.9723644930608 0.047
471 380.2608898391984 0.0471
472 380.5478226653402 0.0472
473 380.8333095937764 0.0473
474 381.1175857415007 0.0474
475 381.4009692207998 0.0475
476 381.6865653052238 0.0476
477 381.9671348031811 0.0477
478 382.2475050224333 0.0478
479 382.5284719807165 0.0479
480 382.8105186453585 0.048
481 383.0940018243413 0.0481
482 383.3791456925463 0.0482
483 383.6660241411853 0.0483
484 383.9545511800878 0.0484
485 384.2444839799055 0.0485
486 384.535430085676 0.0486
487 384.8268678181086 0.0487
488 385.1181667487521 0.0488
489 385.4086380546079 0.0489
490 385.6976700508716 0.049
491 385.9848953726639 0.0491
492 386.2697679491183 0.0492
493 386.5543426324813 0.0493
494 386.8403610035701 0.0494
495 387.1301732607355 0.0495
496 387.4261186731285 0.04960000000000001
497 387.7299148783415 0.0497
498 388.0426381844471 0.0498
499 388.3639846087482 0.0499
500 388.6934744183317 0.05
501 389.0301062757128 0.05010000000000001
502 389.3725677335556 0.0502
503 389.7193954049452 0.0503
504 390.0690757140709 0.0504
505 390.4201360050825 0.0505
506 390.7711913793497 0.0506
507 391.1209984329326 0.0507
508 391.4684843924892 0.0508
509 391.8127526963904 0.0509
510 392.1530991966761 0.051
511 392.4889788793888 0.0511
512 392.8199980686613 0.0512
513 393.1459244550575 0.0513
514 393.4666557481237 0.0514
515 393.782209498559 0.0515
516 394.0927208671621 0.0516
517 394.3984207334191 0.0517
518 394.6996090010105 0.0518
519 394.996656544779 0.0519
520 395.2900012681787 0.052
521 395.5801445490424 0.0521
522 395.8676503314665 0.0522
523 396.1531112356138 0.0523
524 396.4371096720031 0.0524
525 396.7201823452434 0.0525
526 397.0027793905037 0.0526
527 397.2852363831595 0.0527
528 397.5677603531435 0.0528
529 397.850431087471 0.0529
530 398.1332137814557 0.05300000000000001
531 398.4159859688948 0.0531
532 398.6985775519676 0.0532
533 398.9808197055797 0.0533
534 399.2626009224982 0.0534
535 399.5439267224259 0.0535
536 399.8246939367311 0.0536
537 400.1055447642601 0.0537
538 400.3868850004084 0.0538
539 400.6691607639252 0.0539
540 400.9527641385523 0.054
541 401.237996434243 0.0541
542 401.5250096691558 0.0542
543 401.8137893393148 0.0543
544 402.1041610927264 0.0544
545 402.3958178599011 0.0545
546 402.6883644956474 0.0546
547 402.9813589222665 0.0547
548 403.2743562810122 0.0548
549 403.5669382396725 0.0549
550 403.8588298960768 0.055
551 404.1495969227979 0.0551
552 404.4390801381277 0.0552
553 404.7271817098937 0.0553
554 405.0138939755253 0.0554
555 405.2993102060404 0.0555
556 405.5836162259969 0.0556
557 405.8670772182269 0.0557
558 406.1500347736636 0.0558
559 406.4328820678286 0.05590000000000001
560 406.7160369162596 0.056
561 406.9998967141545 0.0561
562 407.2842679328709 0.0562
563 407.5701544587704 0.0563
564 407.8577394642667 0.05640000000000001
565 408.1470917125147 0.0565
566 408.4381589025878 0.0566
567 408.7307437096219 0.0567
568 409.0245628787693 0.0568
569 409.319188314804 0.05690000000000001
570 409.6140799311179 0.057
571 409.9085951178973 0.0571
572 410.2020150799151 0.0572
573 410.4936597785688 0.0573
574 410.7830570875346 0.05740000000000001
575 411.0702504444379 0.0575
576 411.3561295128506 0.0576
577 411.6425224512771 0.0577
578 411.9320095023717 0.0578
579 412.2272510219978 0.0579
580 412.5302616203211 0.058
581 412.842106742658 0.0581
582 413.1629482172683 0.0582
583 413.4922426416241 0.0583
584 413.828969325889 0.0584
585 414.1717718440381 0.0585
586 414.5191420224997 0.0586
587 414.8695222481189 0.0587
588 415.2213707502752 0.05880000000000001
589 415.5732585142145 0.0589
590 415.9238989074857 0.059
591 416.2721780433253 0.0591
592 416.6171786049605 0.0592
593 416.9581746721738 0.05930000000000001
594 417.2946154051019 0.0594
595 417.6261132794107 0.0595
596 417.9524317612653 0.0596
597 418.2734728278312 0.0597
598 418.5892649342085 0.05980000000000001
599 418.899945987372 0.0599
600 419.2057615790382 0.06
601 419.5070291704873 0.0601
602 419.8041285786451 0.0602
603 420.0975099099373 0.06030000000000001
604 420.3876932085373 0.0604
605 420.6752573284227 0.0605
606 420.9608077662424 0.0606
607 421.2449326981618 0.0607
608 421.5281632283301 0.06080000000000001
609 421.8109347785673 0.0609
610 422.0934825565054 0.061
611 422.3760787040777 0.0611
612 422.6587647555133 0.0612
613 422.941468086691 0.0613
614 423.2240345966324 0.0614
615 423.5062706246893 0.0615
616 423.7880002012488 0.0616
617 424.069138985872 0.0617
618 424.3497429782271 0.0618
619 424.6300627461312 0.0619
620 424.9105248201406 0.062
621 425.1916636076203 0.0621
622 425.4740221030194 0.06220000000000001
623 425.758049361498 0.0623
624 426.0440465283486 0.0624
625 426.332125423315 0.0625
626 426.6222037507043 0.0626
627 426.9140246404931 0.06270000000000001
628 427.2071955517326 0.06279999999999999
629 427.5012472114001 0.0629
630 427.7956982630093 0.063
631 428.0900124642448 0.0631
632 428.3837481522757 0.06320000000000001
633 428.6765352237821 0.0633
634 428.9680459010168 0.0634
635 429.2580800149938 0.0635
636 429.5465297789568 0.0636
637 429.833381860718 0.06370000000000001
638 430.118745728547 0.0638
639 430.4027615017732 0.0639
640 430.6857143927964 0.064
641 430.9679406018196 0.0641
642 431.2498024653109 0.06420000000000001
643 431.5317337172977 0.0643
644 431.8141656621676 0.0644
645 432.0974923773852 0.0645
646 432.3820460295946 0.0646
647 432.6680519788009 0.06470000000000001
648 432.9555215117285 0.0648
649 433.2445428763604 0.0649
650 433.5349450129708 0.065
651 433.8264346652049 0.06510000000000001
652 434.118598522221 0.06520000000000001
653 434.4109098862054 0.0653
654 434.7027415928088 0.0654
655 434.9934007372137 0.0655
656 435.2822392336341 0.06560000000000001
657 435.5688737421177 0.06570000000000001
658 435.8534784198627 0.0658
659 436.1371165212827 0.0659
660 436.4218110783048 0.066
661 436.7102615463236 0.06610000000000001
662 437.005155708432 0.06620000000000001
663 437.3084395615758 0.0663
664 437.6210904461477 0.0664
665 437.9432019861082 0.0665
666 438.2741617425708 0.06660000000000001
667 438.6128798921786 0.06670000000000001
668 438.9579307031458 0.0668
669 439.3077576018255 0.0669
670 439.6607306774239 0.067
671 440.0152797745538 0.06710000000000001
672 440.3698745290651 0.06720000000000001
673 440.7231776601582 0.0673
674 441.0740324082767 0.0674
675 441.421485642561 0.0675
676 441.7647769664608 0.06760000000000001
677 442.1033359606028 0.06770000000000001
678 442.4367643324092 0.0678
679 442.7648118896337 0.0679
680 443.0873681570149 0.068
681 443.4044478563914 0.06809999999999999
682 443.7161726253772 0.06820000000000001
683 444.0227688953203 0.0683
684 444.3245499171543 0.0684
685 444.6218846173784 0.06850000000000001
686 444.9152097374605 0.06859999999999999
687 445.205050695498 0.0687
688 445.4918908281283 0.0688
689 445.7763413969034 0.0689
690 446.0589961312923 0.06900000000000001
691 446.3403969005171 0.06909999999999999
692 446.621006449822 0.0692
693 446.9011777210281 0.0693
694 447.1811374541276 0.0694
695 447.4609880039143 0.06950000000000001
696 447.7407193703606 0.0696
697 448.0202398008869 0.0697
698 448.299423416431 0.0698
699 448.578170557582 0.0699
700 448.8564790767175 0.07000000000000001
701 449.1345114149693 0.0701
702 449.4126147224857 0.0702
703 449.6913030270541 0.0703
704 449.9711706624071 0.0704
705 450.2527823906919 0.07050000000000001
706 450.5365849298174 0.0706
707 450.8228488823263 0.0707
708 451.1116381514304 0.0708
709 451.4027982860728 0.0709
710 451.6959882093557 0.07100000000000001
711 451.990732228147 0.0711
712 452.2865012322675 0.0712
713 452.5826587725011 0.0713
714 452.8786430892297 0.07140000000000001
715 453.1739301029605 0.07150000000000001
716 453.4680676197651 0.0716
717 453.7607054794706 0.0717
718 454.0515557017811 0.0718
719 454.3404664296488 0.07190000000000001
720 454.6273945242091 0.07200000000000001
721 454.9124033410444 0.0721
722 455.1956607973106 0.0722
723 455.4774281350225 0.0723
724 455.7580505986832 0.07239999999999999
725 456.0379368990518 0.07250000000000001
726 456.3175328833538 0.0726
727 456.5972993846268 0.0727
728 456.8776783883499 0.0728
729 457.1590690656286 0.07289999999999999
730 457.4417694998511 0.07300000000000001
731 457.7259583581 0.0731
732 458.011672681075 0.0732
733 458.298822047362 0.0733
734 458.58715819372 0.07339999999999999
735 458.8763256145207 0.07350000000000001
736 459.1658344360632 0.0736
737 459.4550842318913 0.0737
738 459.7433683569981 0.0738
739 460.0300471530454 0.07389999999999999
740 460.3146348337497 0.07400000000000001
741 460.5971285819732 0.0741
742 460.8783539809129 0.0742
743 461.1601335120654 0.0743
744 461.4451091661674 0.07439999999999999
745 461.7361271520051 0.07450000000000001
746 462.0355062311069 0.0746
747 462.3444263981661 0.0747
748 462.6631422970858 0.07480000000000001
749 462.9912308016456 0.07489999999999999
750 463.3276868412087 0.07500000000000001
751 463.6711506927645 0.0751
752 464.0200216949465 0.0752
753 464.3726375232729 0.07530000000000001
754 464.7273482371081 0.07539999999999999
755 465.0825821309227 0.07550000000000001
756 465.4369078350894 0.0756
757 465.7890797606093 0.0757
758 466.138056669324 0.07580000000000001
759 466.4829993893063 0.0759
760 466.8232668956712 0.07600000000000001
761 467.1584027671909 0.0761
762 467.4881126860524 0.0762
763 467.8122503943104 0.07630000000000001
764 468.1307763046744 0.0764
765 468.4437785213871 0.07650000000000001
766 468.7514425492798 0.0766
767 469.0540522019307 0.0767
768 469.3519597521947 0.07680000000000001
769 469.645566435123 0.0769
770 469.9353371963341 0.07700000000000001
771 470.2217834878697 0.0771
772 470.5054640358264 0.0772
773 470.7869514108548 0.07730000000000001
774 471.0667932789106 0.0774
775 471.3454774297243 0.0775
776 471.6233999893501 0.0776
777 471.9008416810365 0.07770000000000001
778 472.1779743335964 0.07780000000000001
779 472.4548593067665 0.0779
780 472.7314747709922 0.078
781 473.0077771691097 0.0781
782 473.283731341365 0.07820000000000001
783 473.5593884668688 0.07830000000000001
784 473.834952096778 0.0784
785 474.1107898921444 0.0785
786 474.3874026912638 0.0786
787 474.6653538030245 0.07870000000000001
788 474.9451683063934 0.07880000000000001
789 475.2294827634393 0.0789
790 475.5149772147344 0.079
791 475.8027306972524 0.0791
792 476.0927495026861 0.07919999999999999
793 476.3847345608254 0.07930000000000001
794 476.6782191985174 0.0794
795 476.9726514112993 0.0795
796 477.2674402327561 0.0796
797 477.5620143003398 0.07969999999999999
798 477.8558453689648 0.07980000000000001
799 478.1484787053146 0.0799
800 478.4395447355533 0.08
801 478.7288100281072 0.0801
802 479.0160411882005 0.08019999999999999
803 479.3011963985984 0.08030000000000001
804 479.584315148287 0.0804
805 479.8655508368372 0.0805
806 480.1451438202595 0.0806
807 480.423420280202 0.08069999999999999
808 480.7007695553626 0.08080000000000001
809 480.9776268367286 0.0809
810 481.254447311765 0.081
811 481.5316773615523 0.08110000000000001
812 481.8097226670508 0.08119999999999999
813 482.088911293187 0.08130000000000001
814 482.3694552547473 0.0814
815 482.6514354113062 0.0815
816 482.9347956661016 0.08160000000000001
817 483.2193382284322 0.08169999999999999
818 483.5047318360793 0.08180000000000001
819 483.7905199490737 0.0819
820 484.076138882883 0.082
821 484.360939251992 0.08210000000000001
822 484.6442675743185 0.0822
823 484.9256609204617 0.08230000000000001
824 485.2051121594174 0.0824
825 485.4834080753761 0.0825
826 485.7623306919679 0.08260000000000001
827 486.0444897327209 0.0827
828 486.3327336495065 0.08280000000000001
829 486.6293414279283 0.0829
830 486.9356267720802 0.083
831 487.2526606649177 0.08310000000000001
832 487.5789693064773 0.0832
833 487.9138112860527 0.08330000000000001
834 488.2558986176728 0.0834
835 488.6036721165942 0.0835
836 488.9554835216724 0.08360000000000001
837 489.3096179588595 0.0837
838 489.6644746382239 0.0838
839 490.0185803341836 0.0839
840 490.3706501575012 0.08400000000000001
841 490.7195926608254 0.08410000000000001
842 491.0645261801153 0.0842
843 491.4047828767832 0.0843
844 491.7398784944602 0.0844
845 492.0694905435486 0.08450000000000001
846 492.3934371139586 0.08460000000000001
847 492.7116673402434 0.0847
848 493.024245728491 0.0848
849 493.3313420473278 0.0849
850 493.6332221679496 0.08500000000000001
851 493.9302281593372 0.08510000000000001
852 494.2227535641243 0.0852
853 494.5112553759014 0.0853
854 494.7962462862795 0.0854
855 495.0782859415426 0.08549999999999999
856 495.357965288932 0.08560000000000001
857 495.6358591750451 0.0857
858 495.9124905697269 0.0858
859 496.1882996341208 0.0859
860 496.4636141534955 0.08599999999999999
861 496.7386414368249 0.08610000000000001
862 497.0134741872473 0.0862
863 497.2881089231054 0.0863
864 497.5624848785747 0.0864
865 497.8365347282905 0.08649999999999999
866 498.1102507469002 0.08660000000000001
867 498.3837570256346 0.0867
868 498.6573591279113 0.0868
869 498.9315386237335 0.08690000000000001
870 499.2068827767877 0.08699999999999999
871 499.483984140235 0.08710000000000001
872 499.7633638899067 0.0872
873 500.0453713675795 0.0873
874 500.3301554166684 0.08740000000000001
875 500.6176363010219 0.08749999999999999
876 500.9075263146312 0.08760000000000001
877 501.1993705624909 0.0877
878 501.4926107049666 0.0878
879 501.7866190067608 0.08790000000000001
880 502.0807635177589 0.08799999999999999
881 502.3744544757726 0.08810000000000001
882 502.6671624766833 0.0882
883 502.958442460896 0.0883
884 503.2479514882666 0.08840000000000001
885 503.5354507422549 0.0885
886 503.8208095111005 0.08860000000000001
887 504.1040062178637 0.0887
888 504.3851292475837 0.0888
889 504.6643634199155 0.08890000000000001
890 504.9419930496229 0.089
891 505.218367852254 0.08910000000000001
892 505.4938977525858 0.0892
893 505.7690248940415 0.0893
894 506.0442015421614 0.08940000000000001
895 506.3198388203996 0.0895
896 506.5963232527913 0.08960000000000001
897 506.8739194318281 0.0897
898 507.1527683400278 0.0898
899 507.4328750927064 0.08990000000000001
900 507.7141057270239 0.09
901 507.9961837721886 0.09010000000000001
902 508.2787015368185 0.0902
903 508.5611413374837 0.09030000000000001
904 508.8429009882871 0.09040000000000001
905 509.1233749614067 0.0905
906 509.4021199581841 0.0906
907 509.6791350548892 0.0907
908 509.9551889550818 0.09080000000000001
909 510.2320109774437 0.09090000000000001
910 510.5121501254359 0.091
911 510.7984524027625 0.0911
912 511.0932220568171 0.0912
913 511.3978294819451 0.09130000000000001
914 511.7127241978632 0.09140000000000001
915 512.0375666510577 0.0915
916 512.3714118106963 0.0916
917 512.7129193920869 0.0917
918 513.0605011907106 0.09180000000000001
919 513.4124557049448 0.09190000000000001
920 513.7670487731205 0.092
921 514.1226163161265 0.0921
922 514.4776226116946 0.0922
923 514.8307367046494 0.09229999999999999
924 515.1807823656804 0.09240000000000001
925 515.5268470455457 0.0925
926 515.8681920938646 0.0926
927 516.2043101718341 0.0927
928 516.5348488518355 0.09279999999999999
929 516.8596138327425 0.09290000000000001
930 517.1785352884569 0.093
931 517.4916523307675 0.0931
932 517.7991198703866 0.09320000000000001
933 518.1011754215724 0.09329999999999999
934 518.3981544666365 0.09340000000000001
935 518.6904409819613 0.0935
936 518.9784766612352 0.0936
937 519.2627525546558 0.09370000000000001
938 519.5438085066204 0.09379999999999999
939 519.8222165001463 0.09390000000000001
940 520.0985496318273 0.094
941 520.3733394636099 0.0941
942 520.6470427668669 0.09420000000000001
943 520.9200159923661 0.09429999999999999
944 521.1925026435283 0.09440000000000001
945 521.4646400559539 0.0945
946 521.7364747354155 0.0946
947 522.0080052239624 0.09470000000000001
948 522.2792328129754 0.0948
949 522.5502343529375 0.09490000000000001
950 522.8212324544377 0.095
951 523.0926309817241 0.0951
952 523.364991551968 0.09520000000000001
953 523.6389515558287 0.0953
954 523.9151237191297 0.09540000000000001
955 524.1940139023836 0.0955
956 524.475941889092 0.0956
957 524.7609796917415 0.09570000000000001
958 525.0489670711581 0.0958
959 525.3395311738145 0.09590000000000001
960 525.6321418979263 0.096
961 525.926167954401 0.0961
962 526.2209309278522 0.09620000000000001
963 526.5157485517468 0.0963
964 526.8099932777167 0.09640000000000001
965 527.1030970557046 0.0965
966 527.3948710081725 0.09660000000000001
967 527.6844712768839 0.09670000000000001
968 527.9717841500294 0.0968
969 528.2566802974021 0.09690000000000001
970 528.5391350747271 0.097
971 528.8192296682889 0.09710000000000001
972 529.0971383236382 0.09720000000000001
973 529.3731419810109 0.0973
974 529.6475873051114 0.0974
975 529.9208882225482 0.0975
976 530.1935045798284 0.09760000000000001
977 530.4659072540916 0.09770000000000001
978 530.7385464542346 0.0978
979 531.0118281600525 0.0979
980 531.28606519809 0.098
981 531.5614479670355 0.09810000000000001
982 531.8380324767965 0.09820000000000001
983 532.1157293429538 0.0983
984 532.3943039609376 0.0984
985 532.6733886918252 0.0985
986 532.9524956010513 0.09860000000000001
987 533.2310558960357 0.09870000000000001
988 533.5084706307018 0.0988
989 533.7842786014937 0.0989
990 534.0584121912872 0.099
991 534.3315242005759 0.09909999999999999
992 534.60522315264 0.09920000000000001
993 534.8819901059192 0.0993
994 535.1647114109219 0.0994
995 535.4558362871221 0.09950000000000001
996 535.7569127307421 0.09959999999999999
997 536.06851968265 0.09970000000000001
998 536.3904526588102 0.0998
999 536.7218379946162 0.0999
1000 537.0615087234836 0.1
