"calorimetro_energia_interna"
"Time Step" "calorimetro_energia_interna etc.."
("Time Step" "calorimetro_energia_interna" "flow-time")
1 704.8500000000079 0.0001
2 704.8500143741439 0.0002
3 704.8500657222941 0.0003
4 704.8516372148273 0.0004
5 704.8531306708858 0.0005
6 704.8545947201897 0.0006000000000000001
7 704.8566221125154 0.0007
8 704.8590213720034 0.0008
9 704.8613380909461 0.0009
10 704.8635825030559 0.001
11 704.8657125278027 0.0011
12 704.8677447351694 0.0012
13 704.8696783386715 0.0013
14 704.8715401631438 0.0014
15 704.8733410371378 0.0015
16 704.8752218830912 0.0016
17 704.877069060859 0.0017
18 704.8789079074103 0.0018
19 704.8808816554763 0.0019
20 704.8830641043427 0.002
21 704.8857428624589 0.0021
22 704.8885663235227 0.0022
23 704.8914334958954 0.0023
24 704.8941741441619 0.0024
25 704.8968041368573 0.0025
26 704.8993786894251 0.0026
27 704.9018581238803 0.0027
28 704.9044219837864 0.0028
29 704.9068966283556 0.0029
30 704.9093712285572 0.003
31 704.9117697701813 0.0031
32 704.9141033221844 0.0032
33 704.9163874982017 0.0033
34 704.9186405329657 0.0034
35 704.9209107671032 0.0035
36 704.9231573308762 0.0036
37 704.9253485303838 0.0037
38 704.9274932368733 0.0038
39 704.9296622283036 0.0039
40 704.949711116441 0.004
41 704.9682010769003 0.0041
42 704.9860812273121 0.004200000000000001
43 705.002876920756 0.0043
44 705.0187586393112 0.0044
45 705.0338461336851 0.004500000000000001
46 705.0483768094896 0.0046
47 705.0629324194687 0.004700000000000001
48 705.0768719582054 0.0048
49 705.0902573645425 0.0049
50 705.1031326584705 0.005000000000000001
51 705.1155472586512 0.0051
52 705.1275324082179 0.0052
53 705.1391154497511 0.005300000000000001
54 705.1542503318067 0.0054
55 705.1687527083095 0.0055
56 705.1826907054534 0.005600000000000001
57 705.1962664877849 0.0057
58 705.2094056615238 0.0058
59 705.2221375252765 0.005900000000000001
60 705.2345089511729 0.006
61 705.2470650662016 0.0061
62 705.2593747637026 0.006200000000000001
63 705.2713269573377 0.0063
64 705.2830739559881 0.006399999999999999
65 705.2950474953625 0.006500000000000001
66 705.3066920096055 0.0066
67 705.3183062405707 0.006700000000000001
68 705.3296798613291 0.0068
69 705.3407789641816 0.0069
70 705.3516211584881 0.007000000000000001
71 705.3622180375996 0.0071
72 705.3737621833322 0.0072
73 705.3852832154907 0.007300000000000001
74 705.396497743877 0.0074
75 705.4422190604701 0.0075
76 705.8785669630817 0.007600000000000001
77 706.2316983987934 0.0077
78 706.5292832973038 0.0078
79 706.7889095238183 0.007900000000000001
80 707.0213029535814 0.008
81 707.2354117947319 0.0081
82 707.4378923677209 0.008200000000000001
83 707.6268663437074 0.0083
84 707.8076435448534 0.008400000000000001
85 707.9790296735657 0.008500000000000001
86 708.1424704759878 0.0086
87 708.2992614318591 0.008700000000000001
88 708.4501284660458 0.008800000000000001
89 708.5958013602566 0.008900000000000002
90 708.7367628418226 0.009000000000000001
91 708.8760513502272 0.0091
92 709.0111109518483 0.009200000000000002
93 709.1422851696894 0.009300000000000001
94 709.2698634189447 0.0094
95 709.3940810179054 0.009500000000000001
96 709.5151395290724 0.009600000000000001
97 709.6332132247675 0.0097
98 709.7484494523587 0.009800000000000001
99 709.8609830015889 0.009900000000000001
100 709.9709386595825 0.01
101 710.0784446372982 0.0101
102 710.1836090339948 0.0102
103 710.2865281028317 0.0103
104 710.3873160927247 0.0104
105 710.4860419877238 0.0105
106 710.5827933323843 0.0106
107 710.6776573923775 0.0107
108 710.7707145199574 0.0108
109 710.862765854381 0.0109
110 710.9531328094125 0.011
111 711.0418360466318 0.0111
112 711.1426133986766 0.0112
113 711.2398772206841 0.0113
114 711.3390598199645 0.0114
115 711.5097718911585 0.0115
116 711.6642330276715 0.0116
117 711.8081092459595 0.0117
118 711.9446725192993 0.0118
119 712.075935756793 0.0119
120 712.2026961269288 0.012
121 712.3256830262842 0.0121
122 712.4457317957798 0.0122
123 712.5628502824724 0.0123
124 712.6773787878878 0.0124
125 712.7899149452483 0.0125
126 712.9001682627035 0.0126
127 713.0084032157303 0.0127
128 713.1148347631914 0.0128
129 713.2216778909678 0.0129
130 713.3264934628105 0.013
131 713.4295824603801 0.0131
132 713.5311856315884 0.0132
133 713.6908960711053 0.0133
134 713.8368101354719 0.0134
135 713.9747774484672 0.0135
136 714.1072406223359 0.0136
137 714.2354645332132 0.0137
138 714.3601933486877 0.0138
139 714.4823019617589 0.0139
140 714.6055407658014 0.014
141 714.7256732610459 0.0141
142 714.8429749995663 0.0142
143 714.9578957344581 0.0143
144 715.0705741634555 0.0144
145 715.1813430806802 0.0145
146 715.2906164054068 0.0146
147 715.3987569121242 0.0147
148 715.506414308731 0.0148
149 715.6151605101074 0.0149
150 715.7254313847424 0.015
151 715.8391657601072 0.0151
152 715.9591082851065 0.0152
153 716.0892484547988 0.0153
154 716.2353310813164 0.0154
155 716.4058497816428 0.0155
156 716.6128215375311 0.0156
157 716.8745410786041 0.0157
158 717.2163486126079 0.0158
159 717.6746342883973 0.0159
160 718.3043294553254 0.016
161 719.1854587356037 0.0161
162 720.4330390660123 0.0162
163 722.2061977162864 0.0163
164 724.7104453174801 0.0164
165 728.1957074448377 0.0165
166 732.9873015867462 0.0166
167 739.6052484067716 0.0167
168 750.5824926290092 0.0168
169 765.4728806040815 0.0169
170 786.5559454254006 0.017
171 815.8269035756341 0.0171
172 854.5561568607756 0.0172
173 902.970153488681 0.0173
174 960.2265893431127 0.0174
175 1024.694210425879 0.0175
176 1094.26299897527 0.0176
177 1166.710708286097 0.0177
178 1240.046922565941 0.0178
179 1312.748948309708 0.0179
180 1383.932155490267 0.018
181 1453.316884721107 0.0181
182 1521.070186476609 0.0182
183 1587.634160813038 0.0183
184 1653.492873670246 0.0184
185 1718.98219954715 0.0185
186 1784.265052306516 0.0186
187 1849.373724506583 0.0187
188 1914.267891673426 0.0188
189 1978.883251208051 0.0189
190 2043.168706282048 0.019
191 2107.101277699602 0.0191
192 2170.694575584515 0.0192
193 2233.999764025869 0.0193
194 2297.099252509766 0.0194
195 2360.098411500567 0.0195
196 2423.112949530506 0.0196
197 2486.25631606234 0.0197
198 2549.630497448919 0.0198
199 2613.31808060247 0.0199
200 2677.376101548958 0.02
201 2741.834961520149 0.0201
202 2806.697741279142 0.0202
203 2871.943826876658 0.0203
204 2937.534562331777 0.0204
205 3003.418482634519 0.0205
206 3069.537473712405 0.0206
207 3135.834074381527 0.0207
208 3202.254020183647 0.0208
209 3268.752499031238 0.0209
210 3335.293755291004 0.021
211 3401.858039029436 0.0211
212 3468.434024757476 0.0212
213 3535.020837599816 0.0213
214 3601.62537830811 0.0214
215 3668.261144293305 0.0215
216 3760.955292630083 0.0216
217 3831.45693966637 0.0217
218 3898.873446688036 0.0218
219 3965.593961371062 0.0219
220 4032.089532730596 0.022
221 4098.529145986497 0.0221
222 4165.046107807382 0.0222
223 4231.757868233979 0.0223
224 4298.767091856076 0.0224
225 4366.193261979314 0.0225
226 4434.170061372291 0.0226
227 4502.81464583788 0.0227
228 4572.237252930533 0.0228
229 4642.533958373854 0.0229
230 4713.786024702927 0.023
231 4786.043466881241 0.0231
232 4859.330948540485 0.0232
233 4933.641481407763 0.0233
234 5008.941826637219 0.0234
235 5085.176233952286 0.0235
236 5162.272333519632 0.0236
237 5240.149213453966 0.0237
238 5318.718107452714 0.0238
239 5397.888504165848 0.0239
240 5477.566811311022 0.024
241 5557.652482906781 0.0241
242 5638.0285953572 0.0242
243 5718.550814852064 0.0243
244 5799.052350130224 0.0244
245 5879.370939489004 0.0245
246 5959.393229693929 0.0246
247 6039.100910069981 0.0247
248 6118.625962132874 0.0248
249 6198.25531647693 0.0249
250 6278.374245786794 0.025
251 6359.40922929555 0.0251
252 6441.748228349803 0.0252
253 6525.673128136271 0.0253
254 6611.338040595555 0.0254
255 6698.757410902156 0.0255
256 6787.833255179272 0.0256
257 6878.386127849029 0.0257
258 6970.186333438456 0.0258
259 7062.981422103368 0.0259
260 7156.518535306943 0.026
261 7250.562111718912 0.0261
262 7344.903512275532 0.0262
263 7439.371017455249 0.0263
264 7533.835158851429 0.0264
265 7628.207005222902 0.0265
266 7722.436068045435 0.0266
267 7816.507844594458 0.0267
268 7910.447181928565 0.0268
269 8004.331228749697 0.0269
270 8098.220024333063 0.027
271 8192.237667561139 0.0271
272 8286.522831879403 0.0272
273 8381.226858840828 0.0273
274 8476.504161648427 0.0274
275 8572.498489006863 0.0275
276 8669.339013507362 0.0276
277 8767.12739299741 0.0277
278 8865.932202719214 0.0278
279 8965.667821631001 0.0279
280 9066.338924583411 0.028
281 9168.016572243214 0.0281
282 9270.646060891509 0.0282
283 9374.144159091957 0.0283
284 9478.410653848363 0.0284
285 9583.334085455674 0.0285
286 9688.804484738897 0.0286
287 9794.712915872027 0.0287
288 9900.868879336993 0.0288
289 10007.32800846521 0.0289
290 10114.02072872234 0.029
291 10220.94104648868 0.0291
292 10328.09480074307 0.0292
293 10435.51061298533 0.0293
294 10543.2260130137 0.0294
295 10651.27679359379 0.0295
296 10759.68015580265 0.0296
297 10868.52338848883 0.0297
298 10977.68473102132 0.0298
299 11087.14096328391 0.0299
300 11196.85961727967 0.03
301 11306.79456657411 0.0301
302 11416.89945356606 0.0302
303 11527.14034754072 0.0303
304 11637.48238320662 0.0304
305 11747.92019944058 0.0305
306 11858.47514526269 0.0306
307 11969.17831257964 0.0307
308 12080.09515261637 0.0308
309 12191.29933758787 0.0309
310 12302.88649992364 0.031
311 12414.96125560069 0.0311
312 12527.62868154341 0.0312
313 12640.98791493028 0.0313
314 12755.11373315922 0.0314
315 12870.05303770724 0.0315
316 12985.81890349897 0.0316
317 13102.38941214176 0.0317
318 13219.70552837703 0.0318
319 13337.67209041517 0.0319
320 13456.14720902836 0.032
321 13574.97601272843 0.0321
322 13693.94411809076 0.0322
323 13812.79589141578 0.0323
324 13931.23797127409 0.03240000000000001
325 14048.95980060879 0.0325
326 14165.70302437521 0.0326
327 14281.40016045514 0.0327
328 14396.31794968196 0.0328
329 14511.1394701056 0.0329
330 14626.87141282687 0.033
331 14744.57779465807 0.0331
332 14865.09975186925 0.0332
333 14988.87210691249 0.0333
334 15115.96253991058 0.0334
335 15246.15816136887 0.0335
336 15379.06331563895 0.0336
337 15514.17468025231 0.0337
338 15650.93598340256 0.0338
339 15788.77440495222 0.0339
340 15927.13787358879 0.034
341 16065.51193919718 0.03410000000000001
342 16204.25432587596 0.0342
343 16341.62658374218 0.0343
344 16477.69851879728 0.0344
345 16612.29409436413 0.0345
346 16745.23472055479 0.0346
347 16876.39072727349 0.0347
348 17005.68358384402 0.0348
349 17133.08176736489 0.0349
350 17258.59585465515 0.035
351 17382.28045564202 0.0351
352 17504.26809027862 0.0352
353 17624.5998226998 0.0353
354 17743.43310745002 0.0354
355 17860.9368353194 0.0355
356 17977.29910066347 0.0356
357 18092.72804876549 0.0357
358 18207.44302619332 0.03580000000000001
359 18321.66238993928 0.0359
360 18435.58176405715 0.036
361 18549.36233968347 0.0361
362 18663.12067039368 0.0362
363 18776.92197485094 0.0363
364 18890.77933622705 0.0364
365 19004.65893496446 0.0365
366 19118.4907086494 0.0366
367 19232.18255714017 0.0367
368 19345.63453000328 0.0368
369 19458.7812179892 0.0369
370 19571.58979699224 0.03700000000000001
371 19684.08962305402 0.0371
372 19796.38442193516 0.0372
373 19908.63871003195 0.0373
374 20021.0517675645 0.0374
375 20133.81182460841 0.03750000000000001
376 20247.0790916256 0.0376
377 20362.01830607197 0.0377
378 20476.87527477377 0.0378
379 20592.182631498 0.0379
380 20707.93392372285 0.038
381 20824.0167459702 0.0381
382 20940.26518631273 0.0382
383 21056.51192372142 0.0383
384 21172.5801531888 0.0384
385 21288.31672011417 0.0385
386 21403.59090176697 0.0386
387 21518.3011040331 0.03870000000000001
388 21632.37813966919 0.0388
389 21745.78946808853 0.0389
390 21858.54137844263 0.039
391 21970.6769972195 0.0391
392 22082.2720997634 0.03920000000000001
393 22193.43408227848 0.0393
394 22304.29705563894 0.0394
395 22415.01028837026 0.0395
396 22525.71546875299 0.0396
397 22636.56872272977 0.0397
398 22747.69018183026 0.0398
399 22859.16089017764 0.0399
400 22971.01400210716 0.04
401 23083.22810204993 0.0401
402 23195.72796618714 0.0402
403 23308.38315000267 0.0403
404 23421.01458510977 0.0404
405 23533.42024599197 0.0405
406 23645.39665059196 0.0406
407 23756.80256579932 0.0407
408 23867.64855176795 0.0408
409 23978.21587341476 0.0409
410 24089.11617654073 0.041
411 24201.22349963499 0.0411
412 24315.49454093376 0.0412
413 24432.74024525453 0.0413
414 24553.4726337937 0.0414
415 24677.88352123373 0.0415
416 24805.89204265668 0.0416
417 24937.19952795026 0.0417
418 25071.34970957637 0.0418
419 25207.79245538762 0.0419
420 25345.93049899151 0.042
421 25485.15136036712 0.0421
422 25624.85659551775 0.0422
423 25764.49077628501 0.0423
424 25903.55215790414 0.0424
425 26041.60772994684 0.0425
426 26178.29528415734 0.0426
427 26313.32327337075 0.0427
428 26446.46910052158 0.0428
429 26577.57418366434 0.0429
430 26706.53959753526 0.043
431 26833.30878832316 0.0431
432 26957.87265654602 0.0432
433 27080.26633960366 0.0433
434 27200.55937678674 0.0434
435 27318.85898473242 0.0435
436 27435.29846558794 0.0436
437 27550.02961538434 0.0437
438 27663.2285251356 0.0438
439 27775.08530860926 0.0439
440 27885.8056068192 0.044
441 27995.60271868829 0.0441
442 28104.68528235413 0.0442
443 28213.24322311131 0.0443
444 28321.43595341106 0.0444
445 28429.38510865832 0.0445
446 28537.17312790015 0.0446
447 28644.78672005517 0.0447
448 28752.31089041519 0.0448
449 28859.74561333525 0.0449
450 28967.09281093752 0.045
451 29074.37801028165 0.0451
452 29181.66164554783 0.0452
453 29289.0416972225 0.0453
454 29396.64901896337 0.0454
455 29504.62774037327 0.0455
456 29613.11898888709 0.0456
457 29722.23955126499 0.0457
458 29832.06383854967 0.0458
459 29942.61470703305 0.0459
460 30053.85706667935 0.046
461 30165.70460042562 0.0461
462 30278.02394337202 0.0462
463 30390.65601769667 0.0463
464 30503.42657078781 0.0464
465 30616.16167131616 0.0465
466 30728.69442909191 0.0466
467 30840.88159879148 0.0467
468 30952.60131954498 0.0468
469 31063.76594290388 0.0469
470 31174.32087185653 0.047
471 31284.2490287346 0.0471
472 31393.57043549494 0.0472
473 31502.34095522896 0.0473
474 31610.65016751197 0.0474
475 31718.61927312508 0.0475
476 31827.43138129063 0.0476
477 31934.32836001232 0.0477
478 32041.14941354709 0.0478
479 32148.19782465308 0.0479
480 32255.65760388165 0.048
481 32363.66469507421 0.0481
482 32472.3045088603 0.0482
483 32581.60519779168 0.0483
484 32691.53399961364 0.0484
485 32801.99839634397 0.0485
486 32912.84886264266 0.0486
487 33023.88663869957 0.0487
488 33134.87153127461 0.0488
489 33245.54109880586 0.0489
490 33355.66228938217 0.049
491 33465.09513698499 0.0491
492 33573.6315886142 0.0492
493 33682.05454297557 0.0493
494 33791.02754236037 0.0494
495 33901.44601234046 0.0495
496 34014.20121446224 0.04960000000000001
497 34129.94756864825 0.0497
498 34249.09514827467 0.0498
499 34371.52813593341 0.0499
500 34497.06375338462 0.05
501 34625.32049104683 0.05010000000000001
502 34755.79830648503 0.0502
503 34887.9396492844 0.0503
504 35021.16784706126 0.0504
505 35154.92181793677 0.0505
506 35288.6739155324 0.0506
507 35421.95040294743 0.0507
508 35554.34255353852 0.0508
509 35685.50877732495 0.0509
510 35815.18079393395 0.051
511 35943.15095304736 0.0511
512 36069.2692641603 0.0512
513 36193.44721737709 0.0513
514 36315.64584003542 0.0514
515 36435.87181895105 0.0515
516 36554.1766503891 0.0516
517 36670.64829943295 0.0517
518 36785.40102938534 0.0518
519 36898.57614356116 0.0519
520 37010.34048317636 0.052
521 37120.88507318524 0.0521
522 37230.42477628891 0.0522
523 37339.18538076886 0.0523
524 37447.3887850334 0.0524
525 37555.23947353815 0.0525
526 37662.90894778221 0.0526
527 37770.52506198397 0.0527
528 37878.16669454792 0.0528
529 37985.86424432683 0.0529
530 38093.60445073504 0.05300000000000001
531 38201.34065414919 0.0531
532 38309.00804729986 0.0532
533 38416.54230782626 0.0533
534 38523.90095147208 0.0534
535 38631.08608124459 0.0535
536 38738.05838989466 0.0536
537 38845.0625551832 0.0537
538 38952.2531851558 0.0538
539 39059.80025105592 0.0539
540 39167.85313678857 0.054
541 39276.52664144679 0.0541
542 39385.87868394869 0.0542
543 39495.90373827921 0.0543
544 39606.53537632911 0.0544
545 39717.65660462257 0.0545
546 39829.11687284191 0.0546
547 39940.74774938358 0.0547
548 40052.37974306586 0.0548
549 40163.85346931531 0.0549
550 40275.06419040554 0.055
551 40385.8464275861 0.0551
552 40496.13953262687 0.0552
553 40605.90623146969 0.0553
554 40715.14360467519 0.0554
555 40823.88718850147 0.0555
556 40932.20778210498 0.0556
557 41040.20642014457 0.0557
558 41148.01324876608 0.0558
559 41255.77806784295 0.05590000000000001
560 41363.66006509513 0.056
561 41471.81064809295 0.0561
562 41580.15608242404 0.0562
563 41689.0788487918 0.0563
564 41798.64873588602 0.05640000000000001
565 41908.89194246838 0.0565
566 42019.78854188616 0.0566
567 42131.2633533661 0.0567
568 42243.20845681114 0.0568
569 42355.4607479406 0.05690000000000001
570 42467.81445375617 0.057
571 42580.02473991908 0.0571
572 42691.81774544802 0.0572
573 42802.93437563498 0.0573
574 42913.19475035092 0.05740000000000001
575 43022.61541933104 0.0575
576 43131.53534439623 0.0576
577 43240.6510539368 0.0577
578 43350.94562040405 0.0578
579 43463.43263938133 0.0579
580 43578.87967734253 0.058
581 43697.69266895299 0.0581
582 43819.93327077944 0.0582
583 43945.39444645903 0.0583
584 44073.68731316389 0.0584
585 44204.29507257861 0.0585
586 44336.64311057248 0.0586
587 44470.13797653353 0.0587
588 44604.19225585474 0.05880000000000001
589 44738.26149391592 0.0589
590 44871.85548375244 0.059
591 45004.54983450713 0.0591
592 45135.99504849028 0.0592
593 45265.91455009843 0.05930000000000001
594 45394.09846934403 0.0594
595 45520.39915945558 0.0595
596 45644.72650104226 0.0596
597 45767.04314740392 0.0597
598 45887.35993993378 0.05980000000000001
599 46005.72942118886 0.0599
600 46122.24516161381 0.06
601 46237.02811395557 0.0601
602 46350.22298846405 0.0602
603 46462.00127568653 0.06030000000000001
604 46572.56111245279 0.0604
605 46682.12304212929 0.0605
606 46790.91775893857 0.0606
607 46899.16935799978 0.0607
608 47007.0801899942 0.06080000000000001
609 47114.81615063441 0.0609
610 47222.46685402893 0.061
611 47330.1359862536 0.0611
612 47437.83937185079 0.0612
613 47545.54934102938 0.0613
614 47653.20718131692 0.0614
615 47760.73910800694 0.0615
616 47868.07807667601 0.0616
617 47975.1919536173 0.0617
618 48082.10207470474 0.0618
619 48188.90390627619 0.0619
620 48295.75995647372 0.062
621 48402.87383450367 0.0621
622 48510.45242125049 0.06220000000000001
623 48618.66680673084 0.0623
624 48727.63172730098 0.0624
625 48837.38978628332 0.0625
626 48947.90962901864 0.0626
627 49059.09338802819 0.06270000000000001
628 49170.7915052104 0.06279999999999999
629 49282.82518754394 0.0629
630 49395.01103820701 0.063
631 49507.14474887732 0.0631
632 49619.05804601726 0.06320000000000001
633 49730.6099202613 0.0633
634 49841.6754882875 0.0634
635 49952.17848571301 0.0635
636 50062.07784578267 0.0636
637 50171.36848893389 0.06370000000000001
638 50280.09212257661 0.0638
639 50388.30213217593 0.0639
640 50496.10718365575 0.064
641 50603.6353692935 0.0641
642 50711.02473928396 0.06420000000000001
643 50818.44054629053 0.0643
644 50926.04711728598 0.0644
645 51033.99459578389 0.0645
646 51142.4095372758 0.0646
647 51251.37780392354 0.06470000000000001
648 51360.90369596858 0.0648
649 51471.02083589365 0.0649
650 51581.66404994196 0.065
651 51692.72160744333 0.06510000000000001
652 51804.03603696646 0.06520000000000001
653 51915.4066666444 0.0653
654 52026.59454686048 0.0654
655 52137.33568087844 0.0655
656 52247.38314801485 0.06560000000000001
657 52356.59089574707 0.06570000000000001
658 52465.02527796775 0.0658
659 52573.09139460896 0.0659
660 52681.56002083446 0.066
661 52791.45964914925 0.06610000000000001
662 52903.81432491291 0.06620000000000001
663 53019.36547296041 0.0663
664 53138.48545998264 0.0664
665 53261.20995670751 0.0665
666 53387.30562391978 0.06660000000000001
667 53516.35723892035 0.06670000000000001
668 53647.82159789871 0.0668
669 53781.10564629577 0.0669
670 53915.58838809848 0.067
671 54050.67159410508 0.06710000000000001
672 54185.77219557411 0.06720000000000001
673 54320.38068852052 0.0673
674 54454.05634755347 0.0674
675 54586.43602981618 0.0675
676 54717.23002422172 0.06760000000000001
677 54846.22100099001 0.06770000000000001
678 54973.25721064824 0.0678
679 55098.24332995073 0.0679
680 55221.13726782287 0.068
681 55341.94463328537 0.06809999999999999
682 55460.7117702688 0.06820000000000001
683 55577.52494911729 0.0683
684 55692.50351843599 0.0684
685 55805.78803922133 0.06850000000000001
686 55917.54490997279 0.06859999999999999
687 56027.97431498508 0.0687
688 56137.26040551718 0.0688
689 56245.63607222055 0.0689
690 56353.32752602267 0.06900000000000001
691 56460.54121909746 0.06909999999999999
692 56567.45345738249 0.0692
693 56674.19871171181 0.0693
694 56780.86337002287 0.0694
695 56887.48642949157 0.06950000000000001
696 56994.0640801077 0.0696
697 57100.56136413825 0.0697
698 57206.93032166017 0.0698
699 57313.1329824389 0.0699
700 57419.1685282295 0.07000000000000001
701 57525.09884910344 0.0701
702 57631.05620926731 0.0702
703 57737.2364533078 0.0703
704 57843.86602237726 0.0704
705 57951.16009085393 0.07050000000000001
706 58059.2888582607 0.0706
707 58168.35542416649 0.0707
708 58278.38413569511 0.0708
709 58389.31614699404 0.0709
710 58501.0215077646 0.07100000000000001
711 58613.3189789243 0.0711
712 58726.00696949409 0.0712
713 58838.84299232296 0.0713
714 58951.61301699687 0.07140000000000001
715 59064.11736922809 0.07150000000000001
716 59176.18376313062 0.0716
717 59287.67878767839 0.0717
718 59398.49272237895 0.0718
719 59508.5677096963 0.07190000000000001
720 59617.88731372372 0.07200000000000001
721 59726.47567293815 0.0721
722 59834.39676377553 0.0722
723 59941.75011944371 0.0723
724 60048.66727809841 0.07239999999999999
725 60155.3039585388 0.07250000000000001
726 60261.83002855803 0.0726
727 60368.42106554296 0.0727
728 60475.24546596147 0.0728
729 60582.45531400454 0.07289999999999999
730 60690.16417944363 0.07300000000000001
731 60798.4401344362 0.0731
732 60907.29729148981 0.0732
733 61016.70120004522 0.0733
734 61126.55727180739 0.07339999999999999
735 61236.73005913244 0.07350000000000001
736 61347.03292014026 0.0736
737 61457.23709235079 0.0737
738 61567.07334401641 0.0738
739 61676.2979653106 0.07389999999999999
740 61784.72587165887 0.07400000000000001
741 61892.35598973206 0.0741
742 61999.50286672828 0.0742
743 62106.86086809711 0.0743
744 62215.43659230962 0.07439999999999999
745 62326.31444491413 0.07450000000000001
746 62440.37787405217 0.0746
747 62558.07645770146 0.0747
748 62679.50721518988 0.07480000000000001
749 62804.50893542726 0.07489999999999999
750 62932.69868650071 0.07500000000000001
751 63063.55841394338 0.0751
752 63196.47826577494 0.0752
753 63330.82489636716 0.07530000000000001
754 63465.96967833843 0.07539999999999999
755 63601.31379188183 0.07550000000000001
756 63736.31188516938 0.0756
757 63870.48938879248 0.0757
758 64003.4495910128 0.07580000000000001
759 64134.87276732601 0.0759
760 64264.51468725115 0.07600000000000001
761 64392.20145430019 0.0761
762 64517.82093338609 0.0762
763 64641.31740023271 0.07630000000000001
764 64762.67577208125 0.0764
765 64881.92961664869 0.07650000000000001
766 64999.14961127588 0.0766
767 65114.44388893582 0.0767
768 65227.94666558622 0.07680000000000001
769 65339.81081178211 0.0769
770 65450.21347180353 0.07700000000000001
771 65559.34950887856 0.0771
772 65667.43179765012 0.0772
773 65774.67848753599 0.07730000000000001
774 65881.29823926507 0.0774
775 65987.4769007252 0.0775
776 66093.36539594234 0.0776
777 66199.07068047488 0.07770000000000001
778 66304.65822110041 0.07780000000000001
779 66410.15139587801 0.0779
780 66515.5418877481 0.078
781 66620.81310143099 0.0781
782 66725.95164106025 0.07820000000000001
783 66830.97700587701 0.07830000000000001
784 66935.96674887282 0.0784
785 67041.06094890719 0.0785
786 67146.4504253718 0.0786
787 67252.34979895261 0.07870000000000001
788 67358.95912473618 0.07880000000000001
789 67467.28293287067 0.0789
790 67576.05631881411 0.079
791 67685.69039565345 0.0791
792 67796.18756052354 0.07919999999999999
793 67907.43386767444 0.07930000000000001
794 68019.25151463534 0.0794
795 68131.43018770505 0.0795
796 68243.74472868022 0.0796
797 68355.97744842953 0.07969999999999999
798 68467.92708557595 0.07980000000000001
799 68579.42038672508 0.0799
800 68690.31654424619 0.08
801 68800.52662070906 0.0801
802 68909.96169270456 0.08019999999999999
803 69018.60582786621 0.08030000000000001
804 69126.47407149733 0.0804
805 69233.62486883516 0.0805
806 69340.1497955192 0.0806
807 69446.17312675712 0.08069999999999999
808 69551.84320059342 0.08080000000000001
809 69657.32582479386 0.0809
810 69762.79442578278 0.081
811 69868.41907475165 0.08110000000000001
812 69974.35433614676 0.08119999999999999
813 70080.72520270439 0.08130000000000001
814 70187.61245205917 0.0814
815 70295.046891708 0.0815
816 70403.00714878501 0.08160000000000001
817 70511.41786503307 0.08169999999999999
818 70620.15282954653 0.08180000000000001
819 70729.03810059713 0.0819
820 70837.85891437848 0.082
821 70946.36785500922 0.08210000000000001
822 71054.31594581588 0.0822
823 71161.52681069596 0.08230000000000001
824 71267.99773273818 0.0824
825 71374.02847671878 0.0825
826 71480.29799364028 0.08260000000000001
827 71587.80058816708 0.0827
828 71697.62152046202 0.08280000000000001
829 71810.62908404095 0.0829
830 71927.32380016292 0.083
831 72048.1137133341 0.08310000000000001
832 72172.43730576805 0.0832
833 72300.01209998589 0.08330000000000001
834 72430.34737333351 0.0834
835 72562.84907642266 0.0835
836 72696.88922175748 0.08360000000000001
837 72831.81444232576 0.0837
838 72967.01483716353 0.0838
839 73101.92910732432 0.0839
840 73236.06771000818 0.08400000000000001
841 73369.01480377448 0.08410000000000001
842 73500.43447462411 0.0842
843 73630.07227605463 0.0843
844 73757.74370638975 0.0844
845 73883.32589709226 0.08450000000000001
846 74006.74954041836 0.08460000000000001
847 74127.99525663292 0.0847
848 74247.0876225555 0.0848
849 74364.09132003211 0.0849
850 74479.10764598899 0.08500000000000001
851 74592.26692870744 0.08510000000000001
852 74703.71910793157 0.0852
853 74813.63829821869 0.0853
854 74922.21983507252 0.0854
855 75029.67694372802 0.08549999999999999
856 75136.23477508321 0.08560000000000001
857 75242.11234569251 0.0857
858 75347.50890706643 0.0858
859 75452.59216060027 0.0859
860 75557.4869924818 0.08599999999999999
861 75662.27238743039 0.08610000000000001
862 75766.98366534172 0.0862
863 75871.61949970326 0.0863
864 75976.15673873757 0.0864
865 76080.56973147886 0.08649999999999999
866 76184.8555345691 0.08660000000000001
867 76289.06142676722 0.0867
868 76393.30382773453 0.0868
869 76497.76621564273 0.08690000000000001
870 76602.67233795654 0.08699999999999999
871 76708.2479574297 0.08710000000000001
872 76814.69164205441 0.0872
873 76922.13649104805 0.0873
874 77030.6392137509 0.08740000000000001
875 77140.1694306893 0.08749999999999999
876 77250.61752587461 0.08760000000000001
877 77361.81018430932 0.0877
878 77473.53467859272 0.0878
879 77585.55184157594 0.08790000000000001
880 77697.62090026645 0.08799999999999999
881 77809.51715526948 0.08810000000000001
882 77921.0389036164 0.0882
883 78032.01657760174 0.0883
884 78142.31951702975 0.08840000000000001
885 78251.85673279925 0.0885
886 78360.57842372976 0.08860000000000001
887 78468.47636900638 0.0887
888 78575.58424332969 0.0888
889 78681.97246298802 0.08890000000000001
890 78787.74935190665 0.089
891 78893.04815170908 0.08910000000000001
892 78998.02504373569 0.0892
893 79102.84848463016 0.0893
894 79207.69078756357 0.08940000000000001
895 79312.7085905725 0.0895
896 79418.04915931374 0.08960000000000001
897 79523.81330352674 0.0897
898 79630.05473755079 0.0898
899 79736.77541032132 0.08990000000000001
900 79843.92428199644 0.09
901 79951.39601720384 0.09010000000000001
902 80059.03528552769 0.0902
903 80166.64484958148 0.09030000000000001
904 80273.99527653736 0.09040000000000001
905 80380.85586029632 0.0905
906 80487.05770406821 0.0906
907 80592.60045591305 0.0907
908 80697.77699188631 0.09080000000000001
909 80803.24618240631 0.09090000000000001
910 80909.97919779131 0.091
911 81019.06036545243 0.0911
912 81131.36760364742 0.0912
913 81247.42303262142 0.09130000000000001
914 81367.39791938596 0.09140000000000001
915 81491.16289405309 0.0915
916 81618.35789987555 0.0916
917 81748.47228838547 0.0917
918 81880.90095366114 0.09180000000000001
919 82014.99562358424 0.09190000000000001
920 82150.09558255928 0.092
921 82285.56681644429 0.0921
922 82420.82421505595 0.0922
923 82555.36068447192 0.09229999999999999
924 82688.72808132425 0.09240000000000001
925 82820.57872435279 0.0925
926 82950.63118776258 0.0926
927 83078.69217546932 0.0927
928 83204.62741254919 0.09279999999999999
929 83328.36287027464 0.09290000000000001
930 83449.87194490225 0.093
931 83569.16953802254 0.0931
932 83686.31467061723 0.09320000000000001
933 83801.39783561921 0.09329999999999999
934 83914.5468517885 0.09340000000000001
935 84025.90801412771 0.0935
936 84135.64960793065 0.0936
937 84243.95872332373 0.09370000000000001
938 84351.04104102243 0.09379999999999999
939 84457.11448655598 0.09390000000000001
940 84562.39740972668 0.094
941 84667.09233563552 0.0941
942 84771.37329417669 0.09420000000000001
943 84875.37609309188 0.09429999999999999
944 84979.19350718451 0.09440000000000001
945 85082.87786131863 0.0945
946 85186.44687419385 0.0946
947 85289.89999032959 0.09470000000000001
948 85393.2377017439 0.0948
949 85496.48928846954 0.09490000000000001
950 85599.73956514093 0.095
951 85703.14240403725 0.0951
952 85806.91178129989 0.09520000000000001
953 85911.29054277115 0.0953
954 86016.51213698844 0.09540000000000001
955 86122.76929680812 0.0955
956 86230.18385974431 0.0956
957 86338.78326255354 0.09570000000000001
958 86448.50645411143 0.0958
959 86559.21137722369 0.09590000000000001
960 86670.69606311047 0.096
961 86782.71999062724 0.0961
962 86895.02468351176 0.09620000000000001
963 87007.35019821572 0.0963
964 87119.45743881039 0.09640000000000001
965 87231.1299782236 0.0965
966 87342.29585411388 0.09660000000000001
967 87452.63355649308 0.09670000000000001
968 87562.09976116136 0.0968
969 87670.64519331043 0.09690000000000001
970 87778.26046347106 0.097
971 87884.97650361834 0.09710000000000001
972 87990.85970130694 0.09720000000000001
973 88096.0170947653 0.0973
974 88200.58076324785 0.0974
975 88304.70841279101 0.0975
976 88408.57524491516 0.09760000000000001
977 88512.36066380925 0.09770000000000001
978 88616.23619906361 0.0978
979 88720.35652898009 0.0979
980 88824.84084047265 0.098
981 88929.76167544049 0.09810000000000001
982 89035.14037365942 0.09820000000000001
983 89140.94287966564 0.0983
984 89247.07980911736 0.0984
985 89353.41109158582 0.0985
986 89459.75082400072 0.09860000000000001
987 89565.88229638989 0.09870000000000001
988 89671.57731029767 0.0988
989 89776.66014716946 0.0989
990 89881.10504488068 0.099
991 89985.16072041958 0.09909999999999999
992 90089.44002115603 0.09920000000000001
993 90194.88823035567 0.0993
994 90302.60504756142 0.0994
995 90413.52362539381 0.09950000000000001
996 90528.23375041281 0.09959999999999999
997 90646.95599909 0.09970000000000001
998 90769.61246300682 0.0998
999 90895.87027594878 0.0999
1000 91025.28482364754 0.1
