"current_in-rfile"
"Time Step" "flow-time etc.."
("Time Step" "flow-time" "current_in(current_in_a)" "current_in(current_in_b)" "current_in(current_in_c)" "current_in_a" "current_in_b" "current_in_c")
1 1e-07 1181867796.086204 538474604.5478718 587959644.87256 35084893.15533467 -17541301.1124426 -17543592.04289206
2 2e-07 1181867793.700762 538439439.6915751 587998032.7150735 35084893.08053949 -17540155.6098219 -17544737.47071758
3 3e-07 1181867789.385333 538404274.0678757 588036419.7179787 35084892.95588084 -17539010.08227273 -17545882.8736081
4 4e-07 1181867783.553494 538369107.6991318 588074805.9998094 35084892.78135874 -17537864.52979672 -17547028.251562
5 5e-07 1181867776.195511 538333940.5966682 588113191.3618159 35084892.55697317 -17536718.95239548 -17548173.60457768
6 6e-07 1181867766.861283 538298772.6476786 588151576.1536692 35084892.28272416 -17535573.35007066 -17549318.93265348
7 7e-07 1181867755.932433 538263604.0442744 588189959.5961602 35084891.95861168 -17534427.72282388 -17550464.23578778
8 8e-07 1181867743.514211 538228434.6079992 588228342.3197069 35084891.58463575 -17533282.07065676 -17551609.51397897
9 9e-07 1181867729.291333 538193264.4651964 588266724.6334255 35084891.16079636 -17532136.39357095 -17552754.7672254
10 1e-06 1181867713.311447 538158093.7697706 588305105.3509647 35084890.68709352 -17530990.69156806 -17553899.99552545
11 1.1e-06 1181867695.105084 538122921.4785911 588343485.3488928 35084890.16352722 -17529844.9646497 -17555045.1988775
12 1.2e-06 1181867676.47912 538087749.4138049 588381865.7219179 35084889.59009746 -17528699.21281755 -17556190.3772799
13 1.3e-06 1181867655.648459 538052576.0853251 588420244.3912232 35084888.96680426 -17527553.4360732 -17557335.53073105
14 1.4e-06 1181867633.052682 538017402.7989137 588458619.7937173 35084888.2936476 -17526407.63441827 -17558480.65922931
15 1.5e-06 1181867608.590364 537982227.2465914 588496999.2659262 35084887.57062749 -17525261.80785443 -17559625.76277305
16 1.6e-06 1181867582.601621 537947051.8633444 588535375.5272912 35084886.79774393 -17524115.95638328 -17560770.84136064
17 1.7e-06 1181867554.982493 537911875.4922218 588573750.8540046 35084885.97499692 -17522970.08000644 -17561915.89499047
18 1.8e-06 1181867525.599769 537876698.5285472 588612125.2681662 35084885.10238646 -17521824.17872556 -17563060.92366089
19 1.9e-06 1181867494.385459 537841519.9825295 588650499.8968529 35084884.17991256 -17520678.25254226 -17564205.92737029
20 2e-06 1181867461.822364 537806341.9766757 588688871.9094145 35084883.20757521 -17519532.30145816 -17565350.90611704
21 2.1e-06 1181867427.421032 537771162.6639446 588727243.7801311 35084882.18537442 -17518386.32547491 -17566495.8598995
22 2.2e-06 1181867391.386529 537735982.5318601 588765615.0237576 35084881.11331018 -17517240.32459411 -17567640.78871606
23 2.3e-06 1181867353.922691 537700802.4664392 588803984.5705136 35084879.9913825 -17516094.29881741 -17568785.69256507
24 2.4e-06 1181867314.261295 537665620.8632402 588842353.8865 35084878.81959139 -17514948.24814645 -17569930.57144492
25 2.5e-06 1181867273.043599 537630437.6796539 588880723.4232386 35084877.59793683 -17513802.17258282 -17571075.425354
26 2.6e-06 1181867230.30672 537595254.3713396 588919091.3732451 35084876.32641884 -17512656.07212818 -17572220.25429064
27 2.7e-06 1181867185.892066 537560070.3325807 588957458.3089535 35084875.00503741 -17511509.94678416 -17573365.05825324
28 2.8e-06 1181867139.739099 537524885.7478942 588995824.6209737 35084873.63379256 -17510363.79655236 -17574509.83724019
29 2.9e-06 1181867091.885705 537489700.1974303 589034189.8773465 35084872.21268427 -17509217.62143444 -17575654.59124981
30 3e-06 1181867042.375598 537454513.9840111 589072554.2316051 35084870.74171255 -17508071.42143202 -17576799.32028052
31 3.1e-06 1181866991.119529 537419326.9932699 589110917.9287748 35084869.2208774 -17506925.19654671 -17577944.02433068
32 3.2e-06 1181866938.344155 537384139.2562959 589149280.8441061 35084867.65017883 -17505778.94678016 -17579088.70339866
33 3.3e-06 1181866883.843924 537348950.7736909 589187642.724434 35084866.02961685 -17504632.67213401 -17580233.35748282
34 3.4e-06 1181866827.581825 537313761.4383545 589226003.7580528 35084864.35919144 -17503486.37260985 -17581377.98658158
35 3.5e-06 1181866769.638265 537278571.3422137 589264364.0273309 35084862.63890261 -17502340.04820934 -17582522.59069325
36 3.6e-06 1181866710.137538 537243380.5566266 589302723.3974391 35084860.86875037 -17501193.69893411 -17583667.16981624
37 3.7e-06 1181866648.843309 537208189.0991554 589341082.1494919 35084859.04873472 -17500047.32478577 -17584811.72394893
38 3.8e-06 1181866585.835355 537172996.6867381 589379440.0392451 35084857.17885565 -17498900.92576597 -17585956.25308967
39 3.9e-06 1181866521.216138 537137803.5226865 589417796.7152503 35084855.25911318 -17497754.50187632 -17587100.75723684
40 4e-06 1181866454.745351 537102608.4895508 589456153.7870477 35084853.2895073 -17496608.05311845 -17588245.23638884
41 4.1e-06 1181866386.92706 537067415.0000302 589494508.2927969 35084851.27003802 -17495461.57949402 -17589389.69054399
42 4.2e-06 1181866317.867018 537032219.4674264 589532862.7783784 35084849.20070535 -17494315.08100463 -17590534.11970071
43 4.299999999999999e-06 1181866245.99284 536997023.6978877 589571215.551314 35084847.08150928 -17493168.5576519 -17591678.52385736
44 4.4e-06 1181866172.83893 536961826.5263752 589609569.2062923 35084844.91244981 -17492022.00943749 -17592822.90301231
45 4.5e-06 1181866098.530198 536926629.3713049 589647921.0806766 35084842.69352696 -17490875.43636302 -17593967.25716393
46 4.6e-06 1181866021.583604 536891427.800029 589686275.0020152 35084840.42474072 -17489728.8384301 -17595111.5863106
47 4.7e-06 1181865943.571507 536856231.2405179 589724622.4356674 35084838.10609109 -17488582.21564038 -17596255.89045069
48 4.8e-06 1181865864.09392 536821031.2067301 589762971.8387736 35084835.73757809 -17487435.5679955 -17597400.16958258
49 4.9e-06 1181865782.50462 536785830.4921185 589801320.3960822 35084833.31920171 -17486288.89549705 -17598544.42370465
51 5.999999999999999e-06 1181864775.84235 536398571.9879463 590223099.0146933 35084803.42607969 -17473673.85814628 -17611129.56793339
52 6.999999999999999e-06 1181863684.561287 536046438.7478605 590606446.3312602 35084771.0148644 -17462203.03474711 -17622567.98011728
54 9e-06 1181860997.760964 535341943.7372747 591372889.2004182 35084691.23345392 -17439253.94427393 -17645437.28917998
55 9.999999999999999e-06 1181859402.573765 534989582.2744935 591755984.5698735 35084643.86327006 -17427775.68046149 -17656868.18280855
56 1.1e-05 1181857639.546995 534637144.7341446 592138995.5857919 35084591.50677586 -17416294.93977345 -17668296.56700239
57 1.2e-05 1181855708.37643 534284631.683398 592521922.2055056 35084534.16397876 -17404811.7238415 -17679722.44013724
58 1.3e-05 1181853608.848707 533932041.3611119 592904765.5027324 35084471.83488691 -17393326.03429765 -17691145.80058924
59 1.4e-05 1181851341.957241 533579376.2115769 593287523.7334346 35084404.51950917 -17381837.87277425 -17702566.6467349
60 1.5e-05 1181848906.479889 533226634.5137714 593670198.3751168 35084332.2178551 -17370347.24090406 -17713984.97695103
61 1.6e-05 1181846303.125514 532873817.8912848 594052788.1502631 35084254.92993499 -17358854.14032013 -17725400.78961485
