"eletrodos_corrente"
"Time Step" "eletrodo_a_corrente etc.."
("Time Step" "eletrodo_a_corrente" "eletrodo_b_corrente" "eletrodo_c_corrente" "flow-time")
1 18097648.58063578 17413159.84802224 34094751.13245163 0.0001
2 19156768.89307583 16374311.11617719 34035349.73028038 0.0002
3 20212931.24937598 15308122.87213729 33924562.62137805 0.0003
4 21203410.63158514 14188950.47779228 33629545.26164403 0.0004
5 22242234.99796076 13078775.29398198 33507535.66724998 0.0005
6 22553916.19220527 11435233.561399 32505957.24763776 0.0006000000000000001
7 23291459.04041751 10331562.32836351 32106471.90502669 0.0007
8 23041086.22710961 8638649.505663829 30383535.75811384 0.0008
9 23654450.30427575 7518024.787766058 29707466.97313492 0.0009
10 23571288.20462294 5664789.748179327 27913752.36762657 0.001
11 24367834.09498428 4919642.388276639 27788805.89128052 0.0011
12 24388033.42507132 3709766.87917396 26668505.74349051 0.0012
13 25255884.17257176 2689880.581322646 26370414.81220273 0.0013
14 25345332.58512514 1834412.456127041 25491105.41403527 0.0014
15 25778437.47239059 2566226.694868251 24708291.39414824 0.0015
16 25912512.27950658 3177779.572234003 24036925.59962053 0.0016
17 26786012.88539269 4072304.239231449 23528830.87051029 0.0017
18 27278567.13365229 4844399.705793809 22875556.96584339 0.0018
19 27314157.61271265 5372927.139679953 22046180.72764527 0.0019
20 27570974.54326125 6171214.586938848 21122095.60645219 0.002
21 27593984.51153373 6975507.050041527 20221852.53210959 0.0021
22 28066211.40704679 8205700.518569644 19366667.55420523 0.0022
23 27873689.08176478 9184557.68204028 18330175.32263921 0.0023
24 27617454.74414193 10152865.32047603 17192652.71624934 0.0024
25 27527398.77975591 11215219.87665845 15978745.20474346 0.0025
26 26962956.81568755 11832753.06830573 14944395.62312256 0.0026
27 27092224.35512905 12925660.50298664 13775423.20499117 0.0027
28 26463667.98651438 13544613.14654205 12681188.54477473 0.0028
29 26470740.1975355 14484898.46147062 11515509.62450972 0.0029
30 25732232.19922277 15073772.13021488 10288170.48611491 0.003
31 25630473.35669828 15862364.33116167 9130223.206201006 0.0031
32 24914871.95747878 16439600.67133815 7948817.273233756 0.0032
33 25049292.36693512 17404244.44458245 6857555.910660475 0.0033
34 24630541.80484906 18147663.99535948 5831014.508599844 0.0034
35 24978160.15519755 19398283.39248278 4893466.449832519 0.0035
36 24567123.57081171 19806186.56913326 4132965.189089062 0.0036
37 24307174.78802609 20339299.53447946 3388381.984394708 0.0037
38 23826634.82955326 20728989.46152686 2670644.996013634 0.0038
39 23460095.56049132 21005724.76837583 1967022.892872684 0.0039
40 22708875.87920322 21228569.96965876 1237976.991274669 0.004
41 22028859.03595389 21420433.79935087 518872.3532392717 0.0041
42 21612227.82925437 21866918.55736728 213251.5202503013 0.004200000000000001
43 21591116.9377966 22715332.15989508 928919.9889090128 0.0043
44 21845396.42348883 23799784.10078404 1641323.779330464 0.0044
45 22176602.53124296 24944967.61886248 2352785.579913577 0.004500000000000001
46 22350651.55681586 25926540.72198296 3053451.603225068 0.0046
47 22155777.02789877 26504502.47388331 3750642.073684857 0.004700000000000001
48 21606375.11010076 26763900.87231362 4439116.971318861 0.0048
49 20821319.56998669 26791315.25304465 5122266.156807958 0.0049
50 19854696.5186675 26582442.57444943 5788771.540394467 0.005000000000000001
51 18938832.58953913 26471000.35963246 6478818.321834388 0.0051
52 17960755.42863957 26276386.74396781 7150668.288189497 0.0052
53 16882779.67858702 26096002.27680461 7823020.126122363 0.005300000000000001
54 16030736.13458671 25866911.21731171 8492797.521588938 0.0054
55 15016375.51554465 25590707.69766963 9169624.122856466 0.0055
56 14181272.52540839 25412836.12087979 9832272.848629527 0.005600000000000001
57 13089935.98657886 25038531.96584587 10490364.80065699 0.0057
58 12206742.29107754 24801753.31017021 11204623.6180798 0.0058
59 10985368.76641805 24320407.67975139 11907346.06577109 0.005900000000000001
60 9960737.156979149 23872656.42005345 12609362.80237991 0.006
61 8756098.825665718 23361577.62171374 13316688.29794463 0.0061
62 7591330.94792948 22837950.58377337 13983500.39005128 0.006200000000000001
63 6422333.586255714 22433499.31303803 14958450.64041727 0.0063
64 5197556.362661993 22123464.22361406 16058153.72270972 0.006399999999999999
65 4382318.770553911 22487498.11093768 17221862.00985161 0.006500000000000001
66 2865562.43159589 22295219.45707239 19014458.56948213 0.0066
67 1915812.937146293 22976339.61331079 20787598.38181581 0.006700000000000001
68 1077015.654144274 23711243.57013951 22458478.9695961 0.0068
69 307957.3872850265 24495302.49642983 24085457.88952048 0.0069
70 437002.8891064432 24940396.57283184 25369412.75828049 0.007000000000000001
71 1165858.264042502 24886769.79632976 26143938.94710807 0.0071
72 1889286.850798863 24501647.32699195 26515804.52131517 0.0072
73 2604517.181503366 23992817.00990924 26882472.79464347 0.007300000000000001
74 3309878.537862135 23326106.01564581 27314014.188492 0.0074
75 3930126.811221508 23658684.35125893 30083075.40885868 0.0075
76 4759713.186365196 22563489.65985928 28041893.14771364 0.007600000000000001
77 5443800.703839346 21610145.29711675 27794936.98463843 0.0077
78 6129934.538417407 20946757.68170063 27965960.90652206 0.0078
79 6810747.418741212 20152761.57042972 27908057.36968357 0.007900000000000001
80 7493648.973245395 19435217.37569378 27962561.62539092 0.008
81 8184081.621756722 18763836.825273 28079105.98570305 0.0081
82 8877765.871383088 18023994.28744416 28139053.32008499 0.008200000000000001
83 9586961.706012687 17204507.95786638 28065567.16673041 0.0083
84 10322247.20016665 16382943.21138411 28058221.53813838 0.008400000000000001
85 11058915.62740498 15492378.84292701 27922059.1571594 0.008500000000000001
86 11804505.05794921 14543299.35733169 27705726.55821964 0.0086
87 12574730.65173488 13497847.99573253 27391810.03129587 0.008700000000000001
88 13363612.7402396 12456971.61261766 27102364.12086116 0.008800000000000001
89 14177489.57122185 11388711.97652506 26802677.54707348 0.008900000000000002
90 15018945.43994516 10269921.69792004 26423754.49155436 0.009000000000000001
91 15898552.82712326 9118424.551736372 26095977.61495288 0.0091
92 16828676.24421376 7916294.432665565 25766787.09812616 0.009200000000000002
93 17843724.02652635 6587657.99438516 25328441.12508875 0.009300000000000001
94 18936695.5786566 5191796.626537408 24915685.72830278 0.0094
95 20121182.00862616 3726404.419985204 24485653.46243261 0.009500000000000001
96 21320100.69421885 2296561.48191813 24066232.77643425 0.009600000000000001
97 22360428.81818533 986142.2055764142 23604362.86898112 0.0097
98 23249129.05459461 724913.5078611284 23089307.15470024 0.009800000000000001
99 23956296.63019621 1705642.281809321 22518206.65804044 0.009900000000000001
100 24548666.10946499 2815832.37895372 21867903.25750217 0.01
101 25079144.84001213 4027911.369330284 21080049.72310543 0.0101
102 25551196.93533509 5316783.422898848 20184201.52157273 0.0102
103 26026880.98612309 6654382.016793626 19270322.90986097 0.0103
104 26502958.42893018 8001901.818049592 18374753.16540079 0.0104
105 26950416.41859039 9300188.286879767 17473694.58365724 0.0105
106 27334469.8322331 10500901.37204371 16589880.40167821 0.0106
107 27651817.81142833 11621675.87648126 15731588.56721296 0.0107
108 27804354.61041289 12639247.31149871 14919838.90058555 0.0108
109 28021548.68173792 13640076.53216381 14024362.09387893 0.0109
110 28157770.54622301 14598982.4392419 13164638.5234472 0.011
111 28311398.08304621 15499485.58091227 12302270.32327316 0.0111
112 28282216.30248192 16450037.41468658 11399196.82296578 0.0112
113 28410341.11781381 17240317.80440394 10762889.95238271 0.0113
114 28221015.3414797 18109615.01172285 9865723.454360537 0.0114
115 28132005.96799424 19007787.21914599 8765242.138458427 0.0115
116 28014504.09018117 19813088.48989807 7787248.495350154 0.0116
117 27870378.68809358 20604295.55348491 6866348.175587304 0.0117
118 27633957.93440925 21320148.09923142 5929366.340762239 0.0118
119 27408252.21446307 22020299.8065564 5017191.522640736 0.0119
120 27164818.82339258 22680121.58499276 4137503.706305883 0.012
121 26819072.75002902 23246195.58026596 3272695.003011113 0.0121
122 26416047.48859155 23738244.10414366 2437381.916944336 0.0122
123 25972021.20873673 24149183.68057397 1669017.053427435 0.0123
124 25480748.51969469 24541386.17262247 883246.6383396506 0.0124
125 24945601.73255996 24869254.98467128 136005.9600020814 0.0125
126 24372876.75405904 25150871.20425961 614198.2098922988 0.0126
127 23754298.77550424 25382147.53281478 1338102.765732767 0.0127
128 23046538.96188837 25535703.20034602 2050354.960512348 0.0128
129 22362162.69637088 25631664.00034057 2767099.087147867 0.0129
130 21867814.27723699 25854736.24054826 3425353.222338406 0.013
131 20884873.4645547 25761437.4794136 4164280.497299918 0.0131
132 20042885.47112975 25819474.91561418 4822066.062472473 0.0132
133 19311764.87749045 25816827.71291607 5551536.762569937 0.0133
134 18393735.03428392 25656885.17207003 6213083.188161249 0.0134
135 17539512.97542695 25647985.5397054 6880410.220171985 0.0135
136 16635732.06964521 25439791.39107087 7558057.474581682 0.0136
137 15649944.42239275 25344205.95634016 8255957.739423861 0.0137
138 14574343.00804188 25021341.59268498 8972662.354685245 0.0138
139 13611407.46031624 24822832.25759711 9665627.423492393 0.0139
140 12589760.94915783 24540194.76743298 10442964.86247028 0.014
141 11658076.51259551 24416290.73621276 11306993.20645796 0.0141
142 10479771.37145268 24250559.709619 12382277.3375736 0.0142
143 9275306.670167102 24184392.48143752 13709321.35760632 0.0143
144 8151511.146481375 24522134.17719458 15338455.64499971 0.0144
145 7005917.003292989 25168206.45633675 17374879.80695347 0.0145
146 5845243.777816297 26070146.58682292 19666729.29131081 0.0146
147 4773565.012979537 26861389.46655633 21667003.41115328 0.0147
148 3792146.594676783 27044585.34821846 22930875.27436827 0.0148
149 2896234.358773266 26610184.91333228 23358313.51574105 0.0149
150 2063992.192569689 26051132.78048823 23710926.03842289 0.015
151 1264831.126917613 25526111.85596737 24057768.14518558 0.0151
152 508839.1603815148 25063285.8144515 24451510.95993763 0.0152
153 232509.9220352356 24507422.54993442 24663730.81254851 0.0153
154 965256.9886645979 24172836.18819615 25459595.7101629 0.0154
155 1674151.248796194 23867126.75558333 25748150.81873477 0.0155
156 2387290.145641684 23528192.60388731 26337002.15560213 0.0156
157 3090261.570658959 23131488.74210813 26638400.11195199 0.0157
158 3788754.421297869 22793805.27912726 27166105.47000848 0.0158
159 4500253.53981778 22256802.04863543 27361202.99138802 0.0159
160 5182177.668432169 21756242.56724611 27700854.12902766 0.016
161 5866147.147402585 21067114.51664232 27722565.88766494 0.0161
162 6541907.267795371 20382541.39258511 27927740.56172737 0.0162
163 7208594.147586859 19685151.80757045 28004946.57992021 0.0163
164 7872231.65279997 18907993.43958908 28004427.03687158 0.0164
165 8545874.571797481 18102354.62083957 27974768.47859298 0.0165
166 9223063.326522412 17249150.00515656 27895781.97645004 0.0166
167 9948412.655675201 16604649.44587596 27628250.19536561 0.0167
168 10623342.9103234 15493665.78068646 27666502.39564126 0.0168
169 11343943.12744597 14494984.31013897 27485669.53035806 0.0169
170 12085290.16548452 13514868.67817739 27264801.52124485 0.017
171 12831335.28570606 12504053.16985861 26985332.77225866 0.0171
172 13608130.83646329 11450578.57493497 26676884.99396862 0.0172
173 14396747.15854604 10276822.42578168 26261379.45996043 0.0173
174 15244697.30416175 9156505.887467548 25885250.90312679 0.0174
175 16142010.57098195 7985797.879313942 25488195.25603355 0.0175
176 17135176.11921695 6718577.069996811 25085964.59372465 0.0176
177 18178438.08357871 5391476.637424349 24601982.2851044 0.0177
178 19285307.64032108 4028721.323683598 24096925.43890709 0.0178
179 20404781.1030709 2710920.311133912 23607823.03987461 0.0179
180 21408770.53643943 1515020.649170811 23143178.93527684 0.018
181 22223313.33843933 686784.2851360658 22654433.03523683 0.0181
182 22914892.44918827 1123713.099725707 22094365.69640305 0.0182
183 23557737.92175508 2163512.62171129 21474380.14444551 0.0183
184 24124470.07811378 3346111.449612228 20782132.11215021 0.0184
185 24685773.04320029 4649450.625729241 20026128.74229092 0.0185
186 25307234.6599301 6098386.417637878 19213802.79526749 0.0186
187 25985913.73027986 7663366.262590173 18368513.80520114 0.0187
188 26692338.81137963 9224818.817023121 17507019.86389729 0.0188
189 27285694.14581322 10607572.58952744 16675373.72261472 0.0189
190 27703909.44838721 11758798.39722738 15844685.85721991 0.019
191 27975300.07641349 12753759.59170007 15056911.3881164 0.0191
192 28119119.04241402 13631337.29884005 14246024.77982477 0.0192
193 28176056.93810438 14502718.62219847 13385493.99226918 0.0193
194 28234743.48229001 15351876.77239533 12550315.88736844 0.0194
195 28302962.09555151 16250861.49683292 11693982.78985043 0.0195
196 28339854.45235628 17156165.53969539 10816785.08798769 0.0196
197 28328653.22853765 18039157.2003839 9903577.160452666 0.0197
198 28254197.19872408 18880171.44249634 8973444.40116662 0.0198
199 28169663.71098541 19699072.75945003 8059571.44377992 0.0199
200 28036996.22349019 20494693.80425825 7123298.686368701 0.02
201 27701448.32336812 21163725.14596711 6104431.073698201 0.0201
202 27662274.93333098 21949265.50052051 5296184.4731339 0.0202
203 27349951.19227173 22566738.17730099 4390109.63124603 0.0203
204 27123136.64993336 23244648.67322773 3519510.209856001 0.0204
205 26572138.3206152 23588509.52726868 2693030.005656943 0.0205
206 26114594.86243506 24013934.93318441 1889397.538277232 0.0206
207 25626408.51290705 24397818.44985657 1117405.367493682 0.0207
208 25114192.13082635 24747007.48069964 363196.695166215 0.0208
209 24579954.56487149 25084361.17127819 385034.6339354865 0.0209
210 24005405.48314945 25332007.74158498 1103837.602523406 0.021
211 23403557.07066423 25570716.29916633 1815843.839735363 0.0211
212 22731381.23434643 25716132.7748058 2523825.175533084 0.0212
213 21996829.9242216 25836065.7447423 3234064.687299556 0.0213
214 21260359.07365468 25903662.95748629 3931014.149008637 0.0214
215 20267943.98499701 26720651.97957459 4354557.570837924 0.0215
216 19716141.26503955 26116909.2292881 5321035.391657477 0.0216
217 18780419.81807012 25787738.35153215 5974440.619963276 0.0217
218 17922933.87402375 25793356.41030106 6655170.693570168 0.0218
219 17008579.52623101 25531331.30659739 7324028.726199565 0.0219
220 16098193.10283078 25502702.2860547 8028004.125006193 0.022
221 15128604.11021325 25294522.07288726 8741736.566621102 0.0221
222 14149674.26129729 25119703.66898942 9493534.780769873 0.0222
223 13151865.57075797 24944580.87384159 10188579.49750394 0.0223
224 12120368.66473021 24696395.46139956 11247861.64927424 0.0224
225 10957048.60642982 24484847.47874946 12165224.05522362 0.0225
226 9823568.24351169 24532904.19775847 13494445.25721321 0.0226
227 8587891.702012794 24719357.31276199 15182300.71756433 0.0227
228 7365856.682390673 25422936.59592301 17425751.04665188 0.0228
229 6171049.073458377 26450496.38207671 19750370.51670586 0.0229
230 5055252.590489071 27260224.84500589 21793440.37023128 0.023
231 4067271.470608583 27392842.67634794 22898744.30392542 0.0231
232 3160182.770720168 26849444.5965106 23341644.39970384 0.0232
233 2316070.851721372 26212896.81410079 23593037.89120797 0.0233
234 1518052.243057583 25702216.16042524 23918063.42964977 0.0234
235 755230.5261066989 25265597.12681553 24368421.6827216 0.0235
236 67637.04685849899 24663426.8536173 24600686.49781432 0.0236
237 710952.6822382334 24362582.98308324 25063379.81702877 0.0237
238 1430776.4257003 24107696.76184103 25688464.07666063 0.0238
239 2142375.492845432 23832154.03208625 26256108.99259771 0.0239
240 2852383.902076087 23450109.53893456 26693650.77277977 0.024
241 3423747.428047105 23022116.65948131 27065230.93607252 0.0241
242 4257245.128275369 22468360.78968691 27341892.74037205 0.0242
243 4951195.800982752 21894083.13817431 27568085.33284305 0.0243
244 5637779.51365534 21249049.26867615 27729712.78970715 0.0244
245 6315928.598436058 20607089.97239194 27878474.69763875 0.0245
246 6958195.28823952 19884311.4491528 27835832.66619253 0.0246
247 7644794.534684475 19192531.1120079 27993568.38430137 0.0247
248 8310276.837361671 18417634.51616893 28084747.21084305 0.0248
249 8987938.487366229 17590964.93410995 27995387.19673683 0.0249
250 9671181.604180295 16739612.28288405 27902970.81266667 0.025
251 10376371.41715098 15862897.23486171 27782101.30659549 0.0251
252 11095380.58796788 14900004.08106825 27606638.05046124 0.0252
253 11826672.6697397 13900323.62197715 27377459.99028468 0.0253
254 12582076.70735247 12899534.60323071 27120523.33807454 0.0254
255 13342372.078291 11920540.08901597 26852714.89128562 0.0255
256 14110850.87864446 10879999.44092226 26526633.57141324 0.0256
257 14918098.18595224 9786779.245256022 26158792.61367965 0.0257
258 15777187.28264689 8643644.994229071 25767196.20207289 0.0258
259 16711172.73481552 7432734.290082945 25361098.27905964 0.0259
260 17761730.61193315 6137610.505615481 24951628.82428065 0.026
261 18849545.69272079 4788087.171223714 24519536.79856353 0.0261
262 20027685.61846042 3408086.762205599 24117922.07882795 0.0262
263 21207231.60360759 2055843.843794463 23707894.92023372 0.0263
264 22253066.33032086 844475.1088163243 23265014.9082896 0.0264
265 23107431.15273235 947350.6784567529 22752680.42749478 0.0265
266 23823695.58491663 1961457.145421443 22164419.88569956 0.0266
267 24487853.31266831 3151944.74960938 21501543.13877814 0.0267
268 25023178.05390516 4387692.991146058 20738870.94879408 0.0268
269 25695589.88504339 5904901.318539959 19907090.35810244 0.0269
270 26253226.69337715 7409494.013486357 18947945.72292848 0.027
271 26957191.93403636 8913907.288887179 18135730.19348786 0.0271
272 27592785.63341518 10352035.8455849 17287968.57845959 0.0272
273 27926351.43747386 11421190.17573185 16414125.75848944 0.0273
274 28098002.57435113 12314830.04150755 15637032.36536871 0.0274
275 28187401.27403618 13153201.33692742 14806865.7596266 0.0275
276 28274280.61547733 14010668.90528921 13975695.1116723 0.0276
277 28311194.38167096 14885750.67386335 13107489.84999405 0.0277
278 28406404.46218435 15311795.55680627 11306180.13380673 0.0278
279 28294218.38810724 16633628.62359014 11233065.81699715 0.0279
280 28398235.5591055 17715312.92279764 10293223.0001355 0.028
281 28370277.4507774 18600545.74251439 9351287.258786922 0.0281
282 28292174.60286251 19472118.40004775 8366431.545490096 0.0282
283 28139045.48596792 20250492.85351412 7453986.671381876 0.0283
284 27981596.62562907 21040808.24770617 6515809.600968004 0.0284
285 27751221.85180141 21763949.38454042 5565934.783060258 0.0285
286 27515597.49796285 22430209.74864152 4691982.551945006 0.0286
287 27015952.05014468 23022782.48555124 3857455.925371469 0.0287
288 26803751.81309231 23528950.27433002 2984587.975683201 0.0288
289 25569650.32322881 23558427.96875608 2141157.08104211 0.0289
290 25851860.55779998 24370560.59758961 1367768.756609183 0.029
291 25336691.22267685 24698968.46933355 624494.3257850374 0.0291
292 24795113.54561119 25002202.19136725 174482.4398003103 0.0292
293 24214716.41879119 25277737.88118708 870544.6533148438 0.0293
294 23678797.57606736 25511226.1626726 1580576.487878623 0.0294
295 22960693.682295 25723936.07925793 2298581.410612818 0.0295
296 22152762.37686432 25817977.35987872 2989430.533814935 0.0296
297 21517323.08229195 25840726.02065532 3709953.510432309 0.0297
298 20806180.55049149 26016127.8371487 4418161.18173628 0.0298
299 19960696.11207097 25957345.28710334 5065743.220215677 0.0299
300 19139280.35843602 25947079.50574803 5767752.13807243 0.03
301 18237662.18151508 25835191.53623443 6442334.093836727 0.0301
302 17380639.75178055 25702775.48628403 7121824.434262775 0.0302
303 16443502.25877216 25572386.04480892 7820907.846597079 0.0303
304 15503098.59752442 25416064.73719402 8536482.813625528 0.0304
305 14517468.21239229 25212002.53644693 9282595.547739072 0.0305
306 13517028.71163927 25011005.64889441 10009119.1361225 0.0306
307 12453180.59220209 24814025.8767341 10872687.23373781 0.0307
308 11383517.32921727 24644150.42548627 11857445.70113397 0.0308
309 10253198.08609439 24617094.89283307 13118410.26308159 0.0309
310 9099493.494856741 24813862.95232007 14677351.42336002 0.031
311 7839430.773905016 25539291.77146683 16845690.36232414 0.0311
312 6597607.308761818 26589629.5344543 19370754.73189351 0.0312
313 5429899.932123351 27554366.46858856 21682294.33040138 0.0313
314 4384499.750532225 27591906.35743579 22818479.76830051 0.0314
315 3445293.839734452 26933785.54243769 23125633.01172409 0.0315
316 2592075.605148027 26300396.20156831 23374852.09857372 0.0316
317 1782364.213972938 25743192.00990039 23688699.61513798 0.0317
318 1010557.251490623 25287312.88410857 24105384.53425255 0.0318
319 272653.1721989975 24806415.89028916 24284937.38465591 0.0319
320 467050.2889554362 24529229.39648809 24984731.30120036 0.032
321 1187893.413981413 24359936.45724066 25673389.99488362 0.0321
322 1900940.244823351 24123470.00957504 26236073.03020952 0.0322
323 2611787.067348138 23726601.45467141 26652917.29741926 0.0323
324 3319138.22745603 23243004.69773903 27007426.21676777 0.03240000000000001
325 4020077.452047318 22667980.32726859 27261700.57386911 0.0325
326 4719170.466991578 22084526.44934292 27482131.32313874 0.0326
327 5406912.871590206 21475765.49640559 27692432.77188983 0.0327
328 6086406.500312565 20846666.44250223 27871712.93344201 0.0328
329 6756331.91791925 20191471.27205729 27981992.40866555 0.0329
330 7419128.623645306 19479413.43298383 28062650.47852756 0.033
331 8081299.051862355 18725178.07316541 28078467.5237555 0.0331
332 8758257.740781484 17936362.14257707 28059711.98957588 0.0332
333 9442556.343199145 17070440.18608211 28010673.69816181 0.0333
334 10138573.03492378 16197983.06540372 27894061.34376936 0.0334
335 10853051.95553314 15265609.20599922 27735786.41413252 0.0335
336 11590004.46422255 14311224.11144281 27576572.576953 0.0336
337 12336655.00962306 13362809.74906225 27348640.16135563 0.0337
338 13102675.06108228 12382661.9747897 27066668.0356777 0.0338
339 13873518.46414029 11334907.50862544 26745118.06921248 0.0339
340 14674976.93726569 10221010.87245748 26363989.15138603 0.034
341 15429847.49094404 8935841.472277636 25858720.84897038 0.03410000000000001
342 16432499.04653406 7739558.108097738 25464170.54342477 0.0342
343 17459010.86817591 6507808.179074764 25083917.94996092 0.0343
344 18568115.76698819 5188478.262440021 24685146.32943559 0.0344
345 19714706.13348221 3820965.290545346 24255635.10367692 0.0345
346 20858271.90957267 2457275.762523454 23786568.28680247 0.0346
347 21881190.97097622 1153983.268977357 23231709.07643581 0.0347
348 22702463.71171882 754391.7920449737 22590651.8660586 0.0348
349 23388314.72611581 1699182.535293048 21924719.41514173 0.0349
350 24084519.91342901 2935599.195059621 21234786.94660426 0.035
351 24842700.00607194 4334174.26656167 20467310.33270403 0.0351
352 25532892.25946142 5928301.392535468 19683607.14080036 0.0352
353 26336682.28129778 7537254.380233677 18870938.37282527 0.0353
354 27013793.09815336 8960521.76361447 18092236.57134951 0.0354
355 27542380.03979892 10178487.72500075 17333347.7854441 0.0355
356 27848431.08944317 11109496.45666765 16602408.9819471 0.0356
357 27985009.39151464 11926795.29388502 15843491.41314444 0.0357
358 28203832.63724689 12841574.59884575 15081650.85878021 0.03580000000000001
359 28196650.85278157 13663291.33171055 14226096.07572043 0.0359
360 28324059.18541481 14622068.84464005 13360440.64346234 0.036
361 28388355.00951948 15599289.36010358 12458530.83657645 0.0361
362 28438112.21809934 16573966.92482951 11523540.73011585 0.0362
363 28478042.2059096 17522593.92574671 10595822.69156315 0.0363
364 28422835.93694434 18382727.32471007 9660172.078162052 0.0364
365 28351651.10431339 19229394.65581623 8721187.297766408 0.0365
366 28232336.49866589 20039879.42245332 7781837.326699094 0.0366
367 28071949.17986212 20855231.61064713 6850886.423971728 0.0367
368 27938001.79231705 21578749.45521703 5969615.601512499 0.0368
369 27649330.39681283 22240963.79899443 5010755.909421357 0.0369
370 27533122.77103889 23025075.12402716 4117677.36710808 0.03700000000000001
371 26957252.10725461 23370738.78502072 3240482.144862489 0.0371
372 26543676.84752495 23842404.85586097 2422625.49125389 0.0372
373 26141623.28878628 24303361.72297055 1635122.887307737 0.0373
374 25546640.54833621 24616329.74206991 852930.7285077927 0.0374
375 25047853.95754867 24967325.07823615 121369.5660496671 0.03750000000000001
376 23835648.89858037 25547093.51557256 779386.3412953017 0.0376
377 23711146.01113093 25438125.43329995 1355928.957876508 0.0377
378 23278706.57137618 25672005.31866908 2065272.299104199 0.0378
379 22590762.81458299 25891621.23226563 2770844.344005064 0.0379
380 21844443.44165074 25946037.67279152 3509356.859090615 0.038
381 21090487.28491483 26014960.10001528 4168597.654171153 0.0381
382 20209446.32682752 25877305.3356069 4866356.084076501 0.0382
383 19446810.56291802 25947863.82903634 5537458.852966651 0.0383
384 18582033.82303488 25842672.21432755 6211574.612250672 0.0384
385 17725167.75017504 25810172.06167739 6896442.791788071 0.0385
386 16809475.03874965 25665020.47251587 7602272.44159578 0.0386
387 15893566.20863299 25572334.40581035 8326621.025072896 0.03870000000000001
388 14898293.81769354 25336669.50415109 9057377.948173465 0.0388
389 13966658.30523848 25245359.68421742 9855940.533913167 0.0389
390 12862307.76114037 25013617.73706732 10707442.57930862 0.039
391 11794697.40623392 24863226.33058506 11725499.08027608 0.0391
392 10634754.82095339 24882182.84623368 13045209.52340566 0.03920000000000001
393 9420633.563672787 25193756.29509229 14760861.54781643 0.0393
394 8161418.522854065 26031575.55526559 17065475.86765669 0.0394
395 6956815.888887918 27199414.11748017 19713461.23838609 0.0395
396 5749182.957110621 27930999.30016259 21740970.65559083 0.0396
397 4676205.675066975 27481430.86093418 22429577.27629091 0.0397
398 3734630.423360061 26748851.25308453 22621900.77725628 0.0398
399 2879566.488626687 26164790.96374553 22890957.0124627 0.0399
400 2051741.396301575 25725672.04951517 23386552.88592507 0.04
401 1273571.429463187 25204657.16032751 23681942.23564815 0.0401
402 517438.1592589613 24959579.59218382 24297447.06750269 0.0402
403 226108.9182863473 24866391.62524606 25058399.04315003 0.0403
404 947401.4489569407 24694200.59852673 25739490.37144347 0.0404
405 1663751.035071808 24387325.53510168 26241201.95467667 0.0405
406 2376260.123516301 23927050.11969922 26616638.69412878 0.0406
407 3088757.282380265 23381076.11444282 26818739.28774743 0.0407
408 3789697.795619433 22788289.79657514 27110249.22032409 0.0408
409 4489142.827387759 22234349.39913392 27346905.93993961 0.0409
410 5178452.195542139 21668795.35029808 27604821.01140961 0.041
411 5860079.733069434 21100686.95009965 27818738.20407892 0.0411
412 6535479.259538194 20449339.6468876 27983371.59881265 0.0412
413 7196477.289063185 19729648.89515966 28104951.77971363 0.0413
414 7860539.113018999 18999999.57385373 28114094.61505142 0.0414
415 8530001.479988109 18198602.30104658 28096624.59076979 0.0415
416 9209794.104817461 17325959.08613589 28036329.63037277 0.0416
417 9902003.033933202 16471138.88908729 27947065.10855308 0.0417
418 10614476.48323542 15570249.56185569 27817501.75205747 0.0418
419 11349137.91657796 14640174.14290023 27642477.81138743 0.0419
420 12090584.8057928 13719337.4266342 27437857.4609223 0.042
421 12855077.1569741 12716895.16220229 27169276.73447768 0.0421
422 13631117.07472797 11654369.05682113 26824532.25976209 0.0422
423 14423227.99094151 10532721.30692193 26433994.80663999 0.0423
424 15259733.17890252 9372750.240504945 25975679.48783456 0.0424
425 16158963.49053551 8125471.752449846 25483578.66110374 0.0425
426 17143925.43645433 6894860.067735619 25051779.84536887 0.0426
427 18187111.96340313 5683038.373921067 24687797.0648921 0.0427
428 19275047.28107271 4437644.911543908 24323927.94012994 0.0428
429 20364629.71233179 3136829.371212515 23902840.6285226 0.0429
430 21426417.40274974 1799983.039264544 23423700.81090941 0.043
431 22354372.99225227 781871.9195674004 22868533.02839868 0.0431
432 23151752.99355775 1337986.227811835 22253332.16369754 0.0432
433 23944046.09812813 2599517.80444988 21578179.0630554 0.0433
434 24767857.31572552 4060208.413751084 20866136.10198318 0.0434
435 25582468.75359847 5657462.049571296 20096351.59876246 0.0435
436 26364873.8976017 7191967.940306162 19317717.15730733 0.0436
437 27016050.73183084 8551362.271315074 18557180.61071106 0.0437
438 27498525.52060593 9716540.340604119 17803588.74556316 0.0438
439 27756431.16872185 10614848.44093227 17055485.14457891 0.0439
440 27907438.10391729 11447907.1934382 16288020.87251428 0.044
441 28024544.23933066 12323144.49120456 15476948.76187988 0.0441
442 28163915.10925335 13283662.67909653 14628480.91573348 0.0442
443 28314653.06783545 14307982.31102785 13717396.98810645 0.0443
444 28423486.42825739 15318529.23367839 12788600.47875345 0.0444
445 28479821.75801627 16311945.96106739 11873116.90828475 0.0445
446 28403833.81130341 16949541.47760778 10964204.96741467 0.0446
447 28345404.07320694 17998373.05267056 9970604.595224017 0.0447
448 28368616.32748874 18960313.62354013 9014391.882426299 0.0448
449 28250837.09914999 19752866.70351182 8080808.104227976 0.0449
450 28122291.14855051 20556653.31685073 7158124.327436791 0.045
451 27749826.6789094 21193978.42678902 6144227.780594101 0.0451
452 27648103.1315003 21966934.51191811 5293066.895482136 0.0452
453 27350634.89767513 22589486.16876432 4383595.293195871 0.0453
454 27052179.21820587 23171145.74897501 3525366.365178671 0.0454
455 26686021.54002055 23701762.3893071 2682091.107011699 0.0455
456 26286186.6892175 24200261.37055237 1887552.291523752 0.0456
457 25832766.01298366 24585856.17677956 1111146.301700652 0.0457
458 25318468.55300957 24935674.78436181 359874.7753502437 0.0458
459 24780335.95730995 25232432.78173828 387614.8762551 0.0459
460 24133935.88180954 25442716.08174774 1102560.32527944 0.046
461 23476646.87126461 25613614.03703727 1819947.706129644 0.0461
462 22800770.15953675 25768419.12358503 2529606.156543101 0.0462
463 22102988.24124974 25912352.55864062 3234709.397905305 0.0463
464 21361970.9298094 25960241.88287424 3933621.112554261 0.0464
465 20594975.97391433 26026180.74998114 4623220.005802977 0.0465
466 19773844.22648723 26031359.13122469 5345049.568406306 0.0466
467 18941841.08762281 25983724.91600518 5998805.811709416 0.0467
468 18057831.64300548 25868328.37270468 6660454.407066816 0.0468
469 17165373.81473354 25758648.42741909 7352649.945665125 0.0469
470 16205804.80384189 25588366.97693266 8063845.141890284 0.047
471 15244386.10119838 25454499.64518942 8801675.027501093 0.0471
472 14226623.27545163 25195520.19781925 9550471.850537537 0.0472
473 13239171.55110871 25051269.26718894 10371288.4104113 0.0473
474 12168721.55838771 24856038.63646889 11321555.14970795 0.0474
475 11235137.23910634 24361306.0821147 12677445.85923417 0.0475
476 9858248.505791409 24913630.51581335 14053265.00548873 0.0476
477 8606401.727223748 25655027.66027508 16178239.90544862 0.0477
478 7342874.503979259 26730343.87586537 18722912.4703187 0.0478
479 6126147.23683305 27812756.73952274 21212856.02049509 0.0479
480 5013540.379726894 27801218.9303876 22390215.20404873 0.048
481 4031421.390418349 27022027.9340388 22609489.89868748 0.0481
482 3155893.975798138 26352478.86359579 22801625.76458952 0.0482
483 2321930.107389083 25852512.32778711 23205030.1047545 0.0483
484 1530837.947185328 25331914.03484292 23516223.37226033 0.0484
485 773681.1466444194 25070971.1313906 24141916.15721265 0.0485
486 66953.04622507289 24789231.58079482 24799395.61961967 0.0486
487 704420.4025763253 24751275.02219998 25505205.4534545 0.0487
488 1425745.687068299 24516464.73794938 26129313.9650695 0.0488
489 2139454.276000629 24120909.33753027 26543100.08618456 0.0489
490 2849146.10022203 23597859.11392703 26845326.71036718 0.049
491 3565595.527954858 23135417.77587834 26894844.79145057 0.0491
492 4252557.938714281 22498521.01476939 27334259.22098263 0.0492
493 4947690.311282738 21900474.68448063 27561226.23902284 0.0493
494 5631390.215547182 21302968.09254487 27764475.46394026 0.0494
495 6308092.818401149 20716405.5022988 27973565.3816127 0.0495
496 6976948.024780257 19999219.55770786 28053725.79661947 0.04960000000000001
497 7642606.017969447 19344380.21921138 28052297.97230168 0.0497
498 8300304.945338162 18510369.9878823 28111440.22884194 0.0498
499 8982272.389810186 17676851.49072032 28074170.88759505 0.0499
500 9668438.951116575 16803276.40485342 27998009.75014228 0.05
501 10373836.60950883 15941394.21268896 27908573.74005887 0.05010000000000001
502 11110352.98964011 14941273.42370626 27717669.26218462 0.0502
503 11842304.89394886 14073839.76799787 27543880.65222056 0.0503
504 12608623.73247373 13107638.92454476 27302673.64362349 0.0504
505 13380527.31906309 12084552.05441337 27015703.88752309 0.0505
506 14164939.11195584 10978788.72487416 26648937.28397079 0.0506
507 14996399.82651836 9844105.081286263 26259541.45875829 0.0507
508 15895383.83329594 8590241.482745346 25778914.66190416 0.0508
509 16864624.02736584 7302026.554903201 25276622.79431682 0.0509
510 17923955.77536902 5992479.346833519 24809412.1089168 0.051
511 19026351.87455766 4710485.525472979 24401580.12328154 0.0511
512 20144709.00489024 3447063.376759126 24034339.48904441 0.0512
513 21211126.82392104 2167290.168336374 23601991.32253077 0.0513
514 22152301.34866209 951683.4659047511 23079951.73432865 0.0514
515 22956545.4251306 1006312.750824709 22483019.77540168 0.0515
516 23711530.04250368 2123732.902674794 21826059.34327251 0.0516
517 24508965.79197601 3523475.474669433 21121941.52651614 0.0517
518 25309010.87034008 5076912.679547654 20353843.14469193 0.0518
519 26114929.04085497 6666115.13899605 19566438.05060584 0.0519
520 26808420.18376135 8096185.729952022 18805978.42305351 0.052
521 27363318.03474747 9334893.980304956 18041626.37457316 0.0521
522 27688019.76645825 10298285.56537959 17301886.78693889 0.0522
523 28101866.31001003 11259543.45121513 16639686.16613322 0.0523
524 28089477.65992529 12049120.67270857 15791995.19790485 0.0524
525 28149331.25515259 12980669.17263016 14917882.30923451 0.0525
526 28306505.17958073 14002743.22077018 14033547.15605787 0.0526
527 28430447.06753733 15017545.65833482 13120978.62325769 0.0527
528 28509429.99085866 16012418.44354089 12195942.93955396 0.0528
529 28556949.0622969 16969613.34114014 11233682.86229679 0.0529
530 28490671.40011881 17841628.8491948 10281055.96816563 0.05300000000000001
531 28421518.46045694 18688151.65830932 9356278.198228674 0.0531
532 28351640.3111101 19502825.53013072 8461767.493384572 0.0532
533 28167384.12125297 20300066.02525293 7472074.490393463 0.0533
534 27964977.73620778 21031362.32765192 6521376.424668598 0.0534
535 27276490.7542765 21407468.11675869 5673065.499267894 0.0535
536 27240436.87655064 22192573.09210763 4693333.476267991 0.0536
537 27148795.02481462 22992174.29677078 3807025.654139849 0.0537
538 26787808.24038172 23542546.00253777 2954311.939389884 0.0538
539 26409245.13614908 24044670.87142937 2145628.718273583 0.0539
540 25972113.3911205 24462247.03487805 1365822.204527263 0.054
541 25490053.10298989 24821908.76305404 610429.6303999583 0.0541
542 24921825.30671515 25110405.41528464 173838.5971100356 0.0542
543 24348159.31790708 25384115.66710157 865310.6207387298 0.0543
544 23709868.16706667 25585291.043648 1592263.630446803 0.0544
545 23057998.00100408 25758216.53306176 2293741.161717834 0.0545
546 22360047.72442615 25872156.60601923 2997859.110735069 0.0546
547 21618410.26055618 26002683.19393812 3703667.632598195 0.0547
548 20863156.53675328 26027691.77727528 4396707.641517797 0.0548
549 20031087.01504909 26075604.97010968 5073675.784149384 0.0549
550 19698512.80850961 26399342.9169343 5744660.115824416 0.055
551 18362120.06364853 25886129.22418503 6437586.521827411 0.0551
552 17551712.5568477 25848392.86369544 7111263.493082538 0.0552
553 16566959.50557237 25644857.88573128 7816775.387890943 0.0553
554 15571816.52833382 25518332.47282041 8562887.039143346 0.0554
555 14610542.47879756 25318043.53050838 9291268.852774961 0.0555
556 13605468.43617674 25096729.61899722 10090993.16855211 0.0556
557 12527017.96272895 24920229.96009121 10985568.76903498 0.0557
558 11451282.50838947 24853623.86682071 12061839.89798696 0.0558
559 10291840.79062185 24882055.06564015 13429033.79336489 0.05590000000000001
560 8883870.343773611 25447420.29177155 15289574.69423221 0.056
561 7527439.083883749 26284290.41690214 18363823.70071952 0.0561
562 6383077.318492458 27707247.4828941 20785389.74989865 0.0562
563 5319744.632544232 27941276.974115 22177876.30901293 0.0563
564 4324818.810620108 27262592.72105034 22612503.22924941 0.05640000000000001
565 3440212.600797835 26564901.99380131 22613760.50421643 0.0565
566 2586422.982654245 25997001.28181378 23035827.84105792 0.0566
567 1787150.463027134 25507991.96349428 23392221.03303737 0.0567
568 1016500.33544417 25202788.54235328 23994843.8680926 0.0568
569 273440.6124236864 25032204.73776601 24648514.37014429 0.05690000000000001
570 464345.2205330356 24868838.97429448 25342973.26643182 0.057
571 1188027.080702095 24588099.5750348 25799373.64109851 0.0571
572 1901117.987159096 24236751.8900235 26364849.59615662 0.0572
573 2612520.744407174 23741267.18094293 26733413.23772485 0.0573
574 3319560.904443213 23286759.07351593 26979036.01475769 0.05740000000000001
575 4020819.28739689 22712789.79828973 27328042.39620939 0.0575
576 4713418.456625539 22323030.10996987 27593239.08941802 0.0576
577 5402303.158096717 21610081.79923898 27798607.23222049 0.0577
578 6088638.268743213 20943221.56659591 27892728.97708535 0.0578
579 6752820.938980333 20256772.86588866 28040332.47396522 0.0579
580 7416275.082864218 19531485.85329304 28095175.57816727 0.058
581 8077719.775798677 18779175.15470642 28135034.21318147 0.0581
582 8754030.95195917 17950898.01007963 28115635.36895644 0.0582
583 9439413.563116206 17132144.91796895 28059281.65514076 0.0583
584 10134809.80101449 16270223.76037089 27971758.10106482 0.0584
585 10858687.52871801 15348410.68509855 27822685.47055092 0.0585
586 11596237.73208206 14448955.1341691 27651429.4336929 0.0586
587 12353369.02003539 13482540.47729283 27425898.04286537 0.0587
588 13128110.49459336 12448420.29488965 27140086.27666932 0.05880000000000001
589 13912993.73338328 11367858.41820076 26774428.74905131 0.0589
590 14730765.55134491 10204168.58604795 26379593.07951659 0.059
591 15614557.59289563 8994807.329410264 25942510.29104384 0.0591
592 16571446.39016082 7727994.869918577 25485109.96179464 0.0592
593 17625983.06997455 6414069.386282227 25006959.4490112 0.05930000000000001
594 18727394.27530664 5103285.417374459 24563862.50396982 0.0594
595 19868156.04073986 3818005.454514897 24175425.15663087 0.0595
596 20954919.91361921 2551342.56274353 23774144.36910424 0.0596
597 21908633.11621379 1302637.712247077 23275196.03028359 0.0597
598 22727554.29269769 786921.3732237082 22697196.41914254 0.05980000000000001
599 23458777.00636168 1680301.36622877 22051813.76437464 0.0599
600 24235201.19249789 2970525.887422197 21353213.46784779 0.06
601 25006298.3377378 4490773.320188157 20612450.25067784 0.0601
602 25810526.3472076 6102880.955487874 19809952.04790386 0.0602
603 26557206.66051783 7619513.807987873 19037873.60731879 0.06030000000000001
604 27172891.48185274 8951917.443625342 18262795.41312502 0.0604
605 27597465.32315642 10017456.15733967 17521907.34410639 0.0605
606 27831548.25810698 10907386.23663889 16778235.68621827 0.0606
607 28107534.89719392 11821829.54886615 16028444.04989181 0.0607
608 28103289.32828809 12658959.37460034 15196376.86155747 0.06080000000000001
609 28155275.20456432 13737026.00412794 14247491.75263953 0.0609
610 28381403.38735779 14699966.54884283 13401591.28683152 0.061
611 28509759.29246772 15701014.77707467 12494659.81033674 0.0611
612 28550856.30888275 16675894.93290722 11559761.51883112 0.0612
613 28563874.16527455 17590840.97797712 10618953.02357958 0.0613
614 28461260.13304978 18418448.07916786 9663166.525728691 0.0614
615 28384091.91908512 19258540.63144483 8710330.785225522 0.0615
616 28154999.04137365 19968650.65412669 7781037.267429888 0.0616
617 28007431.23894017 20778194.64090149 6816654.326543765 0.0617
618 27818935.51486308 21514177.9051248 5910143.269649849 0.0618
619 27585845.76137761 22197465.60440331 5012996.755930358 0.0619
620 27266029.74167578 22813029.69097602 4092784.193374655 0.062
621 26709852.05587892 23211853.87096009 3218667.31775496 0.0621
622 26559798.8043763 23880937.95657043 2420877.930250511 0.06220000000000001
623 26112483.32732299 24306675.06867078 1628284.991366712 0.0623
624 25635007.07366069 24705990.04206261 858027.1309980245 0.0624
625 25102511.99757801 25025516.7170954 118655.3974561601 0.0625
626 24544850.58895016 25319091.54820406 625532.1515261527 0.0626
627 24030993.34200158 25618328.5894694 1341149.462038798 0.06270000000000001
628 23299982.29942176 25732032.18076082 2056391.164311985 0.06279999999999999
629 22929880.31579004 26281964.45042641 2756650.740111388 0.0629
630 22102126.02827863 26209623.20272404 3470812.384125772 0.063
631 21186532.85039094 26075617.92447641 4158312.428389471 0.0631
632 20384952.89932266 26140223.17119482 4845823.135754784 0.06320000000000001
633 19482066.20254298 25957583.1094223 5531034.090545876 0.0633
634 18643329.06366843 25968477.77594582 6215395.348455294 0.0634
635 17744673.34566711 25806304.52036738 6878428.648779032 0.0635
636 16846697.35067843 25738720.33707163 7593643.379154437 0.0636
637 15939080.6474642 25617789.06549412 8251012.97057873 0.06370000000000001
638 14950879.78374354 25424899.1852195 9042056.932293151 0.0638
639 13927361.0401917 25177372.214194 9813910.019889319 0.0639
640 12926052.6203211 25028085.8107557 10676253.32853317 0.064
641 11508840.85230662 24894325.33094103 11879715.95287481 0.0641
642 10494881.84462848 24864209.54985164 13119565.58364121 0.06420000000000001
643 9372510.993858131 25189904.17078092 14807863.15143233 0.0643
644 8154961.254929992 26049209.08905723 17100421.88806977 0.0644
645 6917362.648068304 27175819.40699446 19665128.23955399 0.0645
646 5744480.144338125 27934656.2549529 21765551.73743653 0.0646
647 4662211.68030681 27581074.11962119 22129590.72680971 0.06470000000000001
648 3747832.37017491 26836056.64904985 22698316.84078334 0.0648
649 2886869.549826521 26155367.04006026 22940538.24049651 0.0649
650 2059579.236954898 25615142.39500237 23287557.09387425 0.065
651 1271751.137983448 25241675.93576605 23749241.71542243 0.06510000000000001
652 518299.7151189963 25062087.77776856 24436417.21991266 0.06520000000000001
653 228662.6520234408 25035772.39601354 25426416.73365648 0.0653
654 947058.3446404982 24722177.70359401 25778927.48816508 0.0654
655 1665611.252953898 24383671.42141555 26254713.42806739 0.0655
656 2377842.939037272 23921107.17712587 26627347.84549249 0.06560000000000001
657 3085064.010504182 23409255.00989125 26915962.51170891 0.06570000000000001
658 3788787.78559552 22865949.56472194 27184024.77472503 0.0658
659 4484862.558265413 22301694.60570201 27462698.59134987 0.0659
660 5176238.878424136 21771963.7742294 27662722.96604741 0.066
661 5857698.149538476 21140324.19750267 27875083.20749314 0.06610000000000001
662 6533223.47278735 20502403.7800764 28007733.09862683 0.06620000000000001
663 7195234.243646469 19803440.79040724 28106775.08878711 0.0663
664 7859266.347638761 19077823.99835409 28150998.30729865 0.0664
665 8526594.122511616 18290291.20228694 28155707.88931416 0.0665
666 9211145.590128213 17470842.5664953 28116674.8051112 0.06660000000000001
667 9901479.524980105 16550065.98995646 28001275.26308197 0.06670000000000001
668 10618395.743126 15646372.70484409 27860773.2850321 0.0668
669 11354412.14316566 14685145.51740344 27671184.1604194 0.0669
670 12084175.46052768 13712966.519055 27441400.00441971 0.067
671 12865685.56420375 12764575.754022 27217000.24163635 0.06710000000000001
672 13640824.57262573 11725892.32197092 26901229.25595681 0.06720000000000001
673 14432216.27473653 10640412.35782479 26533324.40653181 0.0673
674 15279285.40274905 9468882.512143571 26113458.99758517 0.0674
675 16199440.6713336 8209240.536997149 25643224.20835434 0.0675
676 17202416.16562661 6903360.260784128 25142975.12582207 0.06760000000000001
677 18277854.529464 5580873.213168709 24683105.64008408 0.06770000000000001
678 19402381.40176383 4290568.684738368 24289518.77068899 0.0678
679 20522993.7052312 3018717.748643638 23909662.53564643 0.0679
680 21569489.40442048 1730861.528941222 23451539.62968806 0.068
681 22476511.4228452 757989.194948183 22914890.4654434 0.06809999999999999
682 23246828.17410276 1334462.353895181 22295145.17717125 0.06820000000000001
683 24033421.94473078 2590052.883441617 21624666.63163379 0.0683
684 24826648.80567782 4035828.351466787 20905467.12610035 0.0684
685 25624297.17260282 5616947.398104041 20128330.69662886 0.06850000000000001
686 26369712.0398884 6791682.999857713 19582281.5736347 0.06859999999999999
687 26976126.91627195 8358886.640324679 18682659.40474142 0.0687
688 27490769.04272011 9592802.347396348 17892242.93050492 0.0688
689 27781326.74623154 10539887.44013646 17120819.29824688 0.0689
690 27978023.21396695 11437941.28434345 16340919.36908391 0.06900000000000001
691 28087281.35940487 12331288.90112711 15518411.78819787 0.06909999999999999
692 28239782.57223572 13316542.52319971 14665864.1136523 0.0692
693 28376588.06461157 14329982.66062063 13776502.11258494 0.0693
694 28496885.5423953 15339907.60994245 12858982.2467743 0.0694
695 28564062.70772821 16335892.72407822 11916198.10230991 0.06950000000000001
696 28558136.1624898 17271452.88845247 10954966.81559127 0.0696
697 28491651.91067656 18126871.5904423 9995446.535464786 0.0697
698 28396089.13250413 18967293.10488661 9049454.971760957 0.0698
699 28272245.74623912 19775941.30698813 8088908.748460884 0.0699
700 28071174.17548932 20501364.93174443 7157282.305940349 0.07000000000000001
701 27882725.43319845 21267394.60186404 6229465.561687243 0.0701
702 27662799.18781802 21977895.93047657 5291381.849369011 0.0702
703 27409292.60600112 22654434.39231644 4383408.433381142 0.0703
704 27048015.74187495 23206205.11102106 3513408.427385603 0.0704
705 26667007.45644316 23707428.43139091 2683777.209874341 0.07050000000000001
706 26244357.83978056 24143782.37020463 1893748.399441853 0.0706
707 25785594.16439918 24595914.98100239 1101544.557649513 0.0707
708 25316329.80844321 24942587.33984755 358309.4818493053 0.0708
709 24745228.74307583 25231296.71243607 386405.4225218222 0.0709
710 24158940.9646419 25482066.89676703 1108938.793124959 0.07100000000000001
711 23486792.33471743 25706021.04773635 1824278.347724573 0.0711
712 22839055.9656347 25851044.59496923 2532930.242236528 0.0712
713 22137750.18518708 25947504.50367426 3232911.88578686 0.0713
714 21408154.81619424 26037543.62713605 3928805.091306222 0.07140000000000001
715 20580426.45245759 26063816.77628402 4622771.480996992 0.07150000000000001
716 19967021.29837928 26318784.65119124 5306637.099482669 0.0716
717 19069114.4605966 26096736.64620834 5991108.170315042 0.0717
718 18102157.71118292 25917671.12734249 6663982.218626364 0.0718
719 17155268.93201398 25766583.77304821 7352650.219507174 0.07190000000000001
720 16217765.20091704 25634473.72716745 8065345.170896757 0.07200000000000001
721 15237021.92047296 25524074.63324663 8805659.604694052 0.0721
722 14277610.95106909 25263093.17677578 9565112.705445861 0.0722
723 13243814.51394696 25061724.09257229 10391432.86313489 0.0723
724 12163719.07717806 24863689.25320673 11328473.23581925 0.07239999999999999
725 11054284.8131643 24851416.4314439 12508584.63990777 0.07250000000000001
726 9780988.864534944 24988731.29249014 14066852.22017891 0.0726
727 8657612.429400656 25577685.66499227 16047890.30884073 0.0727
728 7394444.948789616 26618889.63001015 18543193.89239327 0.0728
729 6165028.738341465 27706918.51903464 21059061.50277255 0.07289999999999999
730 5056843.637107046 27843116.20819915 22382035.83864839 0.07300000000000001
731 4066813.800682805 27171303.58954435 22700750.8201883 0.0731
732 3155790.656180562 26054874.18001056 22815288.68517756 0.0732
733 2343945.781829332 25759443.15879993 23052421.30430798 0.0733
734 1538323.840342354 25328490.35148247 23511167.91986169 0.07339999999999999
735 768580.8953495197 25130074.01361456 24212093.42159893 0.07350000000000001
736 66833.03023598339 25026181.48326381 24969709.09222831 0.0736
737 746733.8037176575 24733828.56643866 25021032.24591323 0.0737
738 1430637.94963671 24479432.96299651 26080163.27706315 0.0738
739 2140428.927872284 24079664.72741735 26474212.69280732 0.07389999999999999
740 2849729.250690409 23579486.68204797 26808961.0586523 0.07400000000000001
741 3555055.405268545 23041653.90765818 27091424.77051739 0.0741
742 4254885.181439518 22488189.34723705 27333571.33574398 0.0742
743 4946784.663189174 21926919.7413278 27612867.16733094 0.0743
744 5634417.037773662 21362901.83328718 27823938.10540052 0.07439999999999999
745 6314394.341239253 20756338.77898948 27904167.60135668 0.07450000000000001
746 6975877.431983848 20001826.53685891 28052113.47426429 0.0746
747 7640948.28050508 19296697.76415053 28137837.36169259 0.0747
748 8303651.694706853 18604701.3271552 28086808.96218252 0.07480000000000001
749 8981332.397371443 17698291.28197345 28116590.12523008 0.07489999999999999
750 9659461.31455485 16747853.19332923 27856750.56664477 0.07500000000000001
751 10380072.49199746 16000232.11552969 28013071.68922835 0.0751
752 11108944.23189067 15031934.23159264 27776623.98892156 0.0752
753 11845635.80917978 14082298.61780191 27552855.81906142 0.07530000000000001
754 12609234.11178055 13096057.04012507 27301494.08031995 0.07539999999999999
755 13384121.43793036 12051140.87300151 26982484.4995422 0.07550000000000001
756 14171346.67541957 10955597.91576371 26605055.07541756 0.0756
757 15007908.81467744 9799945.592200261 26177388.65339689 0.0757
758 15908746.97575234 8583693.077702777 25701484.61862657 0.07580000000000001
759 16877182.46176887 7354384.827481973 25265315.67400604 0.0759
760 17926003.47265952 6118404.861760761 24891096.3257634 0.07600000000000001
761 19015958.91277667 4872228.185424072 24533972.44780678 0.0761
762 20143912.27644363 3552084.244258475 24126494.55331728 0.0762
763 21237610.58324889 2195508.723808176 23662339.37930182 0.07630000000000001
764 22200012.7496164 933975.7210787415 23122581.62215179 0.0764
765 23017125.88534737 1013229.890290452 22526961.90419865 0.07650000000000001
766 23786871.72567231 2156293.790828387 21870538.11088287 0.0766
767 24610296.08334249 3554385.898661133 21196870.26837309 0.0767
768 25368786.58012202 5089206.027848913 20407861.55346967 0.07680000000000001
769 26154101.77962025 6644666.048650164 19613591.20262096 0.0769
770 26802873.53076668 8044761.691580278 18846107.28742576 0.07700000000000001
771 27330979.40634303 9248869.271968473 18090522.80582226 0.0771
772 27692482.29680797 10240063.02713027 17363711.57820164 0.0772
773 28191793.35793057 11357130.92317636 16690156.53950816 0.07730000000000001
774 28036861.84402295 12048010.3286364 15771608.50865011 0.0774
775 28189821.52086031 13014153.84085626 14926695.70020317 0.0775
776 28332356.9077151 14044636.86539919 14039898.71902077 0.0776
777 28458165.66484344 15042681.26181953 13128445.62420901 0.07770000000000001
778 28533222.58319373 16021961.6040923 12186101.94276167 0.07780000000000001
779 28499340.45785531 16960406.84859926 11247016.1375807 0.0779
780 28497638.09276076 17841769.61906943 10290361.71877775 0.078
781 28413047.498574 18703745.04823983 9258528.027815314 0.0781
782 28344780.99001146 19527529.10715162 8428290.311775757 0.07820000000000001
783 28167277.92820282 20301406.20506098 7453743.005087303 0.07830000000000001
784 27988393.28760267 21060874.1068547 6531901.078181309 0.0784
785 28045818.49171046 21915221.68150218 5731373.03559713 0.0785
786 27479911.34328296 22441675.95930542 4698905.245092195 0.0786
787 27149095.97919418 23034189.44173584 3804241.858488295 0.07870000000000001
788 26700707.45168407 23811851.02094591 3097014.69157384 0.07880000000000001
789 26435063.18970582 24103147.10595165 2151672.125703449 0.0789
790 25956282.51477206 24433044.47598557 1372362.680207182 0.079
791 25475992.43470572 24829471.38842838 612507.5351262024 0.0791
792 24936027.89409239 25140311.67159492 172841.3245581745 0.07919999999999999
793 24343427.36880242 25419129.07331181 870286.2803731402 0.07930000000000001
794 23746310.60240079 25642319.39758582 1583758.007531751 0.0794
795 23084057.44139645 25805923.3217623 2295354.958299531 0.0795
796 22362820.33196733 25916686.10656158 2997418.118663704 0.0796
797 21661496.52577652 26015712.99941587 3691500.693088485 0.07969999999999999
798 20897995.47529289 26063491.61876792 4389105.504979908 0.07980000000000001
799 20072488.80374795 26053122.64912825 5080437.386533812 0.0799
800 19210626.58793277 26041905.5560425 5755013.261417086 0.08
801 18390880.6170801 25659898.4287729 6551547.246007247 0.0801
802 17390955.1153645 25757570.56767732 7113699.647755241 0.08019999999999999
803 16519953.97757192 25687223.67728195 7842369.637278371 0.08030000000000001
804 15479413.77632352 25526979.12609614 8559106.950294552 0.0804
805 14678665.19622473 25378514.98813453 9303051.663279522 0.0805
806 13705421.59347522 25299173.90411132 10092774.28596838 0.0806
807 12563043.45255075 24969607.49383289 10993332.86045844 0.08069999999999999
808 11561086.49281834 24909308.07116828 12066659.82449059 0.08080000000000001
809 10330017.70117197 24949574.97887189 13445398.16846699 0.0809
810 9094115.509003188 25318899.78007762 15247802.34594698 0.081
811 7824536.814533764 26206627.65510122 17619445.94095899 0.08110000000000001
812 6569806.330762413 27344482.01946956 20211225.87539468 0.08119999999999999
813 5421871.705921463 27880647.68002158 22037519.26981553 0.08130000000000001
814 4394452.156758898 27402627.57647358 22610699.73091546 0.0814
815 3462501.436013078 26616852.1316631 22779900.78954139 0.0815
816 2616329.63170472 25976463.77048525 23004001.98441577 0.08160000000000001
817 1816064.35086059 25518778.09512175 23557699.13704669 0.08169999999999999
818 1023458.647679085 25153460.06752023 23954173.61889674 0.08180000000000001
819 273713.3600561924 25077216.68724805 24736229.03909254 0.0819
820 464554.6561809059 24894994.82960411 25400914.13363221 0.082
821 1188108.063018432 24645240.2249279 25956169.25877359 0.08210000000000001
822 1904502.407473312 24240841.66559766 26386940.9713948 0.0822
823 2617307.356870055 23873731.94803627 26815054.23948374 0.08230000000000001
824 3311196.730408677 23291869.44778984 27054449.76427644 0.0824
825 4022992.3642729 22710888.88015561 27284211.14291159 0.0825
826 4718188.959310585 22131147.80409347 27522230.46933735 0.08260000000000001
827 5405040.751105757 21555071.56393595 27740069.19478685 0.0827
828 6088961.62114964 20940758.69774092 27931723.66506287 0.08280000000000001
829 6755333.945729407 20283225.95318036 28063443.84362172 0.0829
830 7426903.415610797 19665692.24649527 28035559.78204532 0.083
831 8078941.933567467 18819486.75869951 28166566.21209092 0.08310000000000001
832 8755326.473156037 18022006.11235654 28173717.10406048 0.0832
833 9440248.566741925 17108641.51473884 28029857.92643114 0.08330000000000001
834 10138647.07236618 16228271.15681751 27932606.56750095 0.0834
835 10858058.54420288 15350875.30639158 27805438.99715829 0.0835
836 11594309.07362541 14380450.69387745 27619849.75596667 0.08360000000000001
837 12355147.16478197 13413175.81211701 27400020.28281489 0.0837
838 13122738.62160202 12435237.55733 27127799.26639723 0.0838
839 13902837.6708074 11373273.58244907 26769554.70625439 0.0839
840 14710669.60315038 10262206.39734547 26417177.17175565 0.08400000000000001
841 15586968.97543404 9073751.522676246 25970364.43653697 0.08410000000000001
842 16530292.43843089 7790954.111323567 25473115.46109695 0.0842
843 17559706.72715725 6469235.801184031 24985304.11200753 0.0843
844 18646157.63596437 5172195.411958475 24551186.22005305 0.0844
845 19781481.35415681 3884807.093274133 24184222.17575509 0.08450000000000001
846 20897549.26757603 2589675.412984177 23776565.58625502 0.08460000000000001
847 21910606.04033253 1304147.231568146 23293305.22269665 0.0847
848 22772855.33915003 791045.3897772612 22730172.02751754 0.0848
849 23538951.4837608 1722552.181464263 22097074.14044229 0.0849
850 24338929.04406267 3056755.91113931 21417617.36592808 0.08500000000000001
851 25108408.94149757 4535754.323936313 20668219.16027642 0.08510000000000001
852 25901448.95256723 6119627.260892806 19886906.6390907 0.0852
853 26607472.36018787 7581213.618261962 19105197.98411957 0.0853
854 27188874.67113673 8872601.077431971 18337898.36872356 0.0854
855 27598786.44526446 9925363.186489657 17598612.79450762 0.08549999999999999
856 27923079.01000665 10908085.10248522 16862033.31238003 0.08560000000000001
857 27992822.85957694 11736827.71071439 16048198.43413072 0.0857
858 28152482.42048461 12680109.33949946 15216752.21784823 0.0858
859 28281975.40177747 13682695.97289661 14330042.27571085 0.0859
860 28416045.37844898 14709606.46717916 13420945.55084299 0.08599999999999999
861 28519442.34218962 15700916.28982534 12512316.23239375 0.08610000000000001
862 28560476.57270074 16662230.5569084 11574000.45678542 0.0862
863 28541917.68254688 17558751.84283976 10631834.40743555 0.0863
864 28461149.4625059 18403621.82476055 9663532.348632257 0.0864
865 28351945.25431457 19231275.77534681 8732974.451537563 0.08649999999999999
866 28221037.38795963 20039210.89386708 7790256.51628952 0.08660000000000001
867 28089564.59990088 20779285.62832995 6832828.524183039 0.0867
868 27851458.18753061 21541949.41964649 5922389.202895481 0.0868
869 27749713.35515003 22356289.96928024 4998706.502021429 0.08690000000000001
870 27263717.22420456 22812061.75330189 4093421.468121028 0.08699999999999999
871 26868703.75352044 23365562.36778034 3222028.882943987 0.08710000000000001
872 26546286.76179857 23877744.66730993 2419879.923783827 0.0872
873 26111939.00824849 24310681.29844793 1639069.619492839 0.0873
874 25625451.61750964 24686827.3605618 862129.2717954505 0.08740000000000001
875 25099597.78169087 25030485.06004985 113878.220759052 0.08749999999999999
876 24556070.90069655 25329950.72564947 624793.3364330365 0.08760000000000001
877 23923620.5440849 25539786.15946231 1341495.784868706 0.0877
878 23306092.91283643 25747028.09626451 2054279.047253663 0.0878
879 22628803.76844122 25902588.65854127 2765149.999826889 0.08790000000000001
880 21989111.28198466 26075078.58365771 3460901.461599947 0.08799999999999999
881 21128572.45566757 26046358.46068104 4161533.956066483 0.08810000000000001
882 20367609.80761075 26078852.65063402 4849812.301540301 0.0882
883 19503413.00311275 25995941.8666675 5535121.678506597 0.0883
884 18685668.75838773 25971988.62147266 6207358.273390057 0.08840000000000001
885 17761839.24589903 25828549.31830036 6890405.624380521 0.0885
886 16867784.01589407 25735280.70635924 7586149.478975816 0.08860000000000001
887 15924512.14535797 25581625.98756934 8307881.354114104 0.0887
888 14965329.42257545 25430005.43742478 9055572.112688353 0.0888
889 13950810.87171623 25195181.06118983 9823661.525039667 0.08890000000000001
890 12925842.41890033 25038590.58580414 10685679.17592837 0.089
891 11815183.72443167 24883390.89211071 11694883.50364867 0.08910000000000001
892 10692881.18201045 24987471.43626954 13043248.94994855 0.0892
893 9443225.013197757 25111246.23392616 14626821.49427333 0.0893
894 8254943.641785954 25844318.08969387 16801684.05116574 0.08940000000000001
895 6997793.324437776 26953613.05022571 19325087.36128788 0.0895
896 5833532.042280913 27817132.14789953 21515005.65970438 0.08960000000000001
897 4733897.727694786 27658851.40450115 22529836.80271554 0.0897
898 3773649.030770335 26890367.21459986 22732555.49993508 0.0898
899 2899443.00257424 26235038.22206854 22920997.45913339 0.08990000000000001
900 2067400.894218643 25650913.65555865 23287895.36520577 0.09
901 1279379.625781072 25278785.45281469 23781650.20480487 0.09010000000000001
902 520164.4601823563 25052781.96494462 24414209.37947195 0.0902
903 223425.7524173369 24921954.1515521 25139814.25878031 0.09030000000000001
904 947524.1005188851 24729692.77896666 25788571.17322966 0.09040000000000001
905 1665558.179320556 24375300.9967879 26226986.34503032 0.0905
906 2384945.127574981 23774471.25068341 26120827.32730965 0.0906
907 3083528.203196151 23489983.81941048 26993759.52225156 0.0907
908 3789204.839650973 22917102.53559009 27252191.98133211 0.09080000000000001
909 4487049.784911957 22372963.13600565 27423352.00131242 0.09090000000000001
910 5177489.254175659 21755451.2379481 27680981.21959009 0.091
911 5859678.705663607 21126077.59148935 27848242.20811609 0.0911
912 6534430.258583462 20496332.35706584 28015693.03684533 0.0912
913 7197366.300028744 19825623.98300609 28140519.65428193 0.09130000000000001
914 7859157.774110031 19236895.12342511 28434802.02224245 0.09140000000000001
915 8529087.985603651 18300996.84917137 28189579.42773926 0.0915
916 9215551.180605793 17439308.95161458 28123688.56393674 0.0916
917 9904686.535151748 16524196.56385781 27993431.12236424 0.0917
918 10619981.30453623 15625997.31128395 27860612.53487696 0.09180000000000001
919 11356730.27996222 14698102.28188055 27652157.76321394 0.09190000000000001
920 12107087.06966329 13725721.32413743 27476464.41758047 0.092
921 12872335.02903301 12756649.92893661 27212220.20594987 0.0921
922 13651525.84200145 11670283.9332486 26884877.3623861 0.0922
923 14455412.3158922 10636645.99888452 26519879.31602909 0.09229999999999999
924 15310999.86749058 9470903.953732638 26079863.62721475 0.09240000000000001
925 16216320.39947159 8226473.180096021 25590786.7093815 0.0925
926 17205520.87404419 6974927.598206609 25150526.40728518 0.0926
927 18272492.96211691 5716294.657647926 24775673.65440581 0.0927
928 19390107.08745854 4427433.956680448 24397997.56414929 0.09279999999999999
929 20522185.76083976 3079346.079115749 23970809.68245413 0.09290000000000001
930 21599158.27251106 1719260.555280861 23490285.31678315 0.093
931 22527369.2524352 732676.2557265292 22939518.85985856 0.0931
932 23313359.93157931 1366741.96756622 22329594.10339255 0.09320000000000001
933 24121200.92730758 2641857.059203671 21669002.64265692 0.09329999999999999
934 24899213.74177874 4074365.392543529 20953058.51999415 0.09340000000000001
935 25680370.55191962 5636058.531072315 20172647.28037712 0.0935
936 26418782.89606192 7134390.427929108 19391501.96901962 0.0936
937 27032445.22354256 8471216.55606664 18619873.79154864 0.09370000000000001
938 27478811.913351 9580395.142581213 17867269.949165 0.09379999999999999
939 27742432.44880742 10520895.69157444 17106205.67812577 0.09390000000000001
940 27935853.89834981 11416893.85684213 16326203.6888354 0.094
941 28095298.4116749 12368005.81594018 15495406.37309944 0.0941
942 28247466.04921538 13341950.36086635 14649597.50932958 0.09420000000000001
943 28357990.21539131 14310499.16979657 13741198.50882138 0.09429999999999999
944 28496120.83804398 15369890.43399209 12824052.16803561 0.09440000000000001
945 28558418.78081752 16341778.0872258 11888931.42903518 0.0945
946 28553284.40618489 17269515.41780599 10954599.15789082 0.0946
947 28488187.81319571 18137161.8824322 9990688.97456855 0.09470000000000001
948 28405895.00934051 18972370.88110054 9041355.799379628 0.0948
949 28286850.6676247 19785398.50800771 8106971.405303961 0.09490000000000001
950 28126018.89419001 20573309.66126416 7153317.698517082 0.095
951 27932825.39037657 21318987.28780952 6217656.810126635 0.0951
952 27683929.76206287 21998421.48344577 5284262.917811044 0.09520000000000001
953 27310634.90845915 22601382.63584636 4382058.021423704 0.0953
954 27053891.4524572 23196120.60972765 3520303.363039285 0.09540000000000001
955 26673647.38428011 23734301.89833942 2684672.809173162 0.0955
956 26236664.64493538 24174697.36513722 1883947.631460886 0.0956
957 25779390.16953827 24590454.78872844 1105606.005466878 0.09570000000000001
958 25303855.25243316 24948475.82963229 339374.0936361844 0.0958
959 24749993.75116385 25246012.88111734 386913.4924070794 0.09590000000000001
960 24171752.12796004 25501331.08243803 1101842.425368304 0.096
961 23540138.86999443 25709140.47322651 1822782.961605588 0.0961
962 22840634.51805865 25853729.92909067 2539224.534832138 0.09620000000000001
963 22163527.96671476 26222785.59391826 3148725.554773504 0.0963
964 21398433.86653888 26035726.04868808 3929943.814610078 0.09640000000000001
965 19481183.61096075 26174551.37508307 4493529.29693977 0.0965
966 19847475.77152606 26121057.15597052 5312015.605124452 0.09660000000000001
967 18969655.87733088 25983091.90021118 5980826.225983161 0.09670000000000001
968 18071537.56433349 25903207.79401623 6658650.159185968 0.0968
969 17174160.68981535 25775905.50146746 7347900.174505962 0.09690000000000001
970 16259293.83401006 25647150.61341566 8075696.82833293 0.097
971 15286014.07040527 25472532.73774162 8806981.82497404 0.09710000000000001
972 14788256.20724507 25654284.08493078 9524462.877010057 0.09720000000000001
973 13267134.92738001 25014341.80296015 10382520.97443852 0.0973
974 12190836.19581515 24915255.10007954 11322360.59878599 0.0974
975 11077661.40559839 24854057.41830175 12487261.31818536 0.0975
976 9902679.773072697 25014363.41562227 13967527.76528129 0.09760000000000001
977 8638933.978223013 25552121.77437542 16001654.77466734 0.09770000000000001
978 7388300.297803575 26558234.34071487 18469558.64698776 0.0978
979 6184457.957781338 27670221.98525554 20978597.76177596 0.0979
980 5071891.011526615 27849908.63015914 22369273.57954617 0.098
981 4078519.887428947 27137370.98687794 22659093.1278698 0.09810000000000001
982 3182572.799501247 26413930.54959856 22758408.65123153 0.09820000000000001
983 2344105.42939449 25789874.22700942 23113876.87723702 0.0983
984 1551919.843561115 25369475.24453692 23612525.19822993 0.0984
985 769627.2691983379 25134443.43832022 24227289.10617018 0.0985
986 66361.00703022879 25007054.60320704 24950217.58205178 0.09860000000000001
987 719526.9362582703 24850094.07886141 25624511.85165074 0.09870000000000001
988 1421422.748189694 24535620.81096624 26132806.0985263 0.0988
989 2142430.271952136 24118187.91287582 26549870.34499718 0.0989
990 2850650.501732614 23629529.02486054 26846395.56294042 0.099
991 3555649.341151603 23081120.41783341 27121050.79973098 0.09909999999999999
992 4254251.39705334 22560526.33303088 27301621.77313539 0.09920000000000001
993 4947556.148250455 21937291.80242996 27608438.06422709 0.0993
994 5632836.119891354 21350746.37330382 27799246.32660523 0.0994
995 6311542.373832159 21013305.71002106 28286551.26806666 0.09950000000000001
996 6972840.22601122 20199942.92040464 28242924.19493655 0.09959999999999999
997 7642878.433533011 19347119.45670861 28169687.70243693 0.09970000000000001
998 8305800.159894039 18549175.19176627 28173212.07383762 0.0998
999 8988762.707461657 17739980.30933747 28096343.55613583 0.0999
1000 9673981.145215984 16828713.46467645 28029145.80220095 0.1
