"fluido-temperatura"
"Time Step" "fluido-temperatura etc.."
("Time Step" "fluido-temperatura" "flow-time")
1 300 1e-06
2 3641.316515870827 2e-05
3 5722.521569992728 3e-05
4 6472.920989154663 4e-05
5 7008.288626767395 5e-05
6 7900.54416150714 6.000000000000001e-05
7 10232.29958835914 7.000000000000001e-05
8 12277.62532854025 8.000000000000001e-05
9 13340.53539223827 9.000000000000001e-05
10 13687.25191476008 0.0001
11 13513.87549678015 0.00011
12 15365.77626930637 0.00012
13 14949.18667243031 0.00013
14 14149.75343587461 0.00014
16 14350.61968417535 0.00016
17 14427.24573856523 0.00017
18 14378.9412333312 0.00018
19 14286.4904884667 0.00019
20 14204.09775576741 0.0002
21 14365.83621814935 0.00021
22 14483.54795237843 0.00022
23 14463.29154055245 0.00023
24 14563.5404852815 0.00024
25 14657.45366833979 0.00025
26 14720.49204312973 0.00026
27 14756.64841804704 0.00027
28 14769.35013506554 0.00028
29 14762.6230744346 0.00029
30 14740.34513538968 0.0003
31 14708.59475850555 0.00031
32 14683.53700347813 0.00032
33 14641.37553924529 0.00033
34 14652.96207585944 0.00034
35 19417.54872992233 0.00035
36 16225.5260900287 0.00036
37 23106.30696025711 0.00037
38 15108.5347368695 0.00038
39 22265.8767584557 0.00039
40 36576.47869737975 0.0004
41 36625.2338910925 0.00041
42 31556.50536646562 0.00042
43 24428.54646792868 0.00043
44 16849.36393035506 0.00044
45 18708.65572543896 0.00045
46 41364.85059896236 0.00046
47 15213.0553832642 0.00047
48 14922.00905260677 0.00048
49 26151.41239599729 0.00049
50 28260.27084042795 0.0005
51 41501.95724159306 0.00051
52 28834.19466883143 0.00052
53 34069.61458616058 0.00053
54 17022.44295456974 0.00054
55 15716.50157288077 0.00055
56 16592.05769090281 0.00056
57 16405.66976917619 0.00057
58 15059.17291136417 0.00058
59 14775.27854964641 0.00059
60 14727.65045629569 0.0006000000000000001
61 14692.57324739424 0.00061
62 14653.53099399541 0.00062
63 14612.50639155232 0.00063
64 14569.25496409778 0.0006399999999999999
65 14521.79459891109 0.00065
66 14472.19158483726 0.00066
67 14421.66167418204 0.00067
68 14370.49212182203 0.00068
69 14319.25540325365 0.0006900000000000001
70 14267.09217637873 0.0007
71 14215.09173375642 0.00071
72 15413.2339870468 0.0007199999999999999
73 15839.41976812607 0.00073
74 16365.42496894536 0.00074
75 16998.24195367394 0.00075
76 16280.37481781143 0.00076
77 16501.20418906514 0.0007700000000000001
78 16897.47856243765 0.0007800000000000001
79 17993.7464110325 0.00079
80 17143.21453475557 0.0008
81 19208.30518996252 0.00081
82 18931.38808124523 0.00082
83 25056.95689194587 0.00083
84 18417.53916201453 0.00084
85 24169.3732662744 0.0008500000000000001
86 27136.12099425528 0.0008600000000000001
87 29610.45523777242 0.00087
88 27600.51805866597 0.00088
89 39662.84004230742 0.0008899999999999999
90 39107.38703020127 0.0009
91 31349.67247343791 0.00091
92 33473.25044995382 0.00092
93 32411.379043213 0.0009300000000000001
94 30495.26433524932 0.0009400000000000001
95 29753.88929424651 0.00095
96 28188.98714749313 0.00096
97 27222.96606862851 0.0009700000000000001
98 27546.49998623008 0.00098
99 27799.65915708541 0.00099
100 27347.45052824972 0.001
101 26863.71596107438 0.00101
102 25585.23525586591 0.00102
103 24856.76220899012 0.00103
104 24200.68257091207 0.00104
105 23881.66116655012 0.00105
106 23866.26907839321 0.00106
107 21736.44874559844 0.00107
108 25453.87343843633 0.00108
109 19745.24725506021 0.00109
110 26268.17830754141 0.0011
111 21013.29863547524 0.00111
112 26966.62838619855 0.00112
113 21973.43143208203 0.00113
114 27329.73475626181 0.00114
115 23425.03127913783 0.00115
116 27173.8932211697 0.00116
117 24881.45129191651 0.00117
118 27081.61062002957 0.00118
119 26511.51266851447 0.00119
120 27167.73003635692 0.0012
121 27258.03750297641 0.00121
122 27512.76936242701 0.00122
123 27381.60359153248 0.00123
124 27298.1867631534 0.00124
125 27327.84570090038 0.00125
126 27425.98673190862 0.00126
127 27541.79019222862 0.00127
128 27732.85236683305 0.00128
129 27813.87077218932 0.00129
130 27872.22799097271 0.0013
131 28012.08960603192 0.00131
132 28151.6629624575 0.00132
133 28435.23269064977 0.00133
134 28750.75923328167 0.00134
135 29112.1833398808 0.00135
136 29636.54007124773 0.00136
137 30559.53098058147 0.00137
138 31342.94920804773 0.00138
139 33608.85907073382 0.00139
140 37983.11924176318 0.0014
141 39512.37855739993 0.00141
142 40436.77290349477 0.00142
143 40674.98495301122 0.00143
144 39229.57260872981 0.00144
145 38756.095040629 0.00145
146 37659.28192635196 0.00146
147 34097.77817992394 0.00147
148 32192.18925677929 0.00148
149 31355.66330102432 0.00149
150 30762.83693972689 0.0015
151 30640.55692181378 0.00151
152 30229.4187777164 0.00152
153 29948.37160202342 0.00153
154 29907.29558557749 0.00154
155 29639.26934756051 0.00155
156 29439.93853892215 0.00156
157 29293.29438137955 0.00157
158 29220.1887685178 0.00158
159 29089.02562025656 0.00159
160 28921.43307889219 0.0016
161 28770.55520459402 0.00161
162 28637.54199781908 0.00162
163 28479.89597952494 0.00163
164 28237.80467223794 0.00164
165 27929.52053726311 0.00165
166 27663.7124991794 0.00166
167 27270.04795879979 0.00167
168 26701.99281858541 0.00168
169 25858.51843632549 0.00169
170 24653.26051551789 0.0017
171 23325.90082798578 0.00171
172 21951.67037118171 0.00172
173 20530.91986569633 0.00173
174 19099.84440306588 0.00174
175 18119.63384921249 0.00175
176 17689.4555416408 0.00176
177 17618.82768615317 0.00177
178 17544.30968729516 0.00178
179 17465.78740518697 0.00179
180 17381.21072342442 0.0018
181 17290.23523053885 0.00181
182 17194.19490778437 0.00182
183 17095.08503272902 0.00183
184 16994.68322259359 0.00184
185 16894.12304768209 0.00185
186 16794.36987549281 0.00186
187 16702.14347639279 0.00187
188 16616.92261570808 0.00188
189 16533.12674736638 0.00189
190 16451.86141559983 0.0019
191 16373.84378526024 0.00191
192 16223.56265037395 0.00196
193 15963.44720317535 0.00201
194 15710.09556594236 0.00206
195 15489.8128607145 0.00211
196 15326.91151814232 0.00216
197 15564.31167433221 0.00221
198 15814.48172514535 0.00226
199 16390.31004773496 0.00231
200 16722.75422623832 0.00236
201 17256.81870166713 0.00241
