"termopar-temperatura"
"Time Step" "termopar-temperatura etc.."
("Time Step" "termopar-temperatura" "flow-time")
1 300 1e-06
2 300 2e-05
3 300 3e-05
4 300 4e-05
5 300 5e-05
6 300 6.000000000000001e-05
7 300 7.000000000000001e-05
8 300 8.000000000000001e-05
9 300 9.000000000000001e-05
10 300 0.0001
11 300 0.00011
12 300 0.00012
13 300 0.00013
14 300 0.00014
16 300 0.00016
17 300 0.00017
18 300 0.00018
19 300 0.00019
20 300 0.0002
21 300 0.00021
22 300 0.00022
23 300 0.00023
24 300 0.00024
25 300 0.00025
26 300 0.00026
27 300 0.00027
28 300 0.00028
29 300 0.00029
30 300 0.0003
31 300 0.00031
32 300 0.00032
33 300 0.00033
34 300 0.00034
35 300 0.00035
36 300 0.00036
37 300 0.00037
38 300 0.00038
39 300 0.00039
40 300 0.0004
41 300 0.00041
42 300 0.00042
43 300 0.00043
44 300 0.00044
45 300 0.00045
46 300 0.00046
47 300 0.00047
48 300 0.00048
49 300 0.00049
50 300 0.0005
51 300 0.00051
52 300 0.00052
53 300 0.00053
54 300 0.00054
55 300 0.00055
56 300 0.00056
57 300 0.00057
58 300 0.00058
59 300 0.00059
60 300 0.0006000000000000001
61 300 0.00061
62 300 0.00062
63 300 0.00063
64 300 0.0006399999999999999
65 300 0.00065
66 300 0.00066
67 300 0.00067
68 300 0.00068
69 300 0.0006900000000000001
70 300 0.0007
71 300 0.00071
72 300 0.0007199999999999999
73 300 0.00073
74 300 0.00074
75 300 0.00075
76 300 0.00076
77 300 0.0007700000000000001
78 300 0.0007800000000000001
79 300 0.00079
80 300 0.0008
81 300 0.00081
82 300 0.00082
83 300 0.00083
84 300 0.00084
85 300 0.0008500000000000001
86 300 0.0008600000000000001
87 300 0.00087
88 300 0.00088
89 300 0.0008899999999999999
90 300 0.0009
91 300 0.00091
92 300 0.00092
93 300 0.0009300000000000001
94 300 0.0009400000000000001
95 300 0.00095
96 300 0.00096
97 300 0.0009700000000000001
98 300 0.00098
99 300 0.00099
100 300 0.001
101 300 0.00101
102 300 0.00102
103 300 0.00103
104 300 0.00104
105 300 0.00105
106 300 0.00106
107 300 0.00107
108 300 0.00108
109 300 0.00109
110 300 0.0011
111 300 0.00111
112 300 0.00112
113 300 0.00113
114 300 0.00114
115 300 0.00115
116 300 0.00116
117 300 0.00117
118 300 0.00118
119 300 0.00119
120 300 0.0012
121 300 0.00121
122 300 0.00122
123 300 0.00123
124 300 0.00124
125 300 0.00125
126 300 0.00126
127 300 0.00127
128 300 0.00128
129 300 0.00129
130 300 0.0013
131 300 0.00131
132 300 0.00132
133 300 0.00133
134 300 0.00134
135 300 0.00135
136 300 0.00136
137 300 0.00137
138 300 0.00138
139 300 0.00139
140 300 0.0014
141 300 0.00141
142 300 0.00142
143 300 0.00143
144 300 0.00144
145 300 0.00145
146 300 0.00146
147 300 0.00147
148 300 0.00148
149 300 0.00149
150 300 0.0015
151 300 0.00151
152 300 0.00152
153 300 0.00153
154 300 0.00154
155 300 0.00155
156 300 0.00156
157 300.0000305175781 0.00157
158 300.0000305175781 0.00158
159 300.0000305175781 0.00159
160 300.0000305175781 0.0016
161 300.0000305175781 0.00161
162 300.0000305175781 0.00162
163 300.0000305175781 0.00163
164 300.0000305175781 0.00164
165 300.0000305175781 0.00165
166 300.0000305175781 0.00166
167 300.0000305175781 0.00167
168 300.0000305175781 0.00168
169 300.0000305175781 0.00169
170 300.0000305175781 0.0017
171 300.0000305175781 0.00171
172 300.0000305175781 0.00172
173 300.0000305175781 0.00173
174 300.0000305175781 0.00174
175 300.0000305175781 0.00175
176 300.0000305175781 0.00176
177 300.0000305175781 0.00177
178 300.0000305175781 0.00178
179 300.0000305175781 0.00179
180 300.0000305175781 0.0018
181 300.0000305175781 0.00181
182 300.0000305175781 0.00182
183 300.0000305175781 0.00183
184 300.0000305175781 0.00184
185 300.0000305175781 0.00185
186 300.0000305175781 0.00186
187 300.0000305175781 0.00187
188 300.0000305175781 0.00188
189 300.0000305175781 0.00189
190 300.0000305175781 0.0019
191 300.0000305175781 0.00191
192 300.0000305175781 0.00196
193 300.0000305175781 0.00201
194 300.0000305175781 0.00206
195 300.0000305175781 0.00211
196 300.0000305175781 0.00216
197 300.0000305175781 0.00221
198 300.0000305175781 0.00226
199 300.0000305175781 0.00231
200 300.0000305175781 0.00236
201 300.0000305175781 0.00241
